{"/mnt/c/users/orono/code/git/tempo1/src/middleware.ts": {"path":"/mnt/c/users/orono/code/git/tempo1/src/middleware.ts","statementMap":{"0":{"start":{"line":5,"column":2},"end":{"line":5,"column":null}},"1":{"start":{"line":8,"column":22},"end":{"line":10,"column":2}}},"fnMap":{"0":{"name":"middleware","decl":{"start":{"line":4,"column":16},"end":{"line":4,"column":27}},"loc":{"start":{"line":4,"column":43},"end":{"line":6,"column":null}}}},"branchMap":{},"s":{"0":0,"1":0},"f":{"0":0},"b":{}}
,"/mnt/c/users/orono/code/git/tempo1/src/app/layout.tsx": {"path":"/mnt/c/users/orono/code/git/tempo1/src/app/layout.tsx","statementMap":{"0":{"start":{"line":6,"column":14},"end":{"line":6,"column":null}},"1":{"start":{"line":8,"column":34},"end":{"line":15,"column":2}}},"fnMap":{"0":{"name":"RootLayout","decl":{"start":{"line":17,"column":24},"end":{"line":17,"column":35}},"loc":{"start":{"line":21,"column":1},"end":{"line":29,"column":null}}}},"branchMap":{},"s":{"0":0,"1":0},"f":{"0":0},"b":{}}
,"/mnt/c/users/orono/code/git/tempo1/src/app/page-simple.tsx": {"path":"/mnt/c/users/orono/code/git/tempo1/src/app/page-simple.tsx","statementMap":{},"fnMap":{"0":{"name":"SimpleHome","decl":{"start":{"line":1,"column":24},"end":{"line":1,"column":null}},"loc":{"start":{"line":1,"column":24},"end":{"line":25,"column":null}}}},"branchMap":{},"s":{},"f":{"0":0},"b":{}}
,"/mnt/c/users/orono/code/git/tempo1/src/app/page.tsx": {"path":"/mnt/c/users/orono/code/git/tempo1/src/app/page.tsx","statementMap":{},"fnMap":{"0":{"name":"HomePage","decl":{"start":{"line":6,"column":24},"end":{"line":6,"column":null}},"loc":{"start":{"line":6,"column":24},"end":{"line":195,"column":null}}}},"branchMap":{},"s":{},"f":{"0":0},"b":{}}
,"/mnt/c/users/orono/code/git/tempo1/src/app/providers.tsx": {"path":"/mnt/c/users/orono/code/git/tempo1/src/app/providers.tsx","statementMap":{"0":{"start":{"line":9,"column":32},"end":{"line":9,"column":null}},"1":{"start":{"line":12,"column":2},"end":{"line":14,"column":null}},"2":{"start":{"line":13,"column":4},"end":{"line":13,"column":null}},"3":{"start":{"line":17,"column":2},"end":{"line":39,"column":null}},"4":{"start":{"line":18,"column":4},"end":{"line":38,"column":null}},"5":{"start":{"line":19,"column":6},"end":{"line":37,"column":null}},"6":{"start":{"line":21,"column":22},"end":{"line":21,"column":null}},"7":{"start":{"line":22,"column":34},"end":{"line":22,"column":91}},"8":{"start":{"line":25,"column":8},"end":{"line":33,"column":null}},"9":{"start":{"line":30,"column":10},"end":{"line":30,"column":null}},"10":{"start":{"line":32,"column":10},"end":{"line":32,"column":null}},"11":{"start":{"line":36,"column":8},"end":{"line":36,"column":null}}},"fnMap":{"0":{"name":"Providers","decl":{"start":{"line":8,"column":16},"end":{"line":8,"column":26}},"loc":{"start":{"line":8,"column":63},"end":{"line":50,"column":null}}},"1":{"name":"(anonymous_1)","decl":{"start":{"line":12,"column":12},"end":{"line":12,"column":null}},"loc":{"start":{"line":12,"column":12},"end":{"line":14,"column":5}}},"2":{"name":"(anonymous_2)","decl":{"start":{"line":17,"column":12},"end":{"line":17,"column":null}},"loc":{"start":{"line":17,"column":12},"end":{"line":39,"column":5}}}},"branchMap":{"0":{"loc":{"start":{"line":18,"column":4},"end":{"line":38,"column":null}},"type":"if","locations":[{"start":{"line":18,"column":4},"end":{"line":38,"column":null}}]},"1":{"loc":{"start":{"line":25,"column":8},"end":{"line":33,"column":null}},"type":"if","locations":[{"start":{"line":25,"column":8},"end":{"line":33,"column":null}},{"start":{"line":31,"column":15},"end":{"line":33,"column":null}}]},"2":{"loc":{"start":{"line":26,"column":10},"end":{"line":28,"column":null}},"type":"binary-expr","locations":[{"start":{"line":26,"column":10},"end":{"line":26,"column":null}},{"start":{"line":27,"column":11},"end":{"line":27,"column":33}},{"start":{"line":27,"column":33},"end":{"line":27,"column":null}},{"start":{"line":28,"column":11},"end":{"line":28,"column":21}},{"start":{"line":28,"column":21},"end":{"line":28,"column":null}}]}},"s":{"0":0,"1":0,"2":0,"3":0,"4":0,"5":0,"6":0,"7":0,"8":0,"9":0,"10":0,"11":0},"f":{"0":0,"1":0,"2":0},"b":{"0":[0],"1":[0,0],"2":[0,0,0,0,0]}}
,"/mnt/c/users/orono/code/git/tempo1/src/app/(auth)/layout.tsx": {"path":"/mnt/c/users/orono/code/git/tempo1/src/app/(auth)/layout.tsx","statementMap":{"0":{"start":{"line":3,"column":34},"end":{"line":6,"column":2}}},"fnMap":{"0":{"name":"AuthLayout","decl":{"start":{"line":8,"column":24},"end":{"line":8,"column":35}},"loc":{"start":{"line":12,"column":1},"end":{"line":18,"column":null}}}},"branchMap":{},"s":{"0":0},"f":{"0":0},"b":{}}
,"/mnt/c/users/orono/code/git/tempo1/src/app/(auth)/login/page.tsx": {"path":"/mnt/c/users/orono/code/git/tempo1/src/app/(auth)/login/page.tsx","statementMap":{"0":{"start":{"line":17,"column":17},"end":{"line":17,"column":null}},"1":{"start":{"line":18,"column":23},"end":{"line":18,"column":null}},"2":{"start":{"line":19,"column":51},"end":{"line":19,"column":null}},"3":{"start":{"line":20,"column":36},"end":{"line":20,"column":null}},"4":{"start":{"line":21,"column":28},"end":{"line":21,"column":null}},"5":{"start":{"line":22,"column":34},"end":{"line":22,"column":null}},"6":{"start":{"line":23,"column":42},"end":{"line":23,"column":null}},"7":{"start":{"line":24,"column":46},"end":{"line":24,"column":null}},"8":{"start":{"line":27,"column":2},"end":{"line":50,"column":null}},"9":{"start":{"line":29,"column":4},"end":{"line":31,"column":null}},"10":{"start":{"line":30,"column":6},"end":{"line":30,"column":null}},"11":{"start":{"line":35,"column":4},"end":{"line":49,"column":null}},"12":{"start":{"line":37,"column":28},"end":{"line":38,"column":null}},"13":{"start":{"line":40,"column":6},"end":{"line":48,"column":null}},"14":{"start":{"line":41,"column":8},"end":{"line":41,"column":null}},"15":{"start":{"line":43,"column":24},"end":{"line":43,"column":46}},"16":{"start":{"line":44,"column":8},"end":{"line":44,"column":null}},"17":{"start":{"line":46,"column":8},"end":{"line":46,"column":null}},"18":{"start":{"line":53,"column":2},"end":{"line":84,"column":null}},"19":{"start":{"line":54,"column":4},"end":{"line":83,"column":null}},"20":{"start":{"line":55,"column":25},"end":{"line":55,"column":null}},"21":{"start":{"line":56,"column":6},"end":{"line":59,"column":null}},"22":{"start":{"line":57,"column":8},"end":{"line":57,"column":null}},"23":{"start":{"line":58,"column":8},"end":{"line":58,"column":null}},"24":{"start":{"line":62,"column":21},"end":{"line":62,"column":null}},"25":{"start":{"line":63,"column":20},"end":{"line":63,"column":null}},"26":{"start":{"line":66,"column":6},"end":{"line":82,"column":null}},"27":{"start":{"line":67,"column":8},"end":{"line":67,"column":null}},"28":{"start":{"line":68,"column":8},"end":{"line":72,"column":null}},"29":{"start":{"line":75,"column":11},"end":{"line":82,"column":null}},"30":{"start":{"line":76,"column":8},"end":{"line":76,"column":null}},"31":{"start":{"line":77,"column":8},"end":{"line":81,"column":null}},"32":{"start":{"line":87,"column":23},"end":{"line":169,"column":null}},"33":{"start":{"line":88,"column":4},"end":{"line":88,"column":null}},"34":{"start":{"line":89,"column":4},"end":{"line":89,"column":null}},"35":{"start":{"line":91,"column":4},"end":{"line":168,"column":null}},"36":{"start":{"line":92,"column":6},"end":{"line":92,"column":null}},"37":{"start":{"line":93,"column":6},"end":{"line":93,"column":null}},"38":{"start":{"line":96,"column":40},"end":{"line":96,"column":null}},"39":{"start":{"line":97,"column":6},"end":{"line":97,"column":null}},"40":{"start":{"line":103,"column":6},"end":{"line":103,"column":null}},"41":{"start":{"line":106,"column":6},"end":{"line":106,"column":null}},"42":{"start":{"line":107,"column":30},"end":{"line":110,"column":null}},"43":{"start":{"line":112,"column":6},"end":{"line":123,"column":null}},"44":{"start":{"line":113,"column":8},"end":{"line":113,"column":null}},"45":{"start":{"line":115,"column":8},"end":{"line":119,"column":null}},"46":{"start":{"line":121,"column":8},"end":{"line":121,"column":null}},"47":{"start":{"line":122,"column":8},"end":{"line":122,"column":null}},"48":{"start":{"line":125,"column":6},"end":{"line":125,"column":null}},"49":{"start":{"line":126,"column":6},"end":{"line":126,"column":null}},"50":{"start":{"line":128,"column":6},"end":{"line":159,"column":null}},"51":{"start":{"line":129,"column":8},"end":{"line":129,"column":null}},"52":{"start":{"line":130,"column":8},"end":{"line":130,"column":null}},"53":{"start":{"line":131,"column":8},"end":{"line":131,"column":null}},"54":{"start":{"line":133,"column":8},"end":{"line":136,"column":null}},"55":{"start":{"line":139,"column":8},"end":{"line":139,"column":null}},"56":{"start":{"line":140,"column":8},"end":{"line":140,"column":null}},"57":{"start":{"line":140,"column":37},"end":{"line":140,"column":null}},"58":{"start":{"line":143,"column":40},"end":{"line":143,"column":null}},"59":{"start":{"line":144,"column":8},"end":{"line":144,"column":null}},"60":{"start":{"line":146,"column":8},"end":{"line":146,"column":null}},"61":{"start":{"line":150,"column":8},"end":{"line":150,"column":null}},"62":{"start":{"line":152,"column":8},"end":{"line":152,"column":null}},"63":{"start":{"line":153,"column":8},"end":{"line":157,"column":null}},"64":{"start":{"line":158,"column":8},"end":{"line":158,"column":null}},"65":{"start":{"line":161,"column":6},"end":{"line":161,"column":null}},"66":{"start":{"line":162,"column":6},"end":{"line":166,"column":null}},"67":{"start":{"line":167,"column":6},"end":{"line":167,"column":null}},"68":{"start":{"line":172,"column":31},"end":{"line":211,"column":null}},"69":{"start":{"line":173,"column":4},"end":{"line":210,"column":null}},"70":{"start":{"line":174,"column":6},"end":{"line":174,"column":null}},"71":{"start":{"line":177,"column":6},"end":{"line":177,"column":null}},"72":{"start":{"line":180,"column":6},"end":{"line":184,"column":null}},"73":{"start":{"line":181,"column":8},"end":{"line":181,"column":null}},"74":{"start":{"line":182,"column":8},"end":{"line":182,"column":null}},"75":{"start":{"line":183,"column":8},"end":{"line":183,"column":53}},"76":{"start":{"line":187,"column":6},"end":{"line":190,"column":null}},"77":{"start":{"line":188,"column":8},"end":{"line":188,"column":null}},"78":{"start":{"line":189,"column":8},"end":{"line":189,"column":null}},"79":{"start":{"line":193,"column":6},"end":{"line":196,"column":null}},"80":{"start":{"line":199,"column":6},"end":{"line":199,"column":null}},"81":{"start":{"line":199,"column":35},"end":{"line":199,"column":null}},"82":{"start":{"line":202,"column":6},"end":{"line":202,"column":null}},"83":{"start":{"line":204,"column":6},"end":{"line":204,"column":null}},"84":{"start":{"line":205,"column":6},"end":{"line":209,"column":null}},"85":{"start":{"line":214,"column":2},"end":{"line":223,"column":null}},"86":{"start":{"line":291,"column":33},"end":{"line":291,"column":null}},"87":{"start":{"line":312,"column":33},"end":{"line":312,"column":null}}},"fnMap":{"0":{"name":"LoginPage","decl":{"start":{"line":16,"column":24},"end":{"line":16,"column":null}},"loc":{"start":{"line":16,"column":24},"end":{"line":383,"column":null}}},"1":{"name":"(anonymous_1)","decl":{"start":{"line":27,"column":12},"end":{"line":27,"column":null}},"loc":{"start":{"line":27,"column":12},"end":{"line":50,"column":5}}},"2":{"name":"(anonymous_2)","decl":{"start":{"line":53,"column":12},"end":{"line":53,"column":null}},"loc":{"start":{"line":53,"column":12},"end":{"line":84,"column":5}}},"3":{"name":"(anonymous_3)","decl":{"start":{"line":87,"column":23},"end":{"line":87,"column":30}},"loc":{"start":{"line":87,"column":30},"end":{"line":169,"column":null}}},"4":{"name":"(anonymous_4)","decl":{"start":{"line":140,"column":26},"end":{"line":140,"column":37}},"loc":{"start":{"line":140,"column":37},"end":{"line":140,"column":null}}},"5":{"name":"(anonymous_5)","decl":{"start":{"line":172,"column":31},"end":{"line":172,"column":null}},"loc":{"start":{"line":172,"column":31},"end":{"line":211,"column":null}}},"6":{"name":"(anonymous_6)","decl":{"start":{"line":199,"column":24},"end":{"line":199,"column":35}},"loc":{"start":{"line":199,"column":35},"end":{"line":199,"column":null}}},"7":{"name":"(anonymous_7)","decl":{"start":{"line":291,"column":26},"end":{"line":291,"column":27}},"loc":{"start":{"line":291,"column":33},"end":{"line":291,"column":null}}},"8":{"name":"(anonymous_8)","decl":{"start":{"line":312,"column":26},"end":{"line":312,"column":27}},"loc":{"start":{"line":312,"column":33},"end":{"line":312,"column":null}}}},"branchMap":{"0":{"loc":{"start":{"line":29,"column":4},"end":{"line":31,"column":null}},"type":"if","locations":[{"start":{"line":29,"column":4},"end":{"line":31,"column":null}}]},"1":{"loc":{"start":{"line":35,"column":4},"end":{"line":49,"column":null}},"type":"if","locations":[{"start":{"line":35,"column":4},"end":{"line":49,"column":null}}]},"2":{"loc":{"start":{"line":35,"column":8},"end":{"line":35,"column":30}},"type":"binary-expr","locations":[{"start":{"line":35,"column":8},"end":{"line":35,"column":16}},{"start":{"line":35,"column":16},"end":{"line":35,"column":30}}]},"3":{"loc":{"start":{"line":37,"column":28},"end":{"line":38,"column":null}},"type":"binary-expr","locations":[{"start":{"line":37,"column":28},"end":{"line":37,"column":48}},{"start":{"line":38,"column":9},"end":{"line":38,"column":null}}]},"4":{"loc":{"start":{"line":40,"column":6},"end":{"line":48,"column":null}},"type":"if","locations":[{"start":{"line":40,"column":6},"end":{"line":48,"column":null}},{"start":{"line":45,"column":13},"end":{"line":48,"column":null}}]},"5":{"loc":{"start":{"line":54,"column":4},"end":{"line":83,"column":null}},"type":"if","locations":[{"start":{"line":54,"column":4},"end":{"line":83,"column":null}}]},"6":{"loc":{"start":{"line":56,"column":6},"end":{"line":59,"column":null}},"type":"if","locations":[{"start":{"line":56,"column":6},"end":{"line":59,"column":null}}]},"7":{"loc":{"start":{"line":66,"column":6},"end":{"line":82,"column":null}},"type":"if","locations":[{"start":{"line":66,"column":6},"end":{"line":82,"column":null}},{"start":{"line":75,"column":11},"end":{"line":82,"column":null}}]},"8":{"loc":{"start":{"line":75,"column":11},"end":{"line":82,"column":null}},"type":"if","locations":[{"start":{"line":75,"column":11},"end":{"line":82,"column":null}}]},"9":{"loc":{"start":{"line":97,"column":46},"end":{"line":97,"column":null}},"type":"cond-expr","locations":[{"start":{"line":97,"column":72},"end":{"line":97,"column":91}},{"start":{"line":97,"column":91},"end":{"line":97,"column":null}}]},"10":{"loc":{"start":{"line":112,"column":6},"end":{"line":123,"column":null}},"type":"if","locations":[{"start":{"line":112,"column":6},"end":{"line":123,"column":null}}]},"11":{"loc":{"start":{"line":118,"column":23},"end":{"line":118,"column":null}},"type":"binary-expr","locations":[{"start":{"line":118,"column":23},"end":{"line":118,"column":36}},{"start":{"line":118,"column":40},"end":{"line":118,"column":null}}]},"12":{"loc":{"start":{"line":128,"column":6},"end":{"line":159,"column":null}},"type":"if","locations":[{"start":{"line":128,"column":6},"end":{"line":159,"column":null}},{"start":{"line":151,"column":13},"end":{"line":159,"column":null}}]},"13":{"loc":{"start":{"line":129,"column":20},"end":{"line":129,"column":45}},"type":"cond-expr","locations":[{"start":{"line":129,"column":29},"end":{"line":129,"column":34}},{"start":{"line":129,"column":29},"end":{"line":129,"column":45}}]},"14":{"loc":{"start":{"line":129,"column":20},"end":{"line":129,"column":34}},"type":"binary-expr","locations":[{"start":{"line":129,"column":20},"end":{"line":129,"column":40}},{"start":{"line":129,"column":29},"end":{"line":129,"column":34}}]},"15":{"loc":{"start":{"line":131,"column":41},"end":{"line":131,"column":null}},"type":"cond-expr","locations":[{"start":{"line":131,"column":67},"end":{"line":131,"column":124}},{"start":{"line":131,"column":124},"end":{"line":131,"column":null}}]},"16":{"loc":{"start":{"line":144,"column":49},"end":{"line":144,"column":null}},"type":"cond-expr","locations":[{"start":{"line":144,"column":73},"end":{"line":144,"column":92}},{"start":{"line":144,"column":92},"end":{"line":144,"column":null}}]},"17":{"loc":{"start":{"line":165,"column":21},"end":{"line":165,"column":null}},"type":"cond-expr","locations":[{"start":{"line":165,"column":44},"end":{"line":165,"column":55}},{"start":{"line":165,"column":58},"end":{"line":165,"column":null}}]},"18":{"loc":{"start":{"line":180,"column":6},"end":{"line":184,"column":null}},"type":"if","locations":[{"start":{"line":180,"column":6},"end":{"line":184,"column":null}}]},"19":{"loc":{"start":{"line":187,"column":6},"end":{"line":190,"column":null}},"type":"if","locations":[{"start":{"line":187,"column":6},"end":{"line":190,"column":null}}]},"20":{"loc":{"start":{"line":214,"column":2},"end":{"line":223,"column":null}},"type":"if","locations":[{"start":{"line":214,"column":2},"end":{"line":223,"column":null}}]},"21":{"loc":{"start":{"line":247,"column":11},"end":{"line":247,"column":null}},"type":"binary-expr","locations":[{"start":{"line":247,"column":11},"end":{"line":247,"column":null}}]},"22":{"loc":{"start":{"line":333,"column":15},"end":{"line":333,"column":null}},"type":"cond-expr","locations":[{"start":{"line":333,"column":27},"end":{"line":333,"column":45}},{"start":{"line":333,"column":45},"end":{"line":333,"column":null}}]}},"s":{"0":0,"1":0,"2":0,"3":0,"4":0,"5":0,"6":0,"7":0,"8":0,"9":0,"10":0,"11":0,"12":0,"13":0,"14":0,"15":0,"16":0,"17":0,"18":0,"19":0,"20":0,"21":0,"22":0,"23":0,"24":0,"25":0,"26":0,"27":0,"28":0,"29":0,"30":0,"31":0,"32":0,"33":0,"34":0,"35":0,"36":0,"37":0,"38":0,"39":0,"40":0,"41":0,"42":0,"43":0,"44":0,"45":0,"46":0,"47":0,"48":0,"49":0,"50":0,"51":0,"52":0,"53":0,"54":0,"55":0,"56":0,"57":0,"58":0,"59":0,"60":0,"61":0,"62":0,"63":0,"64":0,"65":0,"66":0,"67":0,"68":0,"69":0,"70":0,"71":0,"72":0,"73":0,"74":0,"75":0,"76":0,"77":0,"78":0,"79":0,"80":0,"81":0,"82":0,"83":0,"84":0,"85":0,"86":0,"87":0},"f":{"0":0,"1":0,"2":0,"3":0,"4":0,"5":0,"6":0,"7":0,"8":0},"b":{"0":[0],"1":[0],"2":[0,0],"3":[0,0],"4":[0,0],"5":[0],"6":[0],"7":[0,0],"8":[0],"9":[0,0],"10":[0],"11":[0,0],"12":[0,0],"13":[0,0],"14":[0,0],"15":[0,0],"16":[0,0],"17":[0,0],"18":[0],"19":[0],"20":[0],"21":[0],"22":[0,0]}}
,"/mnt/c/users/orono/code/git/tempo1/src/app/(auth)/login/simple-page.tsx": {"path":"/mnt/c/users/orono/code/git/tempo1/src/app/(auth)/login/simple-page.tsx","statementMap":{},"fnMap":{"0":{"name":"SimpleLoginPage","decl":{"start":{"line":5,"column":24},"end":{"line":5,"column":null}},"loc":{"start":{"line":5,"column":24},"end":{"line":46,"column":null}}}},"branchMap":{},"s":{},"f":{"0":0},"b":{}}
,"/mnt/c/users/orono/code/git/tempo1/src/app/(auth)/reset-password/page.tsx": {"path":"/mnt/c/users/orono/code/git/tempo1/src/app/(auth)/reset-password/page.tsx","statementMap":{"0":{"start":{"line":14,"column":28},"end":{"line":14,"column":null}},"1":{"start":{"line":15,"column":36},"end":{"line":15,"column":null}},"2":{"start":{"line":16,"column":40},"end":{"line":16,"column":null}},"3":{"start":{"line":18,"column":23},"end":{"line":49,"column":null}},"4":{"start":{"line":19,"column":4},"end":{"line":19,"column":null}},"5":{"start":{"line":20,"column":4},"end":{"line":20,"column":null}},"6":{"start":{"line":22,"column":4},"end":{"line":48,"column":null}},"7":{"start":{"line":23,"column":24},"end":{"line":25,"column":null}},"8":{"start":{"line":27,"column":6},"end":{"line":39,"column":null}},"9":{"start":{"line":28,"column":8},"end":{"line":32,"column":null}},"10":{"start":{"line":34,"column":8},"end":{"line":34,"column":null}},"11":{"start":{"line":35,"column":8},"end":{"line":38,"column":null}},"12":{"start":{"line":41,"column":6},"end":{"line":45,"column":null}},"13":{"start":{"line":47,"column":6},"end":{"line":47,"column":null}},"14":{"start":{"line":79,"column":35},"end":{"line":79,"column":null}},"15":{"start":{"line":103,"column":31},"end":{"line":103,"column":null}}},"fnMap":{"0":{"name":"ResetPasswordPage","decl":{"start":{"line":13,"column":24},"end":{"line":13,"column":null}},"loc":{"start":{"line":13,"column":24},"end":{"line":124,"column":null}}},"1":{"name":"(anonymous_1)","decl":{"start":{"line":18,"column":23},"end":{"line":18,"column":30}},"loc":{"start":{"line":18,"column":30},"end":{"line":49,"column":null}}},"2":{"name":"(anonymous_2)","decl":{"start":{"line":79,"column":28},"end":{"line":79,"column":29}},"loc":{"start":{"line":79,"column":35},"end":{"line":79,"column":null}}},"3":{"name":"(anonymous_3)","decl":{"start":{"line":103,"column":25},"end":{"line":103,"column":31}},"loc":{"start":{"line":103,"column":31},"end":{"line":103,"column":null}}}},"branchMap":{"0":{"loc":{"start":{"line":27,"column":6},"end":{"line":39,"column":null}},"type":"if","locations":[{"start":{"line":27,"column":6},"end":{"line":39,"column":null}},{"start":{"line":33,"column":13},"end":{"line":39,"column":null}}]},"1":{"loc":{"start":{"line":69,"column":12},"end":{"line":92,"column":13}},"type":"cond-expr","locations":[{"start":{"line":69,"column":12},"end":{"line":92,"column":13}}]},"2":{"loc":{"start":{"line":88,"column":17},"end":{"line":88,"column":null}},"type":"cond-expr","locations":[{"start":{"line":88,"column":29},"end":{"line":88,"column":55}},{"start":{"line":88,"column":55},"end":{"line":88,"column":null}}]}},"s":{"0":0,"1":0,"2":0,"3":0,"4":0,"5":0,"6":0,"7":0,"8":0,"9":0,"10":0,"11":0,"12":0,"13":0,"14":0,"15":0},"f":{"0":0,"1":0,"2":0,"3":0},"b":{"0":[0,0],"1":[0],"2":[0,0]}}
,"/mnt/c/users/orono/code/git/tempo1/src/app/(auth)/signup/page.tsx": {"path":"/mnt/c/users/orono/code/git/tempo1/src/app/(auth)/signup/page.tsx","statementMap":{"0":{"start":{"line":14,"column":17},"end":{"line":14,"column":null}},"1":{"start":{"line":15,"column":21},"end":{"line":15,"column":null}},"2":{"start":{"line":16,"column":36},"end":{"line":16,"column":null}},"3":{"start":{"line":17,"column":28},"end":{"line":17,"column":null}},"4":{"start":{"line":18,"column":34},"end":{"line":18,"column":null}},"5":{"start":{"line":19,"column":48},"end":{"line":19,"column":null}},"6":{"start":{"line":21,"column":23},"end":{"line":65,"column":null}},"7":{"start":{"line":22,"column":4},"end":{"line":22,"column":null}},"8":{"start":{"line":24,"column":4},"end":{"line":31,"column":null}},"9":{"start":{"line":25,"column":6},"end":{"line":29,"column":null}},"10":{"start":{"line":30,"column":6},"end":{"line":30,"column":null}},"11":{"start":{"line":33,"column":4},"end":{"line":33,"column":null}},"12":{"start":{"line":35,"column":4},"end":{"line":64,"column":null}},"13":{"start":{"line":36,"column":30},"end":{"line":36,"column":null}},"14":{"start":{"line":38,"column":6},"end":{"line":55,"column":null}},"15":{"start":{"line":39,"column":8},"end":{"line":43,"column":null}},"16":{"start":{"line":45,"column":8},"end":{"line":48,"column":null}},"17":{"start":{"line":50,"column":8},"end":{"line":54,"column":null}},"18":{"start":{"line":51,"column":10},"end":{"line":51,"column":null}},"19":{"start":{"line":53,"column":10},"end":{"line":53,"column":null}},"20":{"start":{"line":57,"column":6},"end":{"line":61,"column":null}},"21":{"start":{"line":63,"column":6},"end":{"line":63,"column":null}},"22":{"start":{"line":94,"column":33},"end":{"line":94,"column":null}},"23":{"start":{"line":107,"column":33},"end":{"line":107,"column":null}},"24":{"start":{"line":123,"column":33},"end":{"line":123,"column":null}}},"fnMap":{"0":{"name":"SignupPage","decl":{"start":{"line":13,"column":24},"end":{"line":13,"column":null}},"loc":{"start":{"line":13,"column":24},"end":{"line":183,"column":null}}},"1":{"name":"(anonymous_1)","decl":{"start":{"line":21,"column":23},"end":{"line":21,"column":30}},"loc":{"start":{"line":21,"column":30},"end":{"line":65,"column":null}}},"2":{"name":"(anonymous_2)","decl":{"start":{"line":94,"column":26},"end":{"line":94,"column":27}},"loc":{"start":{"line":94,"column":33},"end":{"line":94,"column":null}}},"3":{"name":"(anonymous_3)","decl":{"start":{"line":107,"column":26},"end":{"line":107,"column":27}},"loc":{"start":{"line":107,"column":33},"end":{"line":107,"column":null}}},"4":{"name":"(anonymous_4)","decl":{"start":{"line":123,"column":26},"end":{"line":123,"column":27}},"loc":{"start":{"line":123,"column":33},"end":{"line":123,"column":null}}}},"branchMap":{"0":{"loc":{"start":{"line":24,"column":4},"end":{"line":31,"column":null}},"type":"if","locations":[{"start":{"line":24,"column":4},"end":{"line":31,"column":null}}]},"1":{"loc":{"start":{"line":38,"column":6},"end":{"line":55,"column":null}},"type":"if","locations":[{"start":{"line":38,"column":6},"end":{"line":55,"column":null}},{"start":{"line":44,"column":13},"end":{"line":55,"column":null}}]},"2":{"loc":{"start":{"line":50,"column":8},"end":{"line":54,"column":null}},"type":"if","locations":[{"start":{"line":50,"column":8},"end":{"line":54,"column":null}},{"start":{"line":52,"column":15},"end":{"line":54,"column":null}}]},"3":{"loc":{"start":{"line":50,"column":12},"end":{"line":50,"column":55}},"type":"binary-expr","locations":[{"start":{"line":50,"column":12},"end":{"line":50,"column":22}},{"start":{"line":50,"column":26},"end":{"line":50,"column":55}}]},"4":{"loc":{"start":{"line":50,"column":12},"end":{"line":50,"column":22}},"type":"cond-expr","locations":[{"start":{"line":50,"column":12},"end":{"line":50,"column":18}},{"start":{"line":50,"column":12},"end":{"line":50,"column":22}}]},"5":{"loc":{"start":{"line":50,"column":12},"end":{"line":50,"column":18}},"type":"binary-expr","locations":[{"start":{"line":50,"column":12},"end":{"line":50,"column":18}},{"start":{"line":50,"column":12},"end":{"line":50,"column":18}}]},"6":{"loc":{"start":{"line":133,"column":15},"end":{"line":133,"column":null}},"type":"cond-expr","locations":[{"start":{"line":133,"column":27},"end":{"line":133,"column":51}},{"start":{"line":133,"column":51},"end":{"line":133,"column":null}}]}},"s":{"0":0,"1":0,"2":0,"3":0,"4":0,"5":0,"6":0,"7":0,"8":0,"9":0,"10":0,"11":0,"12":0,"13":0,"14":0,"15":0,"16":0,"17":0,"18":0,"19":0,"20":0,"21":0,"22":0,"23":0,"24":0},"f":{"0":0,"1":0,"2":0,"3":0,"4":0},"b":{"0":[0],"1":[0,0],"2":[0,0],"3":[0,0],"4":[0,0],"5":[0,0],"6":[0,0]}}
,"/mnt/c/users/orono/code/git/tempo1/src/app/(auth)/update-password/page.tsx": {"path":"/mnt/c/users/orono/code/git/tempo1/src/app/(auth)/update-password/page.tsx","statementMap":{"0":{"start":{"line":15,"column":17},"end":{"line":15,"column":null}},"1":{"start":{"line":16,"column":34},"end":{"line":16,"column":null}},"2":{"start":{"line":17,"column":48},"end":{"line":17,"column":null}},"3":{"start":{"line":18,"column":36},"end":{"line":18,"column":null}},"4":{"start":{"line":19,"column":28},"end":{"line":19,"column":null}},"5":{"start":{"line":21,"column":2},"end":{"line":38,"column":null}},"6":{"start":{"line":23,"column":25},"end":{"line":35,"column":null}},"7":{"start":{"line":24,"column":36},"end":{"line":24,"column":null}},"8":{"start":{"line":27,"column":6},"end":{"line":34,"column":null}},"9":{"start":{"line":28,"column":8},"end":{"line":32,"column":null}},"10":{"start":{"line":33,"column":8},"end":{"line":33,"column":null}},"11":{"start":{"line":37,"column":4},"end":{"line":37,"column":null}},"12":{"start":{"line":40,"column":23},"end":{"line":88,"column":null}},"13":{"start":{"line":41,"column":4},"end":{"line":41,"column":null}},"14":{"start":{"line":42,"column":4},"end":{"line":42,"column":null}},"15":{"start":{"line":44,"column":4},"end":{"line":47,"column":null}},"16":{"start":{"line":45,"column":6},"end":{"line":45,"column":null}},"17":{"start":{"line":46,"column":6},"end":{"line":46,"column":null}},"18":{"start":{"line":49,"column":4},"end":{"line":52,"column":null}},"19":{"start":{"line":50,"column":6},"end":{"line":50,"column":null}},"20":{"start":{"line":51,"column":6},"end":{"line":51,"column":null}},"21":{"start":{"line":54,"column":4},"end":{"line":54,"column":null}},"22":{"start":{"line":56,"column":4},"end":{"line":87,"column":null}},"23":{"start":{"line":57,"column":24},"end":{"line":59,"column":null}},"24":{"start":{"line":61,"column":6},"end":{"line":78,"column":null}},"25":{"start":{"line":62,"column":8},"end":{"line":66,"column":null}},"26":{"start":{"line":67,"column":8},"end":{"line":67,"column":null}},"27":{"start":{"line":69,"column":8},"end":{"line":72,"column":null}},"28":{"start":{"line":75,"column":8},"end":{"line":77,"column":null}},"29":{"start":{"line":76,"column":10},"end":{"line":76,"column":null}},"30":{"start":{"line":80,"column":6},"end":{"line":84,"column":null}},"31":{"start":{"line":86,"column":6},"end":{"line":86,"column":null}},"32":{"start":{"line":127,"column":33},"end":{"line":127,"column":null}},"33":{"start":{"line":143,"column":33},"end":{"line":143,"column":null}}},"fnMap":{"0":{"name":"UpdatePasswordPage","decl":{"start":{"line":14,"column":24},"end":{"line":14,"column":null}},"loc":{"start":{"line":14,"column":24},"end":{"line":169,"column":null}}},"1":{"name":"(anonymous_1)","decl":{"start":{"line":21,"column":12},"end":{"line":21,"column":null}},"loc":{"start":{"line":21,"column":12},"end":{"line":38,"column":5}}},"2":{"name":"(anonymous_2)","decl":{"start":{"line":23,"column":25},"end":{"line":23,"column":null}},"loc":{"start":{"line":23,"column":25},"end":{"line":35,"column":null}}},"3":{"name":"(anonymous_3)","decl":{"start":{"line":40,"column":23},"end":{"line":40,"column":30}},"loc":{"start":{"line":40,"column":30},"end":{"line":88,"column":null}}},"4":{"name":"(anonymous_4)","decl":{"start":{"line":75,"column":19},"end":{"line":75,"column":null}},"loc":{"start":{"line":75,"column":19},"end":{"line":77,"column":11}}},"5":{"name":"(anonymous_5)","decl":{"start":{"line":127,"column":26},"end":{"line":127,"column":27}},"loc":{"start":{"line":127,"column":33},"end":{"line":127,"column":null}}},"6":{"name":"(anonymous_6)","decl":{"start":{"line":143,"column":26},"end":{"line":143,"column":27}},"loc":{"start":{"line":143,"column":33},"end":{"line":143,"column":null}}}},"branchMap":{"0":{"loc":{"start":{"line":27,"column":6},"end":{"line":34,"column":null}},"type":"if","locations":[{"start":{"line":27,"column":6},"end":{"line":34,"column":null}}]},"1":{"loc":{"start":{"line":27,"column":10},"end":{"line":27,"column":43}},"type":"binary-expr","locations":[{"start":{"line":27,"column":10},"end":{"line":27,"column":22}},{"start":{"line":27,"column":22},"end":{"line":27,"column":43}}]},"2":{"loc":{"start":{"line":44,"column":4},"end":{"line":47,"column":null}},"type":"if","locations":[{"start":{"line":44,"column":4},"end":{"line":47,"column":null}}]},"3":{"loc":{"start":{"line":49,"column":4},"end":{"line":52,"column":null}},"type":"if","locations":[{"start":{"line":49,"column":4},"end":{"line":52,"column":null}}]},"4":{"loc":{"start":{"line":61,"column":6},"end":{"line":78,"column":null}},"type":"if","locations":[{"start":{"line":61,"column":6},"end":{"line":78,"column":null}},{"start":{"line":68,"column":13},"end":{"line":78,"column":null}}]},"5":{"loc":{"start":{"line":107,"column":11},"end":{"line":107,"column":null}},"type":"binary-expr","locations":[{"start":{"line":107,"column":11},"end":{"line":107,"column":null}}]},"6":{"loc":{"start":{"line":152,"column":15},"end":{"line":152,"column":null}},"type":"cond-expr","locations":[{"start":{"line":152,"column":27},"end":{"line":152,"column":52}},{"start":{"line":152,"column":52},"end":{"line":152,"column":null}}]}},"s":{"0":0,"1":0,"2":0,"3":0,"4":0,"5":0,"6":0,"7":0,"8":0,"9":0,"10":0,"11":0,"12":0,"13":0,"14":0,"15":0,"16":0,"17":0,"18":0,"19":0,"20":0,"21":0,"22":0,"23":0,"24":0,"25":0,"26":0,"27":0,"28":0,"29":0,"30":0,"31":0,"32":0,"33":0},"f":{"0":0,"1":0,"2":0,"3":0,"4":0,"5":0,"6":0},"b":{"0":[0],"1":[0,0],"2":[0],"3":[0],"4":[0,0],"5":[0],"6":[0,0]}}
,"/mnt/c/users/orono/code/git/tempo1/src/app/(auth)/verify-email/page.tsx": {"path":"/mnt/c/users/orono/code/git/tempo1/src/app/(auth)/verify-email/page.tsx","statementMap":{"0":{"start":{"line":14,"column":17},"end":{"line":14,"column":null}},"1":{"start":{"line":15,"column":19},"end":{"line":15,"column":null}},"2":{"start":{"line":16,"column":28},"end":{"line":16,"column":null}},"3":{"start":{"line":17,"column":40},"end":{"line":17,"column":null}},"4":{"start":{"line":18,"column":38},"end":{"line":18,"column":null}},"5":{"start":{"line":21,"column":2},"end":{"line":41,"column":null}},"6":{"start":{"line":22,"column":25},"end":{"line":38,"column":null}},"7":{"start":{"line":23,"column":36},"end":{"line":23,"column":null}},"8":{"start":{"line":25,"column":6},"end":{"line":37,"column":null}},"9":{"start":{"line":26,"column":8},"end":{"line":26,"column":null}},"10":{"start":{"line":28,"column":8},"end":{"line":28,"column":null}},"11":{"start":{"line":31,"column":8},"end":{"line":36,"column":null}},"12":{"start":{"line":32,"column":10},"end":{"line":32,"column":null}},"13":{"start":{"line":33,"column":10},"end":{"line":35,"column":null}},"14":{"start":{"line":34,"column":12},"end":{"line":34,"column":null}},"15":{"start":{"line":40,"column":4},"end":{"line":40,"column":null}},"16":{"start":{"line":43,"column":28},"end":{"line":75,"column":null}},"17":{"start":{"line":44,"column":4},"end":{"line":44,"column":null}},"18":{"start":{"line":44,"column":16},"end":{"line":44,"column":null}},"19":{"start":{"line":46,"column":4},"end":{"line":46,"column":null}},"20":{"start":{"line":48,"column":4},"end":{"line":74,"column":null}},"21":{"start":{"line":49,"column":24},"end":{"line":52,"column":null}},"22":{"start":{"line":54,"column":6},"end":{"line":65,"column":null}},"23":{"start":{"line":55,"column":8},"end":{"line":59,"column":null}},"24":{"start":{"line":61,"column":8},"end":{"line":64,"column":null}},"25":{"start":{"line":67,"column":6},"end":{"line":71,"column":null}},"26":{"start":{"line":73,"column":6},"end":{"line":73,"column":null}},"27":{"start":{"line":112,"column":31},"end":{"line":112,"column":null}}},"fnMap":{"0":{"name":"VerifyEmailPage","decl":{"start":{"line":13,"column":24},"end":{"line":13,"column":null}},"loc":{"start":{"line":13,"column":24},"end":{"line":150,"column":null}}},"1":{"name":"(anonymous_1)","decl":{"start":{"line":21,"column":12},"end":{"line":21,"column":null}},"loc":{"start":{"line":21,"column":12},"end":{"line":41,"column":5}}},"2":{"name":"(anonymous_2)","decl":{"start":{"line":22,"column":25},"end":{"line":22,"column":null}},"loc":{"start":{"line":22,"column":25},"end":{"line":38,"column":null}}},"3":{"name":"(anonymous_3)","decl":{"start":{"line":33,"column":21},"end":{"line":33,"column":null}},"loc":{"start":{"line":33,"column":21},"end":{"line":35,"column":13}}},"4":{"name":"(anonymous_4)","decl":{"start":{"line":43,"column":28},"end":{"line":43,"column":null}},"loc":{"start":{"line":43,"column":28},"end":{"line":75,"column":null}}},"5":{"name":"(anonymous_5)","decl":{"start":{"line":112,"column":25},"end":{"line":112,"column":31}},"loc":{"start":{"line":112,"column":31},"end":{"line":112,"column":null}}}},"branchMap":{"0":{"loc":{"start":{"line":25,"column":6},"end":{"line":37,"column":null}},"type":"if","locations":[{"start":{"line":25,"column":6},"end":{"line":37,"column":null}},{"start":{"line":27,"column":13},"end":{"line":37,"column":null}}]},"1":{"loc":{"start":{"line":28,"column":17},"end":{"line":28,"column":null}},"type":"binary-expr","locations":[{"start":{"line":28,"column":17},"end":{"line":28,"column":35}},{"start":{"line":28,"column":39},"end":{"line":28,"column":null}}]},"2":{"loc":{"start":{"line":31,"column":8},"end":{"line":36,"column":null}},"type":"if","locations":[{"start":{"line":31,"column":8},"end":{"line":36,"column":null}}]},"3":{"loc":{"start":{"line":44,"column":4},"end":{"line":44,"column":null}},"type":"if","locations":[{"start":{"line":44,"column":4},"end":{"line":44,"column":null}}]},"4":{"loc":{"start":{"line":54,"column":6},"end":{"line":65,"column":null}},"type":"if","locations":[{"start":{"line":54,"column":6},"end":{"line":65,"column":null}},{"start":{"line":60,"column":13},"end":{"line":65,"column":null}}]},"5":{"loc":{"start":{"line":89,"column":13},"end":{"line":89,"column":null}},"type":"cond-expr","locations":[{"start":{"line":89,"column":26},"end":{"line":89,"column":46}},{"start":{"line":89,"column":46},"end":{"line":89,"column":null}}]},"6":{"loc":{"start":{"line":92,"column":13},"end":{"line":94,"column":null}},"type":"cond-expr","locations":[{"start":{"line":93,"column":16},"end":{"line":93,"column":null}},{"start":{"line":94,"column":16},"end":{"line":94,"column":null}}]},"7":{"loc":{"start":{"line":100,"column":16},"end":{"line":101,"column":17}},"type":"cond-expr","locations":[{"start":{"line":100,"column":16},"end":{"line":101,"column":17}}]},"8":{"loc":{"start":{"line":106,"column":12},"end":{"line":118,"column":13}},"type":"cond-expr","locations":[{"start":{"line":106,"column":12},"end":{"line":118,"column":13}}]},"9":{"loc":{"start":{"line":132,"column":17},"end":{"line":132,"column":null}},"type":"cond-expr","locations":[{"start":{"line":132,"column":31},"end":{"line":132,"column":48}},{"start":{"line":132,"column":48},"end":{"line":132,"column":null}}]}},"s":{"0":0,"1":0,"2":0,"3":0,"4":0,"5":0,"6":0,"7":0,"8":0,"9":0,"10":0,"11":0,"12":0,"13":0,"14":0,"15":0,"16":0,"17":0,"18":0,"19":0,"20":0,"21":0,"22":0,"23":0,"24":0,"25":0,"26":0,"27":0},"f":{"0":0,"1":0,"2":0,"3":0,"4":0,"5":0},"b":{"0":[0,0],"1":[0,0],"2":[0],"3":[0],"4":[0,0],"5":[0,0],"6":[0,0],"7":[0],"8":[0],"9":[0,0]}}
,"/mnt/c/users/orono/code/git/tempo1/src/app/(dashboard)/error-boundary.tsx": {"path":"/mnt/c/users/orono/code/git/tempo1/src/app/(dashboard)/error-boundary.tsx","statementMap":{"0":{"start":{"line":13,"column":25},"end":{"line":36,"column":null}},"1":{"start":{"line":38,"column":58},"end":{"line":61,"column":null}},"2":{"start":{"line":39,"column":22},"end":{"line":42,"column":null}},"3":{"start":{"line":41,"column":4},"end":{"line":41,"column":null}},"4":{"start":{"line":48,"column":6},"end":{"line":48,"column":null}},"5":{"start":{"line":56,"column":21},"end":{"line":56,"column":null}}},"fnMap":{"0":{"name":"(anonymous_0)","decl":{"start":{"line":13,"column":25},"end":{"line":13,"column":26}},"loc":{"start":{"line":13,"column":84},"end":{"line":36,"column":null}}},"1":{"name":"(anonymous_1)","decl":{"start":{"line":38,"column":58},"end":{"line":38,"column":59}},"loc":{"start":{"line":38,"column":71},"end":{"line":61,"column":null}}},"2":{"name":"(anonymous_2)","decl":{"start":{"line":39,"column":22},"end":{"line":39,"column":23}},"loc":{"start":{"line":39,"column":23},"end":{"line":42,"column":null}}},"3":{"name":"(anonymous_3)","decl":{"start":{"line":46,"column":42},"end":{"line":46,"column":null}},"loc":{"start":{"line":46,"column":42},"end":{"line":49,"column":null}}},"4":{"name":"(anonymous_4)","decl":{"start":{"line":56,"column":15},"end":{"line":56,"column":21}},"loc":{"start":{"line":56,"column":21},"end":{"line":56,"column":null}}}},"branchMap":{},"s":{"0":0,"1":0,"2":0,"3":0,"4":0,"5":0},"f":{"0":0,"1":0,"2":0,"3":0,"4":0},"b":{}}
,"/mnt/c/users/orono/code/git/tempo1/src/app/(dashboard)/layout.tsx": {"path":"/mnt/c/users/orono/code/git/tempo1/src/app/(dashboard)/layout.tsx","statementMap":{"0":{"start":{"line":11,"column":50},"end":{"line":11,"column":null}},"1":{"start":{"line":12,"column":46},"end":{"line":12,"column":null}},"2":{"start":{"line":13,"column":48},"end":{"line":13,"column":null}},"3":{"start":{"line":14,"column":50},"end":{"line":14,"column":null}},"4":{"start":{"line":15,"column":25},"end":{"line":15,"column":null}},"5":{"start":{"line":17,"column":2},"end":{"line":127,"column":null}},"6":{"start":{"line":18,"column":4},"end":{"line":18,"column":null}},"7":{"start":{"line":21,"column":23},"end":{"line":21,"column":null}},"8":{"start":{"line":22,"column":4},"end":{"line":22,"column":null}},"9":{"start":{"line":25,"column":22},"end":{"line":29,"column":null}},"10":{"start":{"line":26,"column":6},"end":{"line":28,"column":null}},"11":{"start":{"line":27,"column":8},"end":{"line":27,"column":null}},"12":{"start":{"line":32,"column":24},"end":{"line":32,"column":null}},"13":{"start":{"line":34,"column":22},"end":{"line":83,"column":null}},"14":{"start":{"line":35,"column":6},"end":{"line":82,"column":null}},"15":{"start":{"line":36,"column":8},"end":{"line":36,"column":null}},"16":{"start":{"line":39,"column":26},"end":{"line":39,"column":null}},"17":{"start":{"line":40,"column":26},"end":{"line":40,"column":null}},"18":{"start":{"line":43,"column":8},"end":{"line":48,"column":null}},"19":{"start":{"line":44,"column":10},"end":{"line":44,"column":null}},"20":{"start":{"line":45,"column":10},"end":{"line":45,"column":null}},"21":{"start":{"line":46,"column":10},"end":{"line":46,"column":null}},"22":{"start":{"line":47,"column":10},"end":{"line":47,"column":null}},"23":{"start":{"line":51,"column":8},"end":{"line":54,"column":null}},"24":{"start":{"line":52,"column":10},"end":{"line":52,"column":null}},"25":{"start":{"line":53,"column":10},"end":{"line":53,"column":18}},"26":{"start":{"line":57,"column":8},"end":{"line":76,"column":null}},"27":{"start":{"line":59,"column":10},"end":{"line":59,"column":null}},"28":{"start":{"line":60,"column":34},"end":{"line":60,"column":null}},"29":{"start":{"line":62,"column":10},"end":{"line":66,"column":null}},"30":{"start":{"line":63,"column":12},"end":{"line":63,"column":null}},"31":{"start":{"line":64,"column":12},"end":{"line":64,"column":null}},"32":{"start":{"line":65,"column":12},"end":{"line":65,"column":null}},"33":{"start":{"line":68,"column":10},"end":{"line":72,"column":null}},"34":{"start":{"line":69,"column":12},"end":{"line":69,"column":null}},"35":{"start":{"line":70,"column":12},"end":{"line":70,"column":null}},"36":{"start":{"line":71,"column":12},"end":{"line":71,"column":null}},"37":{"start":{"line":74,"column":10},"end":{"line":74,"column":null}},"38":{"start":{"line":75,"column":10},"end":{"line":75,"column":null}},"39":{"start":{"line":78,"column":8},"end":{"line":78,"column":null}},"40":{"start":{"line":79,"column":8},"end":{"line":79,"column":null}},"41":{"start":{"line":81,"column":8},"end":{"line":81,"column":null}},"42":{"start":{"line":85,"column":34},"end":{"line":115,"column":null}},"43":{"start":{"line":87,"column":6},"end":{"line":114,"column":null}},"44":{"start":{"line":88,"column":25},"end":{"line":88,"column":null}},"45":{"start":{"line":89,"column":8},"end":{"line":89,"column":null}},"46":{"start":{"line":91,"column":8},"end":{"line":94,"column":null}},"47":{"start":{"line":92,"column":10},"end":{"line":92,"column":null}},"48":{"start":{"line":93,"column":10},"end":{"line":93,"column":null}},"49":{"start":{"line":96,"column":8},"end":{"line":96,"column":null}},"50":{"start":{"line":99,"column":8},"end":{"line":105,"column":null}},"51":{"start":{"line":101,"column":10},"end":{"line":101,"column":null}},"52":{"start":{"line":102,"column":10},"end":{"line":102,"column":null}},"53":{"start":{"line":104,"column":10},"end":{"line":104,"column":null}},"54":{"start":{"line":108,"column":26},"end":{"line":108,"column":null}},"55":{"start":{"line":111,"column":8},"end":{"line":111,"column":null}},"56":{"start":{"line":113,"column":8},"end":{"line":113,"column":null}},"57":{"start":{"line":118,"column":27},"end":{"line":120,"column":null}},"58":{"start":{"line":119,"column":6},"end":{"line":119,"column":null}},"59":{"start":{"line":122,"column":4},"end":{"line":126,"column":null}},"60":{"start":{"line":123,"column":6},"end":{"line":123,"column":null}},"61":{"start":{"line":124,"column":6},"end":{"line":124,"column":null}},"62":{"start":{"line":125,"column":6},"end":{"line":125,"column":null}},"63":{"start":{"line":130,"column":2},"end":{"line":180,"column":null}},"64":{"start":{"line":132,"column":4},"end":{"line":179,"column":null}},"65":{"start":{"line":133,"column":6},"end":{"line":133,"column":null}},"66":{"start":{"line":134,"column":6},"end":{"line":134,"column":null}},"67":{"start":{"line":137,"column":28},"end":{"line":163,"column":null}},"68":{"start":{"line":138,"column":8},"end":{"line":138,"column":null}},"69":{"start":{"line":140,"column":8},"end":{"line":162,"column":null}},"70":{"start":{"line":141,"column":34},"end":{"line":141,"column":null}},"71":{"start":{"line":143,"column":10},"end":{"line":147,"column":null}},"72":{"start":{"line":144,"column":12},"end":{"line":144,"column":null}},"73":{"start":{"line":145,"column":12},"end":{"line":145,"column":null}},"74":{"start":{"line":146,"column":12},"end":{"line":146,"column":null}},"75":{"start":{"line":149,"column":10},"end":{"line":153,"column":null}},"76":{"start":{"line":150,"column":12},"end":{"line":150,"column":null}},"77":{"start":{"line":151,"column":12},"end":{"line":151,"column":null}},"78":{"start":{"line":152,"column":12},"end":{"line":152,"column":null}},"79":{"start":{"line":156,"column":10},"end":{"line":156,"column":null}},"80":{"start":{"line":157,"column":10},"end":{"line":157,"column":null}},"81":{"start":{"line":158,"column":10},"end":{"line":158,"column":null}},"82":{"start":{"line":160,"column":10},"end":{"line":160,"column":null}},"83":{"start":{"line":161,"column":10},"end":{"line":161,"column":null}},"84":{"start":{"line":166,"column":30},"end":{"line":171,"column":null}},"85":{"start":{"line":167,"column":8},"end":{"line":167,"column":null}},"86":{"start":{"line":168,"column":24},"end":{"line":168,"column":46}},"87":{"start":{"line":169,"column":26},"end":{"line":169,"column":null}},"88":{"start":{"line":170,"column":8},"end":{"line":170,"column":null}},"89":{"start":{"line":174,"column":28},"end":{"line":176,"column":null}},"90":{"start":{"line":175,"column":8},"end":{"line":175,"column":null}},"91":{"start":{"line":178,"column":6},"end":{"line":178,"column":null}},"92":{"start":{"line":178,"column":19},"end":{"line":178,"column":null}},"93":{"start":{"line":183,"column":2},"end":{"line":185,"column":null}},"94":{"start":{"line":188,"column":2},"end":{"line":194,"column":null}}},"fnMap":{"0":{"name":"Layout","decl":{"start":{"line":10,"column":24},"end":{"line":10,"column":31}},"loc":{"start":{"line":10,"column":74},"end":{"line":205,"column":null}}},"1":{"name":"(anonymous_1)","decl":{"start":{"line":17,"column":12},"end":{"line":17,"column":null}},"loc":{"start":{"line":17,"column":12},"end":{"line":127,"column":5}}},"2":{"name":"(anonymous_2)","decl":{"start":{"line":25,"column":33},"end":{"line":25,"column":null}},"loc":{"start":{"line":25,"column":33},"end":{"line":29,"column":7}}},"3":{"name":"(anonymous_3)","decl":{"start":{"line":34,"column":22},"end":{"line":34,"column":null}},"loc":{"start":{"line":34,"column":22},"end":{"line":83,"column":null}}},"4":{"name":"(anonymous_4)","decl":{"start":{"line":85,"column":34},"end":{"line":85,"column":35}},"loc":{"start":{"line":85,"column":35},"end":{"line":115,"column":null}}},"5":{"name":"(anonymous_5)","decl":{"start":{"line":87,"column":26},"end":{"line":87,"column":null}},"loc":{"start":{"line":87,"column":26},"end":{"line":114,"column":null}}},"6":{"name":"(anonymous_6)","decl":{"start":{"line":118,"column":38},"end":{"line":118,"column":null}},"loc":{"start":{"line":118,"column":38},"end":{"line":120,"column":7}}},"7":{"name":"(anonymous_7)","decl":{"start":{"line":122,"column":11},"end":{"line":122,"column":null}},"loc":{"start":{"line":122,"column":11},"end":{"line":126,"column":null}}},"8":{"name":"(anonymous_8)","decl":{"start":{"line":130,"column":12},"end":{"line":130,"column":null}},"loc":{"start":{"line":130,"column":12},"end":{"line":180,"column":5}}},"9":{"name":"(anonymous_9)","decl":{"start":{"line":137,"column":28},"end":{"line":137,"column":null}},"loc":{"start":{"line":137,"column":28},"end":{"line":163,"column":null}}},"10":{"name":"(anonymous_10)","decl":{"start":{"line":166,"column":30},"end":{"line":166,"column":31}},"loc":{"start":{"line":166,"column":31},"end":{"line":171,"column":null}}},"11":{"name":"(anonymous_11)","decl":{"start":{"line":174,"column":39},"end":{"line":174,"column":null}},"loc":{"start":{"line":174,"column":39},"end":{"line":176,"column":9}}},"12":{"name":"(anonymous_12)","decl":{"start":{"line":178,"column":13},"end":{"line":178,"column":19}},"loc":{"start":{"line":178,"column":19},"end":{"line":178,"column":null}}}},"branchMap":{"0":{"loc":{"start":{"line":26,"column":6},"end":{"line":28,"column":null}},"type":"if","locations":[{"start":{"line":26,"column":6},"end":{"line":28,"column":null}}]},"1":{"loc":{"start":{"line":43,"column":8},"end":{"line":48,"column":null}},"type":"if","locations":[{"start":{"line":43,"column":8},"end":{"line":48,"column":null}}]},"2":{"loc":{"start":{"line":51,"column":8},"end":{"line":54,"column":null}},"type":"if","locations":[{"start":{"line":51,"column":8},"end":{"line":54,"column":null}}]},"3":{"loc":{"start":{"line":57,"column":8},"end":{"line":76,"column":null}},"type":"if","locations":[{"start":{"line":57,"column":8},"end":{"line":76,"column":null}}]},"4":{"loc":{"start":{"line":62,"column":10},"end":{"line":66,"column":null}},"type":"if","locations":[{"start":{"line":62,"column":10},"end":{"line":66,"column":null}}]},"5":{"loc":{"start":{"line":68,"column":10},"end":{"line":72,"column":null}},"type":"if","locations":[{"start":{"line":68,"column":10},"end":{"line":72,"column":null}}]},"6":{"loc":{"start":{"line":91,"column":8},"end":{"line":94,"column":null}},"type":"if","locations":[{"start":{"line":91,"column":8},"end":{"line":94,"column":null}}]},"7":{"loc":{"start":{"line":91,"column":12},"end":{"line":91,"column":43}},"type":"binary-expr","locations":[{"start":{"line":91,"column":12},"end":{"line":91,"column":28}},{"start":{"line":91,"column":28},"end":{"line":91,"column":43}}]},"8":{"loc":{"start":{"line":132,"column":4},"end":{"line":179,"column":null}},"type":"if","locations":[{"start":{"line":132,"column":4},"end":{"line":179,"column":null}}]},"9":{"loc":{"start":{"line":132,"column":8},"end":{"line":132,"column":57}},"type":"binary-expr","locations":[{"start":{"line":132,"column":8},"end":{"line":132,"column":27}},{"start":{"line":132,"column":27},"end":{"line":132,"column":50}},{"start":{"line":132,"column":50},"end":{"line":132,"column":57}}]},"10":{"loc":{"start":{"line":143,"column":10},"end":{"line":147,"column":null}},"type":"if","locations":[{"start":{"line":143,"column":10},"end":{"line":147,"column":null}}]},"11":{"loc":{"start":{"line":149,"column":10},"end":{"line":153,"column":null}},"type":"if","locations":[{"start":{"line":149,"column":10},"end":{"line":153,"column":null}}]},"12":{"loc":{"start":{"line":183,"column":2},"end":{"line":185,"column":null}},"type":"if","locations":[{"start":{"line":183,"column":2},"end":{"line":185,"column":null}}]},"13":{"loc":{"start":{"line":183,"column":6},"end":{"line":183,"column":44}},"type":"binary-expr","locations":[{"start":{"line":183,"column":6},"end":{"line":183,"column":24}},{"start":{"line":183,"column":24},"end":{"line":183,"column":44}}]},"14":{"loc":{"start":{"line":188,"column":2},"end":{"line":194,"column":null}},"type":"if","locations":[{"start":{"line":188,"column":2},"end":{"line":194,"column":null}}]}},"s":{"0":0,"1":0,"2":0,"3":0,"4":0,"5":0,"6":0,"7":0,"8":0,"9":0,"10":0,"11":0,"12":0,"13":0,"14":0,"15":0,"16":0,"17":0,"18":0,"19":0,"20":0,"21":0,"22":0,"23":0,"24":0,"25":0,"26":0,"27":0,"28":0,"29":0,"30":0,"31":0,"32":0,"33":0,"34":0,"35":0,"36":0,"37":0,"38":0,"39":0,"40":0,"41":0,"42":0,"43":0,"44":0,"45":0,"46":0,"47":0,"48":0,"49":0,"50":0,"51":0,"52":0,"53":0,"54":0,"55":0,"56":0,"57":0,"58":0,"59":0,"60":0,"61":0,"62":0,"63":0,"64":0,"65":0,"66":0,"67":0,"68":0,"69":0,"70":0,"71":0,"72":0,"73":0,"74":0,"75":0,"76":0,"77":0,"78":0,"79":0,"80":0,"81":0,"82":0,"83":0,"84":0,"85":0,"86":0,"87":0,"88":0,"89":0,"90":0,"91":0,"92":0,"93":0,"94":0},"f":{"0":0,"1":0,"2":0,"3":0,"4":0,"5":0,"6":0,"7":0,"8":0,"9":0,"10":0,"11":0,"12":0},"b":{"0":[0],"1":[0],"2":[0],"3":[0],"4":[0],"5":[0],"6":[0],"7":[0,0],"8":[0],"9":[0,0,0],"10":[0],"11":[0],"12":[0],"13":[0,0],"14":[0]}}
,"/mnt/c/users/orono/code/git/tempo1/src/app/(dashboard)/analytics/page.tsx": {"path":"/mnt/c/users/orono/code/git/tempo1/src/app/(dashboard)/analytics/page.tsx","statementMap":{"0":{"start":{"line":15,"column":30},"end":{"line":15,"column":null}},"1":{"start":{"line":16,"column":20},"end":{"line":16,"column":null}},"2":{"start":{"line":17,"column":23},"end":{"line":17,"column":null}},"3":{"start":{"line":20,"column":16},"end":{"line":20,"column":null}},"4":{"start":{"line":21,"column":20},"end":{"line":21,"column":null}},"5":{"start":{"line":22,"column":18},"end":{"line":22,"column":null}},"6":{"start":{"line":23,"column":21},"end":{"line":23,"column":null}},"7":{"start":{"line":24,"column":19},"end":{"line":24,"column":null}},"8":{"start":{"line":27,"column":30},"end":{"line":30,"column":10}},"9":{"start":{"line":28,"column":4},"end":{"line":29,"column":null}},"10":{"start":{"line":32,"column":25},"end":{"line":37,"column":null}},"11":{"start":{"line":34,"column":6},"end":{"line":35,"column":null}},"12":{"start":{"line":37,"column":29},"end":{"line":37,"column":59}},"13":{"start":{"line":39,"column":23},"end":{"line":42,"column":10}},"14":{"start":{"line":40,"column":4},"end":{"line":41,"column":null}},"15":{"start":{"line":45,"column":21},"end":{"line":49,"column":null}},"16":{"start":{"line":46,"column":18},"end":{"line":46,"column":null}},"17":{"start":{"line":47,"column":17},"end":{"line":47,"column":null}},"18":{"start":{"line":48,"column":4},"end":{"line":48,"column":null}},"19":{"start":{"line":58,"column":32},"end":{"line":58,"column":null}}},"fnMap":{"0":{"name":"AnalyticsPage","decl":{"start":{"line":14,"column":24},"end":{"line":14,"column":null}},"loc":{"start":{"line":14,"column":24},"end":{"line":147,"column":null}}},"1":{"name":"(anonymous_1)","decl":{"start":{"line":27,"column":43},"end":{"line":27,"column":null}},"loc":{"start":{"line":28,"column":4},"end":{"line":29,"column":null}}},"2":{"name":"(anonymous_2)","decl":{"start":{"line":33,"column":12},"end":{"line":33,"column":null}},"loc":{"start":{"line":34,"column":6},"end":{"line":35,"column":null}}},"3":{"name":"(anonymous_3)","decl":{"start":{"line":37,"column":12},"end":{"line":37,"column":13}},"loc":{"start":{"line":37,"column":29},"end":{"line":37,"column":59}}},"4":{"name":"(anonymous_4)","decl":{"start":{"line":39,"column":36},"end":{"line":39,"column":null}},"loc":{"start":{"line":40,"column":4},"end":{"line":41,"column":null}}},"5":{"name":"(anonymous_5)","decl":{"start":{"line":45,"column":21},"end":{"line":45,"column":22}},"loc":{"start":{"line":45,"column":22},"end":{"line":49,"column":null}}},"6":{"name":"(anonymous_6)","decl":{"start":{"line":58,"column":25},"end":{"line":58,"column":26}},"loc":{"start":{"line":58,"column":32},"end":{"line":58,"column":null}}}},"branchMap":{"0":{"loc":{"start":{"line":28,"column":4},"end":{"line":29,"column":null}},"type":"binary-expr","locations":[{"start":{"line":28,"column":4},"end":{"line":28,"column":18}},{"start":{"line":29,"column":4},"end":{"line":29,"column":null}}]},"1":{"loc":{"start":{"line":29,"column":46},"end":{"line":29,"column":87}},"type":"cond-expr","locations":[{"start":{"line":29,"column":66},"end":{"line":29,"column":78}},{"start":{"line":29,"column":78},"end":{"line":29,"column":87}}]},"2":{"loc":{"start":{"line":34,"column":6},"end":{"line":35,"column":null}},"type":"binary-expr","locations":[{"start":{"line":34,"column":6},"end":{"line":34,"column":20}},{"start":{"line":35,"column":6},"end":{"line":35,"column":null}}]},"3":{"loc":{"start":{"line":35,"column":48},"end":{"line":35,"column":89}},"type":"cond-expr","locations":[{"start":{"line":35,"column":68},"end":{"line":35,"column":80}},{"start":{"line":35,"column":80},"end":{"line":35,"column":89}}]},"4":{"loc":{"start":{"line":37,"column":38},"end":{"line":37,"column":59}},"type":"binary-expr","locations":[{"start":{"line":37,"column":38},"end":{"line":37,"column":51}},{"start":{"line":37,"column":55},"end":{"line":37,"column":59}}]},"5":{"loc":{"start":{"line":40,"column":4},"end":{"line":41,"column":null}},"type":"binary-expr","locations":[{"start":{"line":40,"column":4},"end":{"line":40,"column":19}},{"start":{"line":41,"column":4},"end":{"line":41,"column":null}}]},"6":{"loc":{"start":{"line":69,"column":9},"end":{"line":71,"column":83}},"type":"cond-expr","locations":[{"start":{"line":70,"column":12},"end":{"line":70,"column":81}},{"start":{"line":71,"column":12},"end":{"line":71,"column":83}}]},"7":{"loc":{"start":{"line":87,"column":15},"end":{"line":87,"column":null}},"type":"cond-expr","locations":[{"start":{"line":87,"column":35},"end":{"line":87,"column":49}},{"start":{"line":87,"column":49},"end":{"line":87,"column":null}}]},"8":{"loc":{"start":{"line":102,"column":15},"end":{"line":102,"column":null}},"type":"cond-expr","locations":[{"start":{"line":102,"column":35},"end":{"line":102,"column":49}},{"start":{"line":102,"column":49},"end":{"line":102,"column":null}}]},"9":{"loc":{"start":{"line":128,"column":18},"end":{"line":128,"column":null}},"type":"cond-expr","locations":[{"start":{"line":128,"column":38},"end":{"line":128,"column":42}},{"start":{"line":128,"column":42},"end":{"line":128,"column":null}}]},"10":{"loc":{"start":{"line":134,"column":18},"end":{"line":134,"column":null}},"type":"cond-expr","locations":[{"start":{"line":134,"column":38},"end":{"line":134,"column":42}},{"start":{"line":134,"column":42},"end":{"line":134,"column":null}}]}},"s":{"0":0,"1":0,"2":0,"3":0,"4":0,"5":0,"6":0,"7":0,"8":0,"9":0,"10":0,"11":0,"12":0,"13":0,"14":0,"15":0,"16":0,"17":0,"18":0,"19":0},"f":{"0":0,"1":0,"2":0,"3":0,"4":0,"5":0,"6":0},"b":{"0":[0,0],"1":[0,0],"2":[0,0],"3":[0,0],"4":[0,0],"5":[0,0],"6":[0,0],"7":[0,0],"8":[0,0],"9":[0,0],"10":[0,0]}}
,"/mnt/c/users/orono/code/git/tempo1/src/app/(dashboard)/calendar/page.tsx": {"path":"/mnt/c/users/orono/code/git/tempo1/src/app/(dashboard)/calendar/page.tsx","statementMap":{"0":{"start":{"line":19,"column":6},"end":{"line":19,"column":null}},"1":{"start":{"line":22,"column":20},"end":{"line":22,"column":null}},"2":{"start":{"line":23,"column":21},"end":{"line":23,"column":null}},"3":{"start":{"line":27,"column":23},"end":{"line":27,"column":null}},"4":{"start":{"line":28,"column":32},"end":{"line":28,"column":null}},"5":{"start":{"line":30,"column":2},"end":{"line":91,"column":25}},"6":{"start":{"line":32,"column":4},"end":{"line":34,"column":null}},"7":{"start":{"line":33,"column":6},"end":{"line":33,"column":null}},"8":{"start":{"line":36,"column":4},"end":{"line":36,"column":null}},"9":{"start":{"line":37,"column":4},"end":{"line":37,"column":null}},"10":{"start":{"line":39,"column":4},"end":{"line":90,"column":null}},"11":{"start":{"line":41,"column":29},"end":{"line":76,"column":null}},"12":{"start":{"line":43,"column":30},"end":{"line":43,"column":32}},"13":{"start":{"line":44,"column":8},"end":{"line":54,"column":null}},"14":{"start":{"line":45,"column":10},"end":{"line":53,"column":null}},"15":{"start":{"line":47,"column":12},"end":{"line":49,"column":null}},"16":{"start":{"line":51,"column":12},"end":{"line":51,"column":null}},"17":{"start":{"line":52,"column":12},"end":{"line":52,"column":null}},"18":{"start":{"line":56,"column":8},"end":{"line":75,"column":null}},"19":{"start":{"line":79,"column":27},"end":{"line":79,"column":null}},"20":{"start":{"line":81,"column":6},"end":{"line":87,"column":null}},"21":{"start":{"line":82,"column":8},"end":{"line":82,"column":null}},"22":{"start":{"line":83,"column":8},"end":{"line":83,"column":null}},"23":{"start":{"line":84,"column":8},"end":{"line":84,"column":null}},"24":{"start":{"line":86,"column":8},"end":{"line":86,"column":null}},"25":{"start":{"line":89,"column":6},"end":{"line":89,"column":null}},"26":{"start":{"line":94,"column":24},"end":{"line":94,"column":null}},"27":{"start":{"line":95,"column":33},"end":{"line":95,"column":null}},"28":{"start":{"line":98,"column":2},"end":{"line":136,"column":27}},"29":{"start":{"line":100,"column":4},"end":{"line":102,"column":null}},"30":{"start":{"line":101,"column":6},"end":{"line":101,"column":null}},"31":{"start":{"line":104,"column":4},"end":{"line":104,"column":null}},"32":{"start":{"line":105,"column":4},"end":{"line":105,"column":null}},"33":{"start":{"line":107,"column":4},"end":{"line":135,"column":null}},"34":{"start":{"line":109,"column":30},"end":{"line":121,"column":null}},"35":{"start":{"line":109,"column":51},"end":{"line":121,"column":null}},"36":{"start":{"line":124,"column":28},"end":{"line":124,"column":null}},"37":{"start":{"line":126,"column":6},"end":{"line":132,"column":null}},"38":{"start":{"line":127,"column":8},"end":{"line":127,"column":null}},"39":{"start":{"line":128,"column":8},"end":{"line":128,"column":null}},"40":{"start":{"line":129,"column":8},"end":{"line":129,"column":null}},"41":{"start":{"line":131,"column":8},"end":{"line":131,"column":null}},"42":{"start":{"line":134,"column":6},"end":{"line":134,"column":null}},"43":{"start":{"line":142,"column":50},"end":{"line":142,"column":null}}},"fnMap":{"0":{"name":"CalendarPage","decl":{"start":{"line":13,"column":24},"end":{"line":13,"column":null}},"loc":{"start":{"line":13,"column":24},"end":{"line":156,"column":null}}},"1":{"name":"(anonymous_1)","decl":{"start":{"line":30,"column":12},"end":{"line":30,"column":null}},"loc":{"start":{"line":30,"column":12},"end":{"line":91,"column":5}}},"2":{"name":"(anonymous_2)","decl":{"start":{"line":41,"column":39},"end":{"line":41,"column":null}},"loc":{"start":{"line":41,"column":39},"end":{"line":76,"column":null}}},"3":{"name":"(anonymous_3)","decl":{"start":{"line":98,"column":12},"end":{"line":98,"column":null}},"loc":{"start":{"line":98,"column":12},"end":{"line":136,"column":5}}},"4":{"name":"(anonymous_4)","decl":{"start":{"line":109,"column":41},"end":{"line":109,"column":51}},"loc":{"start":{"line":109,"column":51},"end":{"line":121,"column":null}}},"5":{"name":"(anonymous_5)","decl":{"start":{"line":142,"column":44},"end":{"line":142,"column":50}},"loc":{"start":{"line":142,"column":50},"end":{"line":142,"column":null}}}},"branchMap":{"0":{"loc":{"start":{"line":32,"column":4},"end":{"line":34,"column":null}},"type":"if","locations":[{"start":{"line":32,"column":4},"end":{"line":34,"column":null}}]},"1":{"loc":{"start":{"line":32,"column":8},"end":{"line":32,"column":48}},"type":"binary-expr","locations":[{"start":{"line":32,"column":8},"end":{"line":32,"column":18}},{"start":{"line":32,"column":18},"end":{"line":32,"column":48}}]},"2":{"loc":{"start":{"line":44,"column":8},"end":{"line":54,"column":null}},"type":"if","locations":[{"start":{"line":44,"column":8},"end":{"line":54,"column":null}}]},"3":{"loc":{"start":{"line":47,"column":30},"end":{"line":49,"column":82}},"type":"cond-expr","locations":[{"start":{"line":48,"column":16},"end":{"line":48,"column":null}},{"start":{"line":49,"column":17},"end":{"line":49,"column":82}}]},"4":{"loc":{"start":{"line":49,"column":17},"end":{"line":49,"column":82}},"type":"cond-expr","locations":[{"start":{"line":49,"column":56},"end":{"line":49,"column":77}},{"start":{"line":49,"column":80},"end":{"line":49,"column":82}}]},"5":{"loc":{"start":{"line":59,"column":23},"end":{"line":59,"column":null}},"type":"binary-expr","locations":[{"start":{"line":59,"column":23},"end":{"line":59,"column":39}},{"start":{"line":59,"column":43},"end":{"line":59,"column":null}}]},"6":{"loc":{"start":{"line":60,"column":21},"end":{"line":60,"column":null}},"type":"cond-expr","locations":[{"start":{"line":60,"column":39},"end":{"line":60,"column":54}},{"start":{"line":60,"column":57},"end":{"line":60,"column":null}}]},"7":{"loc":{"start":{"line":61,"column":21},"end":{"line":61,"column":null}},"type":"cond-expr","locations":[{"start":{"line":61,"column":39},"end":{"line":61,"column":54}},{"start":{"line":61,"column":57},"end":{"line":61,"column":null}}]},"8":{"loc":{"start":{"line":63,"column":19},"end":{"line":63,"column":null}},"type":"binary-expr","locations":[{"start":{"line":63,"column":19},"end":{"line":63,"column":32}},{"start":{"line":63,"column":36},"end":{"line":63,"column":null}}]},"9":{"loc":{"start":{"line":65,"column":21},"end":{"line":65,"column":null}},"type":"binary-expr","locations":[{"start":{"line":65,"column":21},"end":{"line":65,"column":36}},{"start":{"line":65,"column":40},"end":{"line":65,"column":null}}]},"10":{"loc":{"start":{"line":66,"column":20},"end":{"line":66,"column":null}},"type":"binary-expr","locations":[{"start":{"line":66,"column":20},"end":{"line":66,"column":33}},{"start":{"line":66,"column":37},"end":{"line":66,"column":null}}]},"11":{"loc":{"start":{"line":67,"column":21},"end":{"line":67,"column":null}},"type":"binary-expr","locations":[{"start":{"line":67,"column":21},"end":{"line":67,"column":36}},{"start":{"line":67,"column":40},"end":{"line":67,"column":null}}]},"12":{"loc":{"start":{"line":69,"column":16},"end":{"line":69,"column":31}},"type":"binary-expr","locations":[{"start":{"line":69,"column":16},"end":{"line":69,"column":25}},{"start":{"line":69,"column":29},"end":{"line":69,"column":31}}]},"13":{"loc":{"start":{"line":71,"column":18},"end":{"line":71,"column":null}},"type":"binary-expr","locations":[{"start":{"line":71,"column":18},"end":{"line":71,"column":29}},{"start":{"line":71,"column":33},"end":{"line":71,"column":null}}]},"14":{"loc":{"start":{"line":81,"column":6},"end":{"line":87,"column":null}},"type":"if","locations":[{"start":{"line":81,"column":6},"end":{"line":87,"column":null}},{"start":{"line":85,"column":13},"end":{"line":87,"column":null}}]},"15":{"loc":{"start":{"line":100,"column":4},"end":{"line":102,"column":null}},"type":"if","locations":[{"start":{"line":100,"column":4},"end":{"line":102,"column":null}}]},"16":{"loc":{"start":{"line":100,"column":8},"end":{"line":100,"column":51}},"type":"binary-expr","locations":[{"start":{"line":100,"column":8},"end":{"line":100,"column":19}},{"start":{"line":100,"column":19},"end":{"line":100,"column":51}}]},"17":{"loc":{"start":{"line":112,"column":21},"end":{"line":112,"column":null}},"type":"binary-expr","locations":[{"start":{"line":112,"column":21},"end":{"line":112,"column":38}},{"start":{"line":112,"column":42},"end":{"line":112,"column":null}}]},"18":{"loc":{"start":{"line":117,"column":18},"end":{"line":117,"column":null}},"type":"binary-expr","locations":[{"start":{"line":117,"column":18},"end":{"line":117,"column":32}},{"start":{"line":117,"column":36},"end":{"line":117,"column":null}}]},"19":{"loc":{"start":{"line":119,"column":14},"end":{"line":119,"column":30}},"type":"binary-expr","locations":[{"start":{"line":119,"column":14},"end":{"line":119,"column":24}},{"start":{"line":119,"column":28},"end":{"line":119,"column":30}}]},"20":{"loc":{"start":{"line":126,"column":6},"end":{"line":132,"column":null}},"type":"if","locations":[{"start":{"line":126,"column":6},"end":{"line":132,"column":null}},{"start":{"line":130,"column":13},"end":{"line":132,"column":null}}]}},"s":{"0":0,"1":0,"2":0,"3":0,"4":0,"5":0,"6":0,"7":0,"8":0,"9":0,"10":0,"11":0,"12":0,"13":0,"14":0,"15":0,"16":0,"17":0,"18":0,"19":0,"20":0,"21":0,"22":0,"23":0,"24":0,"25":0,"26":0,"27":0,"28":0,"29":0,"30":0,"31":0,"32":0,"33":0,"34":0,"35":0,"36":0,"37":0,"38":0,"39":0,"40":0,"41":0,"42":0,"43":0},"f":{"0":0,"1":0,"2":0,"3":0,"4":0,"5":0},"b":{"0":[0],"1":[0,0],"2":[0],"3":[0,0],"4":[0,0],"5":[0,0],"6":[0,0],"7":[0,0],"8":[0,0],"9":[0,0],"10":[0,0],"11":[0,0],"12":[0,0],"13":[0,0],"14":[0,0],"15":[0],"16":[0,0],"17":[0,0],"18":[0,0],"19":[0,0],"20":[0,0]}}
,"/mnt/c/users/orono/code/git/tempo1/src/app/(dashboard)/dashboard/page.tsx": {"path":"/mnt/c/users/orono/code/git/tempo1/src/app/(dashboard)/dashboard/page.tsx","statementMap":{"0":{"start":{"line":54,"column":19},"end":{"line":54,"column":null}},"1":{"start":{"line":55,"column":20},"end":{"line":55,"column":null}},"2":{"start":{"line":56,"column":23},"end":{"line":56,"column":null}},"3":{"start":{"line":57,"column":36},"end":{"line":57,"column":null}},"4":{"start":{"line":58,"column":42},"end":{"line":58,"column":null}},"5":{"start":{"line":61,"column":16},"end":{"line":61,"column":null}},"6":{"start":{"line":62,"column":2},"end":{"line":62,"column":null}},"7":{"start":{"line":63,"column":23},"end":{"line":63,"column":56}},"8":{"start":{"line":66,"column":21},"end":{"line":70,"column":null}},"9":{"start":{"line":67,"column":21},"end":{"line":67,"column":null}},"10":{"start":{"line":68,"column":4},"end":{"line":68,"column":null}},"11":{"start":{"line":69,"column":4},"end":{"line":69,"column":null}},"12":{"start":{"line":73,"column":23},"end":{"line":77,"column":null}},"13":{"start":{"line":74,"column":21},"end":{"line":74,"column":null}},"14":{"start":{"line":75,"column":4},"end":{"line":75,"column":null}},"15":{"start":{"line":76,"column":4},"end":{"line":76,"column":null}},"16":{"start":{"line":80,"column":19},"end":{"line":80,"column":null}},"17":{"start":{"line":146,"column":33},"end":{"line":146,"column":null}},"18":{"start":{"line":251,"column":44},"end":{"line":251,"column":56}},"19":{"start":{"line":281,"column":44},"end":{"line":281,"column":56}},"20":{"start":{"line":353,"column":22},"end":{"line":356,"column":21}},"21":{"start":{"line":388,"column":22},"end":{"line":391,"column":21}},"22":{"start":{"line":440,"column":15},"end":{"line":440,"column":null}},"23":{"start":{"line":441,"column":2},"end":{"line":441,"column":null}},"24":{"start":{"line":441,"column":17},"end":{"line":441,"column":null}},"25":{"start":{"line":442,"column":2},"end":{"line":442,"column":null}},"26":{"start":{"line":442,"column":17},"end":{"line":442,"column":null}},"27":{"start":{"line":443,"column":2},"end":{"line":443,"column":null}},"28":{"start":{"line":447,"column":2},"end":{"line":456,"column":null}},"29":{"start":{"line":449,"column":6},"end":{"line":449,"column":null}},"30":{"start":{"line":451,"column":6},"end":{"line":451,"column":null}},"31":{"start":{"line":453,"column":6},"end":{"line":453,"column":null}},"32":{"start":{"line":455,"column":6},"end":{"line":455,"column":null}}},"fnMap":{"0":{"name":"DashboardPage","decl":{"start":{"line":53,"column":24},"end":{"line":53,"column":null}},"loc":{"start":{"line":53,"column":24},"end":{"line":407,"column":null}}},"1":{"name":"(anonymous_1)","decl":{"start":{"line":66,"column":34},"end":{"line":66,"column":null}},"loc":{"start":{"line":66,"column":34},"end":{"line":70,"column":null}}},"2":{"name":"(anonymous_2)","decl":{"start":{"line":73,"column":36},"end":{"line":73,"column":null}},"loc":{"start":{"line":73,"column":36},"end":{"line":77,"column":null}}},"3":{"name":"(anonymous_3)","decl":{"start":{"line":146,"column":27},"end":{"line":146,"column":33}},"loc":{"start":{"line":146,"column":33},"end":{"line":146,"column":null}}},"4":{"name":"(anonymous_4)","decl":{"start":{"line":251,"column":39},"end":{"line":251,"column":44}},"loc":{"start":{"line":251,"column":44},"end":{"line":251,"column":56}}},"5":{"name":"(anonymous_6)","decl":{"start":{"line":281,"column":39},"end":{"line":281,"column":44}},"loc":{"start":{"line":281,"column":44},"end":{"line":281,"column":56}}},"6":{"name":"(anonymous_7)","decl":{"start":{"line":352,"column":35},"end":{"line":352,"column":null}},"loc":{"start":{"line":353,"column":22},"end":{"line":356,"column":21}}},"7":{"name":"(anonymous_8)","decl":{"start":{"line":387,"column":37},"end":{"line":387,"column":null}},"loc":{"start":{"line":388,"column":22},"end":{"line":391,"column":21}}},"8":{"name":"QuickAccessCard","decl":{"start":{"line":410,"column":9},"end":{"line":410,"column":25}},"loc":{"start":{"line":420,"column":1},"end":{"line":436,"column":null}}},"9":{"name":"getGreeting","decl":{"start":{"line":439,"column":9},"end":{"line":439,"column":null}},"loc":{"start":{"line":439,"column":9},"end":{"line":444,"column":null}}},"10":{"name":"getPriorityClass","decl":{"start":{"line":446,"column":9},"end":{"line":446,"column":26}},"loc":{"start":{"line":446,"column":42},"end":{"line":457,"column":null}}}},"branchMap":{"0":{"loc":{"start":{"line":69,"column":11},"end":{"line":69,"column":83}},"type":"binary-expr","locations":[{"start":{"line":69,"column":11},"end":{"line":69,"column":68}},{"start":{"line":69,"column":68},"end":{"line":69,"column":83}}]},"1":{"loc":{"start":{"line":76,"column":11},"end":{"line":76,"column":46}},"type":"binary-expr","locations":[{"start":{"line":76,"column":11},"end":{"line":76,"column":31}},{"start":{"line":76,"column":31},"end":{"line":76,"column":46}}]},"2":{"loc":{"start":{"line":80,"column":19},"end":{"line":80,"column":null}},"type":"binary-expr","locations":[{"start":{"line":80,"column":19},"end":{"line":80,"column":45}},{"start":{"line":80,"column":49},"end":{"line":80,"column":null}}]},"3":{"loc":{"start":{"line":80,"column":19},"end":{"line":80,"column":45}},"type":"cond-expr","locations":[{"start":{"line":80,"column":19},"end":{"line":80,"column":25}},{"start":{"line":80,"column":19},"end":{"line":80,"column":45}}]},"4":{"loc":{"start":{"line":80,"column":19},"end":{"line":80,"column":25}},"type":"binary-expr","locations":[{"start":{"line":80,"column":19},"end":{"line":80,"column":25}},{"start":{"line":80,"column":19},"end":{"line":80,"column":25}}]},"5":{"loc":{"start":{"line":80,"column":19},"end":{"line":80,"column":25}},"type":"binary-expr","locations":[{"start":{"line":80,"column":19},"end":{"line":80,"column":32}},{"start":{"line":80,"column":19},"end":{"line":80,"column":25}}]},"6":{"loc":{"start":{"line":170,"column":63},"end":{"line":170,"column":74}},"type":"cond-expr","locations":[{"start":{"line":170,"column":63},"end":{"line":170,"column":69}},{"start":{"line":170,"column":63},"end":{"line":170,"column":74}}]},"7":{"loc":{"start":{"line":170,"column":63},"end":{"line":170,"column":69}},"type":"binary-expr","locations":[{"start":{"line":170,"column":63},"end":{"line":170,"column":69}},{"start":{"line":170,"column":63},"end":{"line":170,"column":69}}]},"8":{"loc":{"start":{"line":179,"column":11},"end":{"line":179,"column":27}},"type":"binary-expr","locations":[{"start":{"line":179,"column":11},"end":{"line":179,"column":27}}]},"9":{"loc":{"start":{"line":260,"column":27},"end":{"line":260,"column":46}},"type":"binary-expr","locations":[{"start":{"line":260,"column":27},"end":{"line":260,"column":46}}]},"10":{"loc":{"start":{"line":281,"column":23},"end":{"line":281,"column":null}},"type":"binary-expr","locations":[{"start":{"line":281,"column":23},"end":{"line":281,"column":null}}]},"11":{"loc":{"start":{"line":352,"column":20},"end":{"line":356,"column":21}},"type":"cond-expr","locations":[{"start":{"line":352,"column":20},"end":{"line":356,"column":21}}]},"12":{"loc":{"start":{"line":376,"column":31},"end":{"line":376,"column":null}},"type":"cond-expr","locations":[{"start":{"line":376,"column":57},"end":{"line":376,"column":76}},{"start":{"line":376,"column":76},"end":{"line":376,"column":null}}]},"13":{"loc":{"start":{"line":379,"column":46},"end":{"line":379,"column":null}},"type":"cond-expr","locations":[{"start":{"line":379,"column":72},"end":{"line":379,"column":89}},{"start":{"line":379,"column":89},"end":{"line":379,"column":null}}]},"14":{"loc":{"start":{"line":380,"column":21},"end":{"line":382,"column":null}},"type":"cond-expr","locations":[{"start":{"line":381,"column":24},"end":{"line":381,"column":104}},{"start":{"line":382,"column":24},"end":{"line":382,"column":null}}]},"15":{"loc":{"start":{"line":381,"column":54},"end":{"line":381,"column":89}},"type":"cond-expr","locations":[{"start":{"line":381,"column":80},"end":{"line":381,"column":86}},{"start":{"line":381,"column":86},"end":{"line":381,"column":89}}]},"16":{"loc":{"start":{"line":387,"column":20},"end":{"line":391,"column":21}},"type":"cond-expr","locations":[{"start":{"line":387,"column":20},"end":{"line":391,"column":21}}]},"17":{"loc":{"start":{"line":441,"column":2},"end":{"line":441,"column":null}},"type":"if","locations":[{"start":{"line":441,"column":2},"end":{"line":441,"column":null}}]},"18":{"loc":{"start":{"line":442,"column":2},"end":{"line":442,"column":null}},"type":"if","locations":[{"start":{"line":442,"column":2},"end":{"line":442,"column":null}}]},"19":{"loc":{"start":{"line":447,"column":2},"end":{"line":456,"column":null}},"type":"switch","locations":[{"start":{"line":448,"column":4},"end":{"line":449,"column":null}},{"start":{"line":450,"column":4},"end":{"line":451,"column":null}},{"start":{"line":452,"column":4},"end":{"line":453,"column":null}},{"start":{"line":454,"column":4},"end":{"line":455,"column":null}}]}},"s":{"0":0,"1":0,"2":0,"3":0,"4":0,"5":0,"6":0,"7":0,"8":0,"9":0,"10":0,"11":0,"12":0,"13":0,"14":0,"15":0,"16":0,"17":0,"18":0,"19":0,"20":0,"21":0,"22":0,"23":0,"24":0,"25":0,"26":0,"27":0,"28":0,"29":0,"30":0,"31":0,"32":0},"f":{"0":0,"1":0,"2":0,"3":0,"4":0,"5":0,"6":0,"7":0,"8":0,"9":0,"10":0},"b":{"0":[0,0],"1":[0,0],"2":[0,0],"3":[0,0],"4":[0,0],"5":[0,0],"6":[0,0],"7":[0,0],"8":[0],"9":[0],"10":[0],"11":[0],"12":[0,0],"13":[0,0],"14":[0,0],"15":[0,0],"16":[0],"17":[0],"18":[0],"19":[0,0,0,0]}}
,"/mnt/c/users/orono/code/git/tempo1/src/app/(dashboard)/dashboard/simple.tsx": {"path":"/mnt/c/users/orono/code/git/tempo1/src/app/(dashboard)/dashboard/simple.tsx","statementMap":{},"fnMap":{"0":{"name":"SimpleDashboardPage","decl":{"start":{"line":3,"column":24},"end":{"line":3,"column":null}},"loc":{"start":{"line":3,"column":24},"end":{"line":28,"column":null}}}},"branchMap":{},"s":{},"f":{"0":0},"b":{}}
,"/mnt/c/users/orono/code/git/tempo1/src/app/(dashboard)/projects/page.tsx": {"path":"/mnt/c/users/orono/code/git/tempo1/src/app/(dashboard)/projects/page.tsx","statementMap":{"0":{"start":{"line":13,"column":40},"end":{"line":13,"column":null}},"1":{"start":{"line":14,"column":50},"end":{"line":14,"column":null}},"2":{"start":{"line":15,"column":23},"end":{"line":15,"column":null}},"3":{"start":{"line":18,"column":27},"end":{"line":24,"column":null}},"4":{"start":{"line":19,"column":27},"end":{"line":19,"column":null}},"5":{"start":{"line":20,"column":4},"end":{"line":22,"column":null}},"6":{"start":{"line":27,"column":25},"end":{"line":27,"column":null}},"7":{"start":{"line":27,"column":60},"end":{"line":27,"column":78}},"8":{"start":{"line":28,"column":28},"end":{"line":28,"column":null}},"9":{"start":{"line":28,"column":63},"end":{"line":28,"column":80}},"10":{"start":{"line":42,"column":31},"end":{"line":42,"column":null}},"11":{"start":{"line":46,"column":33},"end":{"line":46,"column":null}}},"fnMap":{"0":{"name":"ProjectsPage","decl":{"start":{"line":12,"column":24},"end":{"line":12,"column":null}},"loc":{"start":{"line":12,"column":24},"end":{"line":116,"column":null}}},"1":{"name":"(anonymous_1)","decl":{"start":{"line":18,"column":43},"end":{"line":18,"column":null}},"loc":{"start":{"line":18,"column":43},"end":{"line":24,"column":null}}},"2":{"name":"(anonymous_2)","decl":{"start":{"line":27,"column":49},"end":{"line":27,"column":60}},"loc":{"start":{"line":27,"column":60},"end":{"line":27,"column":78}}},"3":{"name":"(anonymous_3)","decl":{"start":{"line":28,"column":52},"end":{"line":28,"column":63}},"loc":{"start":{"line":28,"column":63},"end":{"line":28,"column":80}}},"4":{"name":"(anonymous_4)","decl":{"start":{"line":42,"column":24},"end":{"line":42,"column":25}},"loc":{"start":{"line":42,"column":31},"end":{"line":42,"column":null}}},"5":{"name":"(anonymous_5)","decl":{"start":{"line":46,"column":27},"end":{"line":46,"column":33}},"loc":{"start":{"line":46,"column":33},"end":{"line":46,"column":null}}}},"branchMap":{"0":{"loc":{"start":{"line":21,"column":6},"end":{"line":22,"column":null}},"type":"binary-expr","locations":[{"start":{"line":21,"column":6},"end":{"line":21,"column":null}},{"start":{"line":22,"column":7},"end":{"line":22,"column":26}},{"start":{"line":22,"
[...]
,"/mnt/c/users/orono/code/git/tempo1/src/lib/scheduling/scheduler.ts": {"path":"/mnt/c/users/orono/code/git/tempo1/src/lib/scheduling/scheduler.ts","statementMap":{"0":{"start":{"line":37,"column":53},"end":{"line":37,"column":null}},"1":{"start":{"line":40,"column":26},"end":{"line":52,"column":null}},"2":{"start":{"line":41,"column":20},"end":{"line":41,"column":52}},"3":{"start":{"line":44,"column":28},"end":{"line":44,"column":null}},"4":{"start":{"line":45,"column":27},"end":{"line":45,"column":80}},"5":{"start":{"line":46,"column":6},"end":{"line":46,"column":null}},"6":{"start":{"line":46,"column":30},"end":{"line":46,"column":null}},"7":{"start":{"line":49,"column":20},"end":{"line":49,"column":null}},"8":{"start":{"line":50,"column":20},"end":{"line":50,"column":null}},"9":{"start":{"line":51,"column":6},"end":{"line":51,"column":null}},"10":{"start":{"line":55,"column":2},"end":{"line":67,"column":null}},"11":{"start":{"line":56,"column":20},"end":{"line":56,"column":30}},"12":{"start":{"line":57,"column":4},"end":{"line":59,"column":null}},"13":{"start":{"line":58,"column":6},"end":{"line":58,"column":null}},"14":{"start":{"line":61,"column":4},"end":{"line":66,"column":null}},"15":{"start":{"line":70,"column":2},"end":{"line":127,"column":null}},"16":{"start":{"line":72,"column":4},"end":{"line":72,"column":null}},"17":{"start":{"line":72,"column":24},"end":{"line":72,"column":null}},"18":{"start":{"line":75,"column":24},"end":{"line":75,"column":37}},"19":{"start":{"line":76,"column":4},"end":{"line":78,"column":null}},"20":{"start":{"line":77,"column":6},"end":{"line":77,"column":null}},"21":{"start":{"line":80,"column":28},"end":{"line":80,"column":41}},"22":{"start":{"line":81,"column":22},"end":{"line":81,"column":null}},"23":{"start":{"line":84,"column":4},"end":{"line":126,"column":null}},"24":{"start":{"line":85,"column":22},"end":{"line":85,"column":null}},"25":{"start":{"line":88,"column":6},"end":{"line":90,"column":null}},"26":{"start":{"line":89,"column":8},"end":{"line":89,"column":null}},"27":{"start":{"line":93,"column":29},"end":{"line":98,"column":null}},"28":{"start":{"line":102,"column":6},"end":{"line":122,"column":null}},"29":{"start":{"line":104,"column":21},"end":{"line":104,"column":38}},"30":{"start":{"line":107,"column":26},"end":{"line":107,"column":40}},"31":{"start":{"line":108,"column":30},"end":{"line":108,"column":null}},"32":{"start":{"line":109,"column":28},"end":{"line":109,"column":null}},"33":{"start":{"line":110,"column":24},"end":{"line":110,"column":null}},"34":{"start":{"line":113,"column":8},"end":{"line":118,"column":null}},"35":{"start":{"line":121,"column":8},"end":{"line":121,"column":null}},"36":{"start":{"line":125,"column":6},"end":{"line":125,"column":null}},"37":{"start":{"line":130,"column":57},"end":{"line":130,"column":null}},"38":{"start":{"line":132,"column":2},"end":{"line":137,"column":null}},"39":{"start":{"line":133,"column":23},"end":{"line":133,"column":null}},"40":{"start":{"line":133,"column":57},"end":{"line":133,"column":null}},"41":{"start":{"line":134,"column":4},"end":{"line":136,"column":null}},"42":{"start":{"line":135,"column":6},"end":{"line":135,"column":null}},"43":{"start":{"line":139,"column":2},"end":{"line":139,"column":null}},"44":{"start":{"line":154,"column":24},"end":{"line":154,"column":null}},"45":{"start":{"line":157,"column":23},"end":{"line":159,"column":null}},"46":{"start":{"line":158,"column":4},"end":{"line":158,"column":null}},"47":{"start":{"line":162,"column":54},"end":{"line":174,"column":null}},"48":{"start":{"line":163,"column":37},"end":{"line":163,"column":null}},"49":{"start":{"line":164,"column":33},"end":{"line":164,"column":null}},"50":{"start":{"line":166,"column":17},"end":{"line":166,"column":null}},"51":{"start":{"line":167,"column":18},"end":{"line":167,"column":null}},"52":{"start":{"line":168,"column":4},"end":{"line":168,"column":null}},"53":{"start":{"line":170,"column":16},"end":{"line":170,"column":null}},"54":{"start":{"line":171,"column":4},"end":{"line":171,"column":null}},"55":{"start":{"line":173,"column":4},"end":{"line":173,"column":null}},"56":{"start":{"line":177,"column":15},"end":{"line":177,"column":null}},"57":{"start":{"line":180,"column":2},"end":{"line":183,"column":null}},"58":{"start":{"line":186,"column":2},"end":{"line":189,"column":null}},"59":{"start":{"line":192,"column":2},"end":{"line":192,"column":null}},"60":{"start":{"line":192,"column":31},"end":{"line":192,"column":null}},"61":{"start":{"line":195,"column":68},"end":{"line":195,"column":70}},"62":{"start":{"line":197,"column":2},"end":{"line":211,"column":null}},"63":{"start":{"line":197,"column":15},"end":{"line":197,"column":18}},"64":{"start":{"line":198,"column":23},"end":{"line":198,"column":43}},"65":{"start":{"line":199,"column":22},"end":{"line":199,"column":48}},"66":{"start":{"line":202,"column":24},"end":{"line":202,"column":null}},"67":{"start":{"line":205,"column":4},"end":{"line":210,"column":null}},"68":{"start":{"line":206,"column":6},"end":{"line":209,"column":null}},"69":{"start":{"line":213,"column":2},"end":{"line":213,"column":null}},"70":{"start":{"line":220,"column":27},"end":{"line":220,"column":null}},"71":{"start":{"line":221,"column":15},"end":{"line":221,"column":null}},"72":{"start":{"line":222,"column":2},"end":{"line":222,"column":null}},"73":{"start":{"line":229,"column":2},"end":{"line":234,"column":null}},"74":{"start":{"line":229,"column":30},"end":{"line":234,"column":null}},"75":{"start":{"line":246,"column":27},"end":{"line":246,"column":null}},"76":{"start":{"line":247,"column":2},"end":{"line":247,"column":null}},"77":{"start":{"line":262,"column":19},"end":{"line":269,"column":null}},"78":{"start":{"line":272,"column":58},"end":{"line":272,"column":null}},"79":{"start":{"line":274,"column":2},"end":{"line":281,"column":null}},"80":{"start":{"line":275,"column":4},"end":{"line":280,"column":null}},"81":{"start":{"line":276,"column":6},"end":{"line":278,"column":null}},"82":{"start":{"line":277,"column":8},"end":{"line":277,"column":null}},"83":{"start":{"line":279,"column":6},"end":{"line":279,"column":null}},"84":{"start":{"line":284,"column":25},"end":{"line":286,"column":null}},"85":{"start":{"line":285,"column":4},"end":{"line":285,"column":null}},"86":{"start":{"line":288,"column":2},"end":{"line":288,"column":null}}},"fnMap":{"0":{"name":"scheduleTasksForPeriod","decl":{"start":{"line":28,"column":16},"end":{"line":28,"column":39}},"loc":{"start":{"line":35,"column":19},"end":{"line":140,"column":null}}},"1":{"name":"(anonymous_1)","decl":{"start":{"line":41,"column":12},"end":{"line":41,"column":20}},"loc":{"start":{"line":41,"column":20},"end":{"line":41,"column":52}}},"2":{"name":"(anonymous_2)","decl":{"start":{"line":42,"column":10},"end":{"line":42,"column":11}},"loc":{"start":{"line":42,"column":14},"end":{"line":52,"column":null}}},"3":{"name":"(anonymous_3)","decl":{"start":{"line":55,"column":25},"end":{"line":55,"column":null}},"loc":{"start":{"line":55,"column":25},"end":{"line":67,"column":null}}},"4":{"name":"(anonymous_4)","decl":{"start":{"line":132,"column":32},"end":{"line":132,"column":null}},"loc":{"start":{"line":132,"column":32},"end":{"line":137,"column":null}}},"5":{"name":"(anonymous_5)","decl":{"start":{"line":133,"column":48},"end":{"line":133,"column":57}},"loc":{"start":{"line":133,"column":57},"end":{"line":133,"column":null}}},"6":{"name":"findAvailableTimeSlots","decl":{"start":{"line":146,"column":9},"end":{"line":146,"column":null}},"loc":{"start":{"line":151,"column":25},"end":{"line":214,"column":null}}},"7":{"name":"(anonymous_7)","decl":{"start":{"line":157,"column":45},"end":{"line":157,"column":46}},"loc":{"start":{"line":157,"column":49},"end":{"line":159,"column":null}}},"8":{"name":"(anonymous_8)","decl":{"start":{"line":162,"column":71},"end":{"line":162,"column":null}},"loc":{"start":{"line":162,"column":71},"end":{"line":174,"column":null}}},"9":{"name":"(anonymous_9)","decl":{"start":{"line":192,"column":21},"end":{"line":192,"column":22}},"loc":{"start":{"line":192,"column":31},"end":{"line":192,"column":null}}},"10":{"name":"parseTimeStr","decl":{"start":{"line":219,"column":9},"end":{"line":219,"column":22}},"loc":{"start":{"line":219,"column":54},"end":{"line":223,"column":null}}},"11":{"name":"ensureTaskId","decl":{"start":{"line":228,"column":9},"end":{"line":228,"column":22}},"loc":{"start":{"line":228,"column":51},"end":{"line":235,"column":null}}},"12":{"name":"(anonymous_12)","decl":{"start":{"line":229,"column":20},"end":{"line":229,"column":30}},"loc":{"start":{"line":229,"column":30},"end":{"line":234,"column":null}}},"13":{"name":"updateTaskSchedule","decl":{"start":{"line":240,"column":22},"end":{"line":240,"column":null}},"loc":{"start":{"line":243,"column":55},"end":{"line":248,"column":null}}},"14":{"name":"generateScheduleForAll","decl":{"start":{"line":253,"column":22},"end":{"line":253,"column":null}},"loc":{"start":{"line":260,"column":55},"end":{"line":289,"column":null}}},"15":{"name":"(anonymous_15)","decl":{"start":{"line":274,"column":32},"end":{"line":274,"column":null}},"loc":{"start":{"line":274,"column":32},"end":{"line":281,"column":null}}},"16":{"name":"(anonymous_16)","decl":{"start":{"line":275,"column":30},"end":{"line":275,"column":null}},"loc":{"start":{"line":275,"column":30},"end":{"line":280,"column":null}}},"17":{"name":"(anonymous_17)","decl":{"start":{"line":284,"column":56},"end":{"line":284,"column":null}},"loc":{"start":{"line":284,"column":56},"end":{"line":286,"column":null}}}},"branchMap":{"0":{"loc":{"start":{"line":41,"column":20},"end":{"line":41,"column":52}},"type":"binary-expr","locations":[{"start":{"line":41,"column":20},"end":{"line":41,"column":35}},{"start":{"line":41,"column":39},"end":{"line":41,"column":52}}]},"1":{"loc":{"start":{"line":46,"column":6},"end":{"line":46,"column":null}},"type":"if","locations":[{"start":{"line":46,"column":6},"end":{"line":46,"column":null}}]},"2":{"loc":{"start":{"line":57,"column":4},"end":{"line":59,"column":null}},"type":"if","locations":[{"start":{"line":57,"column":4},"end":{"line":59,"column":null}}]},"3":{"loc":{"start":{"line":72,"column":4},"end":{"line":72,"column":null}},"type":"if","locations":[{"start":{"line":72,"column":4},"end":{"line":72,"column":null}}]},"4":{"loc":{"start":{"line":76,"column":4},"end":{"line":78,"column":null}},"type":"if","locations":[{"start":{"line":76,"column":4},"end":{"line":78,"column":null}}]},"5":{"loc":{"start":{"line":76,"column":8},"end":{"line":76,"column":81}},"type":"binary-expr","locations":[{"start":{"line":76,"column":8},"end":{"line":76,"column":23}},{"start":{"line":76,"column":27},"end":{"line":76,"column":50}},{"start":{"line":76,"column":50},"end":{"line":76,"column":81}}]},"6":{"loc":{"start":{"line":84,"column":11},"end":{"line":84,"column":60}},"type":"binary-expr","locations":[{"start":{"line":84,"column":11},"end":{"line":84,"column":36}},{"start":{"line":84,"column":36},"end":{"line":84,"column":60}}]},"7":{"loc":{"start":{"line":88,"column":6},"end":{"line":90,"column":null}},"type":"if","locations":[{"start":{"line":88,"column":6},"end":{"line":90,"column":null}}]},"8":{"loc":{"start":{"line":102,"column":6},"end":{"line":122,"column":null}},"type":"if","locations":[{"start":{"line":102,"column":6},"end":{"line":122,"column":null}}]},"9":{"loc":{"start":{"line":134,"column":4},"end":{"line":136,"column":null}},"type":"if","locations":[{"start":{"line":134,"column":4},"end":{"line":136,"column":null}}]},"10":{"loc":{"start":{"line":205,"column":4},"end":{"line":210,"column":null}},"type":"if","locations":[{"start":{"line":205,"column":4},"end":{"line":210,"column":null}}]},"11":{"loc":{"start":{"line":233,"column":12},"end":{"line":233,"column":35}},"type":"binary-expr","locations":[{"start":{"line":233,"column":12},"end":{"line":233,"column":24}},{"start":{"line":233,"column":28},"end":{"line":233,"column":35}}]},"12":{"loc":{"start":{"line":276,"column":6},"end":{"line":278,"column":null}},"type":"if","locations":[{"start":{"line":276,"column":6},"end":{"line":278,"column":null}}]}},"s":{"0":0,"1":0,"2":0,"3":0,"4":0,"5":0,"6":0,"7":0,"8":0,"9":0,"10":0,"11":0,"12":0,"13":0,"14":0,"15":0,"16":0,"17":0,"18":0,"19":0,"20":0,"21":0,"22":0,"23":0,"24":0,"25":0,"26":0,"27":0,"28":0,"29":0,"30":0,"31":0,"32":0,"33":0,"34":0,"35":0,"36":0,"37":0,"38":0,"39":0,"40":0,"41":0,"42":0,"43":0,"44":0,"45":0,"46":0,"47":0,"48":0,"49":0,"50":0,"51":0,"52":0,"53":0,"54":0,"55":0,"56":0,"57":0,"58":0,"59":0,"60":0,"61":0,"62":0,"63":0,"64":0,"65":0,"66":0,"67":0,"68":0,"69":0,"70":0,"71":0,"72":0,"73":0,"74":0,"75":0,"76":0,"77":0,"78":0,"79":0,"80":0,"81":0,"82":0,"83":0,"84":0,"85":0,"86":0},"f":{"0":0,"1":0,"2":0,"3":0,"4":0,"5":0,"6":0,"7":0,"8":0,"9":0,"10":0,"11":0,"12":0,"13":0,"14":0,"15":0,"16":0,"17":0},"b":{"0":[0,0],"1":[0],"2":[0],"3":[0],"4":[0],"5":[0,0,0],"6":[0,0],"7":[0],"8":[0],"9":[0],"10":[0],"11":[0,0],"12":[0]}}
,"/mnt/c/users/orono/code/git/tempo1/src/lib/store/app-store.ts": {"path":"/mnt/c/users/orono/code/git/tempo1/src/lib/store/app-store.ts","statementMap":{"0":{"start":{"line":23,"column":27},"end":{"line":41,"column":4}},"1":{"start":{"line":23,"column":54},"end":{"line":41,"column":4}},"2":{"start":{"line":34,"column":38},"end":{"line":34,"column":null}},"3":{"start":{"line":35,"column":28},"end":{"line":35,"column":null}},"4":{"start":{"line":36,"column":24},"end":{"line":36,"column":null}},"5":{"start":{"line":36,"column":40},"end":{"line":36,"column":null}},"6":{"start":{"line":39,"column":25},"end":{"line":39,"column":null}},"7":{"start":{"line":40,"column":35},"end":{"line":40,"column":null}}},"fnMap":{"0":{"name":"(anonymous_0)","decl":{"start":{"line":23,"column":44},"end":{"line":23,"column":45}},"loc":{"start":{"line":23,"column":54},"end":{"line":41,"column":4}}},"1":{"name":"(anonymous_1)","decl":{"start":{"line":34,"column":23},"end":{"line":34,"column":24}},"loc":{"start":{"line":34,"column":38},"end":{"line":34,"column":null}}},"2":{"name":"(anonymous_2)","decl":{"start":{"line":35,"column":18},"end":{"line":35,"column":19}},"loc":{"start":{"line":35,"column":28},"end":{"line":35,"column":null}}},"3":{"name":"(anonymous_3)","decl":{"start":{"line":36,"column":18},"end":{"line":36,"column":24}},"loc":{"start":{"line":36,"column":24},"end":{"line":36,"column":null}}},"4":{"name":"(anonymous_4)","decl":{"start":{"line":36,"column":28},"end":{"line":36,"column":29}},"loc":{"start":{"line":36,"column":40},"end":{"line":36,"column":null}}},"5":{"name":"(anonymous_5)","decl":{"start":{"line":39,"column":15},"end":{"line":39,"column":16}},"loc":{"start":{"line":39,"column":25},"end":{"line":39,"column":null}}},"6":{"name":"(anonymous_6)","decl":{"start":{"line":40,"column":25},"end":{"line":40,"column":26}},"loc":{"start":{"line":40,"column":35},"end":{"line":40,"column":null}}}},"branchMap":{},"s":{"0":0,"1":0,"2":0,"3":0,"4":0,"5":0,"6":0,"7":0},"f":{"0":0,"1":0,"2":0,"3":0,"4":0,"5":0,"6":0},"b":{}}
,"/mnt/c/users/orono/code/git/tempo1/src/lib/store/provider.tsx": {"path":"/mnt/c/users/orono/code/git/tempo1/src/lib/store/provider.tsx","statementMap":{},"fnMap":{"0":{"name":"AppStoreProvider","decl":{"start":{"line":7,"column":16},"end":{"line":7,"column":33}},"loc":{"start":{"line":7,"column":70},"end":{"line":17,"column":null}}}},"branchMap":{},"s":{},"f":{"0":0},"b":{}}
,"/mnt/c/users/orono/code/git/tempo1/src/lib/supabase/client.ts": {"path":"/mnt/c/users/orono/code/git/tempo1/src/lib/supabase/client.ts","statementMap":{"0":{"start":{"line":3,"column":20},"end":{"line":3,"column":56}},"1":{"start":{"line":4,"column":24},"end":{"line":4,"column":65}},"2":{"start":{"line":6,"column":0},"end":{"line":8,"column":null}},"3":{"start":{"line":7,"column":2},"end":{"line":7,"column":null}},"4":{"start":{"line":10,"column":24},"end":{"line":10,"column":67}}},"fnMap":{},"branchMap":{"0":{"loc":{"start":{"line":6,"column":0},"end":{"line":8,"column":null}},"type":"if","locations":[{"start":{"line":6,"column":0},"end":{"line":8,"column":null}}]},"1":{"loc":{"start":{"line":6,"column":4},"end":{"line":6,"column":38}},"type":"binary-expr","locations":[{"start":{"line":6,"column":4},"end":{"line":6,"column":20}},{"start":{"line":6,"column":20},"end":{"line":6,"column":38}}]}},"s":{"0":0,"1":0,"2":0,"3":0,"4":0},"f":{},"b":{"0":[0],"1":[0,0]}}
,"/mnt/c/users/orono/code/git/tempo1/src/lib/validations/event.ts": {"path":"/mnt/c/users/orono/code/git/tempo1/src/lib/validations/event.ts","statementMap":{"0":{"start":{"line":4,"column":27},"end":{"line":38,"column":3}},"1":{"start":{"line":24,"column":2},"end":{"line":26,"column":null}},"2":{"start":{"line":25,"column":4},"end":{"line":25,"column":null}},"3":{"start":{"line":28,"column":2},"end":{"line":28,"column":null}},"4":{"start":{"line":34,"column":2},"end":{"line":34,"column":null}}},"fnMap":{"0":{"name":"(anonymous_0)","decl":{"start":{"line":22,"column":10},"end":{"line":22,"column":null}},"loc":{"start":{"line":22,"column":10},"end":{"line":29,"column":3}}},"1":{"name":"(anonymous_1)","decl":{"start":{"line":32,"column":10},"end":{"line":32,"column":null}},"loc":{"start":{"line":32,"column":10},"end":{"line":35,"column":3}}}},"branchMap":{"0":{"loc":{"start":{"line":24,"column":2},"end":{"line":26,"column":null}},"type":"if","locations":[{"start":{"line":24,"column":2},"end":{"line":26,"column":null}}]}},"s":{"0":0,"1":0,"2":0,"3":0,"4":0},"f":{"0":0,"1":0},"b":{"0":[0]}}
,"/mnt/c/users/orono/code/git/tempo1/src/lib/validations/project.ts": {"path":"/mnt/c/users/orono/code/git/tempo1/src/lib/validations/project.ts","statementMap":{"0":{"start":{"line":4,"column":29},"end":{"line":21,"column":3}},"1":{"start":{"line":17,"column":2},"end":{"line":17,"column":null}}},"fnMap":{"0":{"name":"(anonymous_0)","decl":{"start":{"line":15,"column":10},"end":{"line":15,"column":null}},"loc":{"start":{"line":15,"column":10},"end":{"line":18,"column":3}}}},"branchMap":{},"s":{"0":0,"1":0},"f":{"0":0},"b":{}}
,"/mnt/c/users/orono/code/git/tempo1/src/lib/validations/task.ts": {"path":"/mnt/c/users/orono/code/git/tempo1/src/lib/validations/task.ts","statementMap":{"0":{"start":{"line":4,"column":26},"end":{"line":20,"column":3}}},"fnMap":{},"branchMap":{},"s":{"0":0},"f":{},"b":{}}
}
