TN:
SF:src/middleware.ts
FN:4,middleware
FNF:1
FNH:0
FNDA:0,middleware
DA:5,0
DA:8,0
LF:2
LH:0
BRF:0
BRH:0
end_of_record
TN:
SF:src/app/layout.tsx
FN:17,RootLayout
FNF:1
FNH:0
FNDA:0,RootLayout
DA:6,0
DA:8,0
LF:2
LH:0
BRF:0
BRH:0
end_of_record
TN:
SF:src/app/page-simple.tsx
FN:1,SimpleHome
FNF:1
FNH:0
FNDA:0,SimpleHome
LF:0
LH:0
BRF:0
BRH:0
end_of_record
TN:
SF:src/app/page.tsx
FN:6,HomePage
FNF:1
FNH:0
FNDA:0,HomePage
LF:0
LH:0
BRF:0
BRH:0
end_of_record
TN:
SF:src/app/providers.tsx
FN:8,Providers
FN:12,(anonymous_1)
FN:17,(anonymous_2)
FNF:3
FNH:0
FNDA:0,Providers
FNDA:0,(anonymous_1)
FNDA:0,(anonymous_2)
DA:9,0
DA:12,0
DA:13,0
DA:17,0
DA:18,0
DA:19,0
DA:21,0
DA:22,0
DA:25,0
DA:30,0
DA:32,0
DA:36,0
LF:12
LH:0
BRDA:18,0,0,0
BRDA:25,1,0,0
BRDA:25,1,1,0
BRDA:26,2,0,0
BRDA:26,2,1,0
BRDA:26,2,2,0
BRDA:26,2,3,0
BRDA:26,2,4,0
BRF:8
BRH:0
end_of_record
TN:
SF:src/app/(auth)/layout.tsx
FN:8,AuthLayout
FNF:1
FNH:0
FNDA:0,AuthLayout
DA:3,0
LF:1
LH:0
BRF:0
BRH:0
end_of_record
TN:
SF:src/app/(auth)/login/page.tsx
FN:16,LoginPage
FN:27,(anonymous_1)
FN:53,(anonymous_2)
FN:87,(anonymous_3)
FN:140,(anonymous_4)
FN:172,(anonymous_5)
FN:199,(anonymous_6)
FN:291,(anonymous_7)
FN:312,(anonymous_8)
FNF:9
FNH:0
FNDA:0,LoginPage
FNDA:0,(anonymous_1)
FNDA:0,(anonymous_2)
FNDA:0,(anonymous_3)
FNDA:0,(anonymous_4)
FNDA:0,(anonymous_5)
FNDA:0,(anonymous_6)
FNDA:0,(anonymous_7)
FNDA:0,(anonymous_8)
DA:17,0
DA:18,0
DA:19,0
DA:20,0
DA:21,0
DA:22,0
DA:23,0
DA:24,0
DA:27,0
DA:29,0
DA:30,0
DA:35,0
DA:37,0
DA:40,0
DA:41,0
DA:43,0
DA:44,0
DA:46,0
DA:53,0
DA:54,0
DA:55,0
DA:56,0
DA:57,0
DA:58,0
DA:62,0
DA:63,0
DA:66,0
DA:67,0
DA:68,0
DA:75,0
DA:76,0
DA:77,0
DA:87,0
DA:88,0
DA:89,0
DA:91,0
DA:92,0
DA:93,0
DA:96,0
DA:97,0
DA:103,0
DA:106,0
DA:107,0
DA:112,0
DA:113,0
DA:115,0
DA:121,0
DA:122,0
DA:125,0
DA:126,0
DA:128,0
DA:129,0
DA:130,0
DA:131,0
DA:133,0
DA:139,0
DA:140,0
DA:143,0
DA:144,0
DA:146,0
DA:150,0
DA:152,0
DA:153,0
DA:158,0
DA:161,0
DA:162,0
DA:167,0
DA:172,0
DA:173,0
DA:174,0
DA:177,0
DA:180,0
DA:181,0
DA:182,0
DA:183,0
DA:187,0
DA:188,0
DA:189,0
DA:193,0
DA:199,0
DA:202,0
DA:204,0
DA:205,0
DA:214,0
DA:291,0
DA:312,0
LF:86
LH:0
BRDA:29,0,0,0
BRDA:35,1,0,0
BRDA:35,2,0,0
BRDA:35,2,1,0
BRDA:37,3,0,0
BRDA:37,3,1,0
BRDA:40,4,0,0
BRDA:40,4,1,0
BRDA:54,5,0,0
BRDA:56,6,0,0
BRDA:66,7,0,0
BRDA:66,7,1,0
BRDA:75,8,0,0
BRDA:97,9,0,0
BRDA:97,9,1,0
BRDA:112,10,0,0
BRDA:118,11,0,0
BRDA:118,11,1,0
BRDA:128,12,0,0
BRDA:128,12,1,0
BRDA:129,13,0,0
BRDA:129,13,1,0
BRDA:129,14,0,0
BRDA:129,14,1,0
BRDA:131,15,0,0
BRDA:131,15,1,0
BRDA:144,16,0,0
BRDA:144,16,1,0
BRDA:165,17,0,0
BRDA:165,17,1,0
BRDA:180,18,0,0
BRDA:187,19,0,0
BRDA:214,20,0,0
BRDA:247,21,0,0
BRDA:333,22,0,0
BRDA:333,22,1,0
BRF:36
BRH:0
end_of_record
TN:
SF:src/app/(auth)/login/simple-page.tsx
FN:5,SimpleLoginPage
FNF:1
FNH:0
FNDA:0,SimpleLoginPage
LF:0
LH:0
BRF:0
BRH:0
end_of_record
TN:
SF:src/app/(auth)/reset-password/page.tsx
FN:13,ResetPasswordPage
FN:18,(anonymous_1)
FN:79,(anonymous_2)
FN:103,(anonymous_3)
FNF:4
FNH:0
FNDA:0,ResetPasswordPage
FNDA:0,(anonymous_1)
FNDA:0,(anonymous_2)
FNDA:0,(anonymous_3)
DA:14,0
DA:15,0
DA:16,0
DA:18,0
DA:19,0
DA:20,0
DA:22,0
DA:23,0
DA:27,0
DA:28,0
DA:34,0
DA:35,0
DA:41,0
DA:47,0
DA:79,0
DA:103,0
LF:16
LH:0
BRDA:27,0,0,0
BRDA:27,0,1,0
BRDA:69,1,0,0
BRDA:88,2,0,0
BRDA:88,2,1,0
BRF:5
BRH:0
end_of_record
TN:
SF:src/app/(auth)/signup/page.tsx
FN:13,SignupPage
FN:21,(anonymous_1)
FN:94,(anonymous_2)
FN:107,(anonymous_3)
FN:123,(anonymous_4)
FNF:5
FNH:0
FNDA:0,SignupPage
FNDA:0,(anonymous_1)
FNDA:0,(anonymous_2)
FNDA:0,(anonymous_3)
FNDA:0,(anonymous_4)
DA:14,0
DA:15,0
DA:16,0
DA:17,0
DA:18,0
DA:19,0
DA:21,0
DA:22,0
DA:24,0
DA:25,0
DA:30,0
DA:33,0
DA:35,0
DA:36,0
DA:38,0
DA:39,0
DA:45,0
DA:50,0
DA:51,0
DA:53,0
DA:57,0
DA:63,0
DA:94,0
DA:107,0
DA:123,0
LF:25
LH:0
BRDA:24,0,0,0
BRDA:38,1,0,0
BRDA:38,1,1,0
BRDA:50,2,0,0
BRDA:50,2,1,0
BRDA:50,3,0,0
BRDA:50,3,1,0
BRDA:50,4,0,0
BRDA:50,4,1,0
BRDA:50,5,0,0
BRDA:50,5,1,0
BRDA:133,6,0,0
BRDA:133,6,1,0
BRF:13
BRH:0
end_of_record
TN:
SF:src/app/(auth)/update-password/page.tsx
FN:14,UpdatePasswordPage
FN:21,(anonymous_1)
FN:23,(anonymous_2)
FN:40,(anonymous_3)
FN:75,(anonymous_4)
FN:127,(anonymous_5)
FN:143,(anonymous_6)
FNF:7
FNH:0
FNDA:0,UpdatePasswordPage
FNDA:0,(anonymous_1)
FNDA:0,(anonymous_2)
FNDA:0,(anonymous_3)
FNDA:0,(anonymous_4)
FNDA:0,(anonymous_5)
FNDA:0,(anonymous_6)
DA:15,0
DA:16,0
DA:17,0
DA:18,0
DA:19,0
DA:21,0
DA:23,0
DA:24,0
DA:27,0
DA:28,0
DA:33,0
DA:37,0
DA:40,0
DA:41,0
DA:42,0
DA:44,0
DA:45,0
DA:46,0
DA:49,0
DA:50,0
DA:51,0
DA:54,0
DA:56,0
DA:57,0
DA:61,0
DA:62,0
DA:67,0
DA:69,0
DA:75,0
DA:76,0
DA:80,0
DA:86,0
DA:127,0
DA:143,0
LF:34
LH:0
BRDA:27,0,0,0
BRDA:27,1,0,0
BRDA:27,1,1,0
BRDA:44,2,0,0
BRDA:49,3,0,0
BRDA:61,4,0,0
BRDA:61,4,1,0
BRDA:107,5,0,0
BRDA:152,6,0,0
BRDA:152,6,1,0
BRF:10
BRH:0
end_of_record
TN:
SF:src/app/(auth)/verify-email/page.tsx
FN:13,VerifyEmailPage
FN:21,(anonymous_1)
FN:22,(anonymous_2)
FN:33,(anonymous_3)
FN:43,(anonymous_4)
FN:112,(anonymous_5)
FNF:6
FNH:0
FNDA:0,VerifyEmailPage
FNDA:0,(anonymous_1)
FNDA:0,(anonymous_2)
FNDA:0,(anonymous_3)
FNDA:0,(anonymous_4)
FNDA:0,(anonymous_5)
DA:14,0
DA:15,0
DA:16,0
DA:17,0
DA:18,0
DA:21,0
DA:22,0
DA:23,0
DA:25,0
DA:26,0
DA:28,0
DA:31,0
DA:32,0
DA:33,0
DA:34,0
DA:40,0
DA:43,0
DA:44,0
DA:46,0
DA:48,0
DA:49,0
DA:54,0
DA:55,0
DA:61,0
DA:67,0
DA:73,0
DA:112,0
LF:27
LH:0
BRDA:25,0,0,0
BRDA:25,0,1,0
BRDA:28,1,0,0
BRDA:28,1,1,0
BRDA:31,2,0,0
BRDA:44,3,0,0
BRDA:54,4,0,0
BRDA:54,4,1,0
BRDA:89,5,0,0
BRDA:89,5,1,0
BRDA:92,6,0,0
BRDA:92,6,1,0
BRDA:100,7,0,0
BRDA:106,8,0,0
BRDA:132,9,0,0
BRDA:132,9,1,0
BRF:16
BRH:0
end_of_record
TN:
SF:src/app/(dashboard)/error-boundary.tsx
FN:13,(anonymous_0)
FN:38,(anonymous_1)
FN:39,(anonymous_2)
FN:46,(anonymous_3)
FN:56,(anonymous_4)
FNF:5
FNH:0
FNDA:0,(anonymous_0)
FNDA:0,(anonymous_1)
FNDA:0,(anonymous_2)
FNDA:0,(anonymous_3)
FNDA:0,(anonymous_4)
DA:13,0
DA:38,0
DA:39,0
DA:41,0
DA:48,0
DA:56,0
LF:6
LH:0
BRF:0
BRH:0
end_of_record
TN:
SF:src/app/(dashboard)/layout.tsx
FN:10,Layout
FN:17,(anonymous_1)
FN:25,(anonymous_2)
FN:34,(anonymous_3)
FN:85,(anonymous_4)
FN:87,(anonymous_5)
FN:118,(anonymous_6)
FN:122,(anonymous_7)
FN:130,(anonymous_8)
FN:137,(anonymous_9)
FN:166,(anonymous_10)
FN:174,(anonymous_11)
FN:178,(anonymous_12)
FNF:13
FNH:0
FNDA:0,Layout
FNDA:0,(anonymous_1)
FNDA:0,(anonymous_2)
FNDA:0,(anonymous_3)
FNDA:0,(anonymous_4)
FNDA:0,(anonymous_5)
FNDA:0,(anonymous_6)
FNDA:0,(anonymous_7)
FNDA:0,(anonymous_8)
FNDA:0,(anonymous_9)
FNDA:0,(anonymous_10)
FNDA:0,(anonymous_11)
FNDA:0,(anonymous_12)
DA:11,0
DA:12,0
DA:13,0
DA:14,0
DA:15,0
DA:17,0
DA:18,0
DA:21,0
DA:22,0
DA:25,0
DA:26,0
DA:27,0
DA:32,0
DA:34,0
DA:35,0
DA:36,0
DA:39,0
DA:40,0
DA:43,0
DA:44,0
DA:45,0
DA:46,0
DA:47,0
DA:51,0
DA:52,0
DA:53,0
DA:57,0
DA:59,0
DA:60,0
DA:62,0
DA:63,0
DA:64,0
DA:65,0
DA:68,0
DA:69,0
DA:70,0
DA:71,0
DA:74,0
DA:75,0
DA:78,0
DA:79,0
DA:81,0
DA:85,0
DA:87,0
DA:88,0
DA:89,0
DA:91,0
DA:92,0
DA:93,0
DA:96,0
DA:99,0
DA:101,0
DA:102,0
DA:104,0
DA:108,0
DA:111,0
DA:113,0
DA:118,0
DA:119,0
DA:122,0
DA:123,0
DA:124,0
DA:125,0
DA:130,0
DA:132,0
DA:133,0
DA:134,0
DA:137,0
DA:138,0
DA:140,0
DA:141,0
DA:143,0
DA:144,0
DA:145,0
DA:146,0
DA:149,0
DA:150,0
DA:151,0
DA:152,0
DA:156,0
DA:157,0
DA:158,0
DA:160,0
DA:161,0
DA:166,0
DA:167,0
DA:168,0
DA:169,0
DA:170,0
DA:174,0
DA:175,0
DA:178,0
DA:183,0
DA:188,0
LF:94
LH:0
BRDA:26,0,0,0
BRDA:43,1,0,0
BRDA:51,2,0,0
BRDA:57,3,0,0
BRDA:62,4,0,0
BRDA:68,5,0,0
BRDA:91,6,0,0
BRDA:91,7,0,0
BRDA:91,7,1,0
BRDA:132,8,0,0
BRDA:132,9,0,0
BRDA:132,9,1,0
BRDA:132,9,2,0
BRDA:143,10,0,0
BRDA:149,11,0,0
BRDA:183,12,0,0
BRDA:183,13,0,0
BRDA:183,13,1,0
BRDA:188,14,0,0
BRF:19
BRH:0
end_of_record
TN:
SF:src/app/(dashboard)/analytics/page.tsx
FN:14,AnalyticsPage
FN:27,(anonymous_1)
FN:33,(anonymous_2)
FN:37,(anonymous_3)
FN:39,(anonymous_4)
FN:45,(anonymous_5)
FN:58,(anonymous_6)
FNF:7
FNH:0
FNDA:0,AnalyticsPage
FNDA:0,(anonymous_1)
FNDA:0,(anonymous_2)
FNDA:0,(anonymous_3)
FNDA:0,(anonymous_4)
FNDA:0,(anonymous_5)
FNDA:0,(anonymous_6)
DA:15,0
DA:16,0
DA:17,0
DA:20,0
DA:21,0
DA:22,0
DA:23,0
DA:24,0
DA:27,0
DA:28,0
DA:32,0
DA:34,0
DA:37,0
DA:39,0
DA:40,0
DA:45,0
DA:46,0
DA:47,0
DA:48,0
DA:58,0
LF:20
LH:0
BRDA:28,0,0,0
BRDA:28,0,1,0
BRDA:29,1,0,0
BRDA:29,1,1,0
BRDA:34,2,0,0
BRDA:34,2,1,0
BRDA:35,3,0,0
BRDA:35,3,1,0
BRDA:37,4,0,0
BRDA:37,4,1,0
BRDA:40,5,0,0
BRDA:40,5,1,0
BRDA:69,6,0,0
BRDA:69,6,1,0
BRDA:87,7,0,0
BRDA:87,7,1,0
BRDA:102,8,0,0
BRDA:102,8,1,0
BRDA:128,9,0,0
BRDA:128,9,1,0
BRDA:134,10,0,0
BRDA:134,10,1,0
BRF:22
BRH:0
end_of_record
TN:
SF:src/app/(dashboard)/calendar/page.tsx
FN:13,CalendarPage
FN:30,(anonymous_1)
FN:41,(anonymous_2)
FN:98,(anonymous_3)
FN:109,(anonymous_4)
FN:142,(anonymous_5)
FNF:6
FNH:0
FNDA:0,CalendarPage
FNDA:0,(anonymous_1)
FNDA:0,(anonymous_2)
FNDA:0,(anonymous_3)
FNDA:0,(anonymous_4)
FNDA:0,(anonymous_5)
DA:19,0
DA:22,0
DA:23,0
DA:27,0
DA:28,0
DA:30,0
DA:32,0
DA:33,0
DA:36,0
DA:37,0
DA:39,0
DA:41,0
DA:43,0
DA:44,0
DA:45,0
DA:47,0
DA:51,0
DA:52,0
DA:56,0
DA:79,0
DA:81,0
DA:82,0
DA:83,0
DA:84,0
DA:86,0
DA:89,0
DA:94,0
DA:95,0
DA:98,0
DA:100,0
DA:101,0
DA:104,0
DA:105,0
DA:107,0
DA:109,0
DA:124,0
DA:126,0
DA:127,0
DA:128,0
DA:129,0
DA:131,0
DA:134,0
DA:142,0
LF:43
LH:0
BRDA:32,0,0,0
BRDA:32,1,0,0
BRDA:32,1,1,0
BRDA:44,2,0,0
BRDA:47,3,0,0
BRDA:47,3,1,0
BRDA:49,4,0,0
BRDA:49,4,1,0
BRDA:59,5,0,0
BRDA:59,5,1,0
BRDA:60,6,0,0
BRDA:60,6,1,0
BRDA:61,7,0,0
BRDA:61,7,1,0
BRDA:63,8,0,0
BRDA:63,8,1,0
BRDA:65,9,0,0
BRDA:65,9,1,0
BRDA:66,10,0,0
BRDA:66,10,1,0
BRDA:67,11,0,0
BRDA:67,11,1,0
BRDA:69,12,0,0
BRDA:69,12,1,0
BRDA:71,13,0,0
BRDA:71,13,1,0
BRDA:81,14,0,0
BRDA:81,14,1,0
BRDA:100,15,0,0
BRDA:100,16,0,0
BRDA:100,16,1,0
BRDA:112,17,0,0
BRDA:112,17,1,0
BRDA:117,18,0,0
BRDA:117,18,1,0
BRDA:119,19,0,0
BRDA:119,19,1,0
BRDA:126,20,0,0
BRDA:126,20,1,0
BRF:39
BRH:0
end_of_record
TN:
SF:src/app/(dashboard)/dashboard/page.tsx
FN:53,DashboardPage
FN:66,(anonymous_1)
FN:73,(anonymous_2)
FN:146,(anonymous_3)
FN:251,(anonymous_4)
FN:281,(anonymous_6)
FN:352,(anonymous_7)
FN:387,(anonymous_8)
FN:410,QuickAccessCard
FN:439,getGreeting
FN:446,getPriorityClass
FNF:11
FNH:0
FNDA:0,DashboardPage
FNDA:0,(anonymous_1)
FNDA:0,(anonymous_2)
FNDA:0,(anonymous_3)
FNDA:0,(anonymous_4)
FNDA:0,(anonymous_6)
FNDA:0,(anonymous_7)
FNDA:0,(anonymous_8)
FNDA:0,QuickAccessCard
FNDA:0,getGreeting
FNDA:0,getPriorityClass
DA:54,0
DA:55,0
DA:56,0
DA:57,0
DA:58,0
DA:61,0
DA:62,0
DA:63,0
DA:66,0
DA:67,0
DA:68,0
DA:69,0
DA:73,0
DA:74,0
DA:75,0
DA:76,0
DA:80,0
DA:146,0
DA:251,0
DA:281,0
DA:353,0
DA:388,0
DA:440,0
DA:441,0
DA:442,0
DA:443,0
DA:447,0
DA:449,0
DA:451,0
DA:453,0
DA:455,0
LF:31
LH:0
BRDA:69,0,0,0
BRDA:69,0,1,0
BRDA:76,1,0,0
BRDA:76,1,1,0
BRDA:80,2,0,0
BRDA:80,2,1,0
BRDA:80,3,0,0
BRDA:80,3,1,0
BRDA:80,4,0,0
BRDA:80,4,1,0
BRDA:80,5,0,0
BRDA:80,5,1,0
BRDA:170,6,0,0
BRDA:170,6,1,0
BRDA:170,7,0,0
BRDA:170,7,1,0
BRDA:179,8,0,0
BRDA:260,9,0,0
BRDA:281,10,0,0
BRDA:352,11,0,0
BRDA:376,12,0,0
BRDA:376,12,1,0
BRDA:379,13,0,0
BRDA:379,13,1,0
BRDA:380,14,0,0
BRDA:380,14,1,0
BRDA:381,15,0,0
BRDA:381,15,1,0
BRDA:387,16,0,0
BRDA:441,17,0,0
BRDA:442,18,0,0
BRDA:447,19,0,0
BRDA:447,19,1,0
BRDA:447,19,2,0
BRDA:447,19,3,0
BRF:35
BRH:0
end_of_record
TN:
SF:src/app/(dashboard)/dashboard/simple.tsx
FN:3,SimpleDashboardPage
FNF:1
FNH:0
FNDA:0,SimpleDashboardPage
LF:0
LH:0
BRF:0
BRH:0
end_of_record
TN:
SF:src/app/(dashboard)/projects/page.tsx
FN:12,ProjectsPage
FN:18,(anonymous_1)
FN:27,(anonymous_2)
FN:28,(anonymous_3)
FN:42,(anonymous_4)
FN:46,(anonymous_5)
FNF:6
FNH:0
FNDA:0,ProjectsPage
FNDA:0,(anonymous_1)
FNDA:0,(anonymous_2)
FNDA:0,(anonymous_3)
FNDA:0,(anonymous_4)
FNDA:0,(anonymous_5)
DA:13,0
DA:14,0
DA:15,0
DA:18,0
DA:19,0
DA:20,0
DA:27,0
DA:28,0
DA:42,0
DA:46,0
LF:10
LH:0
BRDA:21,0,0,0
BRDA:21,0,1,0
BRDA:21,0,2,0
BRDA:68,1,0,0
BRDA:69,2,0,0
BRDA:69,2,1,0
BRDA:82,3,0,0
BRDA:83,4,0,0
BRDA:83,4,1,0
BRDA:96,5,0,0
BRDA:97,6,0,0
BRDA:97,6,1,0
BRF:12
BRH:0
end_of_record
TN:
SF:src/app/(dashboard)/settings/page.tsx
FN:13,SettingsPage
FN:35,(anonymous_1)
FN:40,(anonymous_2)
FN:57,(anonymous_3)
FN:62,(anonymous_4)
FN:83,(anonymous_5)
FN:88,(anonymous_6)
FN:105,(anonymous_7)
FN:116,(anonymous_8)
FN:136,(anonymous_9)
FN:164,(anonymous_10)
FN:172,(anonymous_11)
FN:180,(anonymous_12)
FN:188,(anonymous_13)
FN:233,(anonymous_14)
FN:254,(anonymous_15)
FN:289,(anonymous_16)
FN:299,(anonymous_17)
FN:309,(anonymous_18)
FN:347,(anonymous_19)
FN:361,(anonymous_20)
FN:375,(anonymous_21)
FN:413,(anonymous_22)
FNF:23
FNH:0
FNDA:0,SettingsPage
FNDA:0,(anonymous_1)
FNDA:0,(anonymous_2)
FNDA:0,(anonymous_3)
FNDA:0,(anonymous_4)
FNDA:0,(anonymous_5)
FNDA:0,(anonymous_6)
FNDA:0,(anonymous_7)
FNDA:0,(anonymous_8)
FNDA:0,(anonymous_9)
FNDA:0,(anonymous_10)
FNDA:0,(anonymous_11)
FNDA:0,(anonymous_12)
FNDA:0,(anonymous_13)
FNDA:0,(anonymous_14)
FNDA:0,(anonymous_15)
FNDA:0,(anonymous_16)
FNDA:0,(anonymous_17)
FNDA:0,(anonymous_18)
FNDA:0,(anonymous_19)
FNDA:0,(anonymous_20)
FNDA:0,(anonymous_21)
FNDA:0,(anonymous_22)
DA:14,0
DA:15,0
DA:16,0
DA:17,0
DA:18,0
DA:21,0
DA:22,0
DA:25,0
DA:26,0
DA:27,0
DA:28,0
DA:31,0
DA:32,0
DA:33,0
DA:35,0
DA:36,0
DA:38,0
DA:40,0
DA:42,0
DA:47,0
DA:53,0
DA:57,0
DA:58,0
DA:60,0
DA:62,0
DA:64,0
DA:65,0
DA:66,0
DA:68,0
DA:73,0
DA:79,0
DA:83,0
DA:84,0
DA:86,0
DA:88,0
DA:90,0
DA:95,0
DA:101,0
DA:105,0
DA:106,0
DA:110,0
DA:112,0
DA:114,0
DA:116,0
DA:118,0
DA:123,0
DA:124,0
DA:126,0
DA:132,0
DA:136,0
DA:137,0
DA:138,0
DA:139,0
DA:141,0
DA:164,0
DA:172,0
DA:180,0
DA:188,0
DA:233,0
DA:254,0
DA:289,0
DA:299,0
DA:309,0
DA:347,0
DA:361,0
DA:375,0
DA:413,0
LF:67
LH:0
BRDA:21,0,0,0
BRDA:21,0,1,0
BRDA:21,1,0,0
BRDA:21,1,1,0
BRDA:21,2,0,0
BRDA:21,2,1,0
BRDA:21,3,0,0
BRDA:21,3,1,0
BRDA:22,4,0,0
BRDA:22,4,1,0
BRDA:22,5,0,0
BRDA:22,5,1,0
BRDA:22,6,0,0
BRDA:22,6,1,0
BRDA:22,7,0,0
BRDA:22,7,1,0
BRDA:25,8,0,0
BRDA:25,8,1,0
BRDA:25,9,0,0
BRDA:25,9,1,0
BRDA:25,10,0,0
BRDA:25,10,1,0
BRDA:110,11,0,0
BRDA:162,12,0,0
BRDA:162,12,1,0
BRDA:170,13,0,0
BRDA:170,13,1,0
BRDA:178,14,0,0
BRDA:178,14,1,0
BRDA:186,15,0,0
BRDA:186,15,1,0
BRDA:219,16,0,0
BRDA:267,17,0,0
BRDA:267,17,1,0
BRDA:274,18,0,0
BRDA:318,19,0,0
BRDA:318,19,1,0
BRDA:318,19,2,0
BRDA:318,19,3,0
BRDA:321,20,0,0
BRDA:321,20,1,0
BRDA:328,21,0,0
BRDA:387,22,0,0
BRDA:387,22,1,0
BRDA:394,23,0,0
BRF:45
BRH:0
end_of_record
TN:
SF:src/app/(dashboard)/tasks/page.tsx
FN:34,(anonymous_0)
FN:48,(anonymous_1)
FN:58,(anonymous_2)
FN:75,(anonymous_3)
FN:114,(anonymous_5)
FN:124,(anonymous_6)
FN:135,TasksPage
FN:159,(anonymous_8)
FN:167,(anonymous_9)
FN:174,(anonymous_10)
FN:197,(anonymous_11)
FN:222,(anonymous_12)
FN:236,(anonymous_13)
FN:285,(anonymous_14)
FN:299,(anonymous_15)
FN:318,(anonymous_16)
FN:335,(anonymous_17)
FN:355,(anonymous_18)
FN:375,(anonymous_19)
FN:379,(anonymous_20)
FN:417,(anonymous_21)
FN:426,(anonymous_22)
FN:434,(anonymous_23)
FN:457,(anonymous_24)
FN:479,(anonymous_25)
FN:501,(anonymous_26)
FN:517,(anonymous_27)
FN:546,(anonymous_28)
FN:561,(anonymous_29)
FN:565,(anonymous_30)
FN:567,(anonymous_31)
FN:606,(anonymous_32)
FN:616,(anonymous_33)
FN:645,getPriorityBadgeClass
FNF:34
FNH:0
FNDA:0,(anonymous_0)
FNDA:0,(anonymous_1)
FNDA:0,(anonymous_2)
FNDA:0,(anonymous_3)
FNDA:0,(anonymous_5)
FNDA:0,(anonymous_6)
FNDA:0,TasksPage
FNDA:0,(anonymous_8)
FNDA:0,(anonymous_9)
FNDA:0,(anonymous_10)
FNDA:0,(anonymous_11)
FNDA:0,(anonymous_12)
FNDA:0,(anonymous_13)
FNDA:0,(anonymous_14)
FNDA:0,(anonymous_15)
FNDA:0,(anonymous_16)
FNDA:0,(anonymous_17)
FNDA:0,(anonymous_18)
FNDA:0,(anonymous_19)
FNDA:0,(anonymous_20)
FNDA:0,(anonymous_21)
FNDA:0,(anonymous_22)
FNDA:0,(anonymous_23)
FNDA:0,(anonymous_24)
FNDA:0,(anonymous_25)
FNDA:0,(anonymous_26)
FNDA:0,(anonymous_27)
FNDA:0,(anonymous_28)
FNDA:0,(anonymous_29)
FNDA:0,(anonymous_30)
FNDA:0,(anonymous_31)
FNDA:0,(anonymous_32)
FNDA:0,(anonymous_33)
FNDA:0,getPriorityBadgeClass
DA:34,0
DA:48,0
DA:49,0
DA:50,0
DA:58,0
DA:59,0
DA:60,0
DA:61,0
DA:62,0
DA:63,0
DA:64,0
DA:75,0
DA:115,0
DA:116,0
DA:124,0
DA:136,0
DA:137,0
DA:138,0
DA:139,0
DA:140,0
DA:142,0
DA:143,0
DA:144,0
DA:145,0
DA:148,0
DA:159,0
DA:160,0
DA:161,0
DA:162,0
DA:167,0
DA:168,0
DA:169,0
DA:174,0
DA:175,0
DA:176,0
DA:177,0
DA:178,0
DA:190,0
DA:197,0
DA:199,0
DA:200,0
DA:201,0
DA:202,0
DA:203,0
DA:204,0
DA:205,0
DA:209,0
DA:210,0
DA:214,0
DA:215,0
DA:218,0
DA:222,0
DA:223,0
DA:224,0
DA:227,0
DA:228,0
DA:229,0
DA:236,0
DA:237,0
DA:239,0
DA:243,0
DA:263,0
DA:266,0
DA:267,0
DA:272,0
DA:274,0
DA:277,0
DA:278,0
DA:285,0
DA:286,0
DA:290,0
DA:299,0
DA:300,0
DA:302,0
DA:303,0
DA:304,0
DA:305,0
DA:310,0
DA:318,0
DA:320,0
DA:321,0
DA:322,0
DA:327,0
DA:335,0
DA:336,0
DA:338,0
DA:339,0
DA:343,0
DA:347,0
DA:355,0
DA:356,0
DA:358,0
DA:359,0
DA:363,0
DA:367,0
DA:375,0
DA:376,0
DA:379,0
DA:381,0
DA:384,0
DA:392,0
DA:417,0
DA:426,0
DA:435,0
DA:436,0
DA:458,0
DA:459,0
DA:480,0
DA:481,0
DA:502,0
DA:503,0
DA:518,0
DA:547,0
DA:548,0
DA:562,0
DA:563,0
DA:567,0
DA:568,0
DA:571,0
DA:572,0
DA:574,0
DA:577,0
DA:581,0
DA:583,0
DA:586,0
DA:589,0
DA:590,0
DA:593,0
DA:594,0
DA:595,0
DA:596,0
DA:607,0
DA:608,0
DA:617,0
DA:618,0
DA:646,0
DA:648,0
DA:650,0
DA:652,0
DA:654,0
LF:140
LH:0
BRDA:59,0,0,0
BRDA:68,1,0,0
BRDA:68,1,1,0
BRDA:80,2,0,0
BRDA:80,2,1,0
BRDA:83,3,0,0
BRDA:89,4,0,0
BRDA:97,5,0,0
BRDA:97,5,1,0
BRDA:105,6,0,0
BRDA:105,6,1,0
BRDA:137,7,0,0
BRDA:137,7,1,0
BRDA:137,8,0,0
BRDA:137,8,1,0
BRDA:137,9,0,0
BRDA:137,9,1,0
BRDA:138,10,0,0
BRDA:138,10,1,0
BRDA:138,11,0,0
BRDA:138,11,1,0
BRDA:138,12,0,0
BRDA:138,12,1,0
BRDA:150,13,0,0
BRDA:150,13,1,0
BRDA:150,14,0,0
BRDA:150,14,1,0
BRDA:150,14,2,0
BRDA:155,15,0,0
BRDA:155,15,1,0
BRDA:155,16,0,0
BRDA:155,16,1,0
BRDA:160,17,0,0
BRDA:168,18,0,0
BRDA:176,19,0,0
BRDA:193,20,0,0
BRDA:193,20,1,0
BRDA:199,21,0,0
BRDA:200,22,0,0
BRDA:209,23,0,0
BRDA:209,24,0,0
BRDA:209,24,1,0
BRDA:210,25,0,0
BRDA:214,26,0,0
BRDA:214,27,0,0
BRDA:214,27,1,0
BRDA:227,28,0,0
BRDA:245,29,0,0
BRDA:245,29,1,0
BRDA:246,30,0,0
BRDA:246,30,1,0
BRDA:247,31,0,0
BRDA:247,31,1,0
BRDA:249,32,0,0
BRDA:249,32,1,0
BRDA:251,33,0,0
BRDA:251,33,1,0
BRDA:252,34,0,0
BRDA:252,34,1,0
BRDA:254,35,0,0
BRDA:254,35,1,0
BRDA:255,36,0,0
BRDA:255,36,1,0
BRDA:274,37,0,0
BRDA:274,37,1,0
BRDA:277,38,0,0
BRDA:277,38,1,0
BRDA:277,39,0,0
BRDA:277,39,1,0
BRDA:300,40,0,0
BRDA:338,41,0,0
BRDA:338,41,1,0
BRDA:344,42,0,0
BRDA:344,42,1,0
BRDA:364,43,0,0
BRDA:364,43,1,0
BRDA:384,44,0,0
BRDA:392,45,0,0
BRDA:405,46,0,0
BRDA:405,46,1,0
BRDA:446,47,0,0
BRDA:456,48,0,0
BRDA:456,48,1,0
BRDA:456,49,0,0
BRDA:456,49,1,0
BRDA:478,50,0,0
BRDA:478,50,1,0
BRDA:483,51,0,0
BRDA:483,51,1,0
BRDA:500,52,0,0
BRDA:500,52,1,0
BRDA:505,53,0,0
BRDA:505,53,1,0
BRDA:534,54,0,0
BRDA:537,55,0,0
BRDA:537,55,1,0
BRDA:539,56,0,0
BRDA:539,56,1,0
BRDA:543,57,0,0
BRDA:543,57,1,0
BRDA:558,58,0,0
BRDA:568,59,0,0
BRDA:571,60,0,0
BRDA:571,60,1,0
BRDA:572,61,0,0
BRDA:572,61,1,0
BRDA:581,62,0,0
BRDA:581,62,1,0
BRDA:589,63,0,0
BRDA:589,63,1,0
BRDA:593,64,0,0
BRDA:593,64,1,0
BRDA:595,65,0,0
BRDA:603,66,0,0
BRDA:613,67,0,0
BRDA:624,68,0,0
BRDA:624,68,1,0
BRDA:624,68,2,0
BRDA:646,69,0,0
BRDA:646,69,1,0
BRDA:646,69,2,0
BRDA:646,69,3,0
BRF:122
BRH:0
end_of_record
TN:
SF:src/app/_test_pages/dashboard/page.tsx
FN:9,DashboardDirectPage
FN:15,(anonymous_1)
FN:16,(anonymous_2)
FN:55,(anonymous_3)
FN:82,(anonymous_4)
FN:88,(anonymous_5)
FNF:6
FNH:0
FNDA:0,DashboardDirectPage
FNDA:0,(anonymous_1)
FNDA:0,(anonymous_2)
FNDA:0,(anonymous_3)
FNDA:0,(anonymous_4)
FNDA:0,(anonymous_5)
DA:10,0
DA:11,0
DA:12,0
DA:15,0
DA:16,0
DA:17,0
DA:19,0
DA:21,0
DA:22,0
DA:24,0
DA:26,0
DA:29,0
DA:31,0
DA:35,0
DA:38,0
DA:48,0
DA:55,0
DA:65,0
DA:82,0
DA:89,0
DA:90,0
LF:21
LH:0
BRDA:21,0,0,0
BRDA:21,0,1,0
BRDA:25,1,0,0
BRDA:25,1,1,0
BRDA:38,2,0,0
BRDA:48,3,0,0
BRDA:48,4,0,0
BRDA:48,4,1,0
BRDA:65,5,0,0
BRDA:65,5,1,0
BRDA:65,6,0,0
BRDA:65,6,1,0
BRDA:65,7,0,0
BRDA:65,7,1,0
BRDA:73,8,0,0
BRDA:73,8,1,0
BRDA:73,9,0,0
BRDA:73,9,1,0
BRDA:77,10,0,0
BRDA:77,10,1,0
BRDA:78,11,0,0
BRDA:78,11,1,0
BRF:22
BRH:0
end_of_record
TN:
SF:src/app/_test_pages/dashboard/real/page.tsx
FN:9,RealDashboardPage
FNF:1
FNH:0
FNDA:0,RealDashboardPage
DA:10,0
LF:1
LH:0
BRDA:18,0,0,0
BRDA:18,0,1,0
BRDA:18,1,0,0
BRDA:18,1,1,0
BRF:4
BRH:0
end_of_record
TN:
SF:src/app/api/route-config.ts
FN:31,(anonymous_0)
FN:32,(anonymous_1)
FN:33,(anonymous_2)
FN:40,(anonymous_3)
FN:41,(anonymous_4)
FN:42,(anonymous_5)
FNF:6
FNH:0
FNDA:0,(anonymous_0)
FNDA:0,(anonymous_1)
FNDA:0,(anonymous_2)
FNDA:0,(anonymous_3)
FNDA:0,(anonymous_4)
FNDA:0,(anonymous_5)
DA:6,0
DA:31,0
DA:32,0
DA:33,0
DA:40,0
DA:41,0
DA:42,0
LF:7
LH:0
BRF:0
BRH:0
end_of_record
TN:
SF:src/app/api/health/route.ts
FN:3,GET
FNF:1
FNH:0
FNDA:0,GET
DA:4,0
LF:1
LH:0
BRF:0
BRH:0
end_of_record
TN:
SF:src/app/api/placeholder/[width]/[height]/route.ts
FN:3,GET
FNF:1
FNH:0
FNDA:0,GET
DA:7,0
DA:8,0
DA:11,0
DA:12,0
DA:16,0
DA:27,0
LF:6
LH:0
BRDA:11,0,0,0
BRDA:11,1,0,0
BRDA:11,1,1,0
BRDA:11,1,2,0
BRDA:11,1,3,0
BRDA:11,1,4,0
BRDA:11,1,5,0
BRF:7
BRH:0
end_of_record
TN:
SF:src/app/api/scheduling/route.ts
FN:8,POST
FN:17,(anonymous_1)
FN:20,(anonymous_2)
FN:23,(anonymous_3)
FN:66,GET
FN:75,(anonymous_5)
FN:78,(anonymous_6)
FN:81,(anonymous_7)
FNF:8
FNH:0
FNDA:0,POST
FNDA:0,(anonymous_1)
FNDA:0,(anonymous_2)
FNDA:0,(anonymous_3)
FNDA:0,GET
FNDA:0,(anonymous_5)
FNDA:0,(anonymous_6)
FNDA:0,(anonymous_7)
DA:9,0
DA:11,0
DA:12,0
DA:18,0
DA:31,0
DA:32,0
DA:33,0
DA:40,0
DA:45,0
DA:54,0
DA:55,0
DA:67,0
DA:69,0
DA:70,0
DA:76,0
DA:89,0
DA:90,0
DA:91,0
DA:98,0
DA:99,0
DA:100,0
DA:105,0
DA:114,0
DA:115,0
LF:24
LH:0
BRDA:18,0,0,0
BRDA:18,0,1,0
BRDA:18,1,0,0
BRDA:18,1,1,0
BRDA:32,2,0,0
BRDA:76,3,0,0
BRDA:76,3,1,0
BRDA:76,4,0,0
BRDA:76,4,1,0
BRDA:90,5,0,0
BRF:10
BRH:0
end_of_record
TN:
SF:src/app/api/tasks/route.ts
FN:8,GET
FN:17,(anonymous_1)
FN:20,(anonymous_2)
FN:23,(anonymous_3)
FN:88,POST
FN:97,(anonymous_5)
FN:100,(anonymous_6)
FN:103,(anonymous_7)
FNF:8
FNH:0
FNDA:0,GET
FNDA:0,(anonymous_1)
FNDA:0,(anonymous_2)
FNDA:0,(anonymous_3)
FNDA:0,POST
FNDA:0,(anonymous_5)
FNDA:0,(anonymous_6)
FNDA:0,(anonymous_7)
DA:9,0
DA:11,0
DA:12,0
DA:18,0
DA:31,0
DA:32,0
DA:33,0
DA:40,0
DA:41,0
DA:42,0
DA:43,0
DA:46,0
DA:51,0
DA:52,0
DA:55,0
DA:56,0
DA:59,0
DA:60,0
DA:64,0
DA:66,0
DA:67,0
DA:68,0
DA:74,0
DA:76,0
DA:77,0
DA:89,0
DA:91,0
DA:92,0
DA:98,0
DA:111,0
DA:112,0
DA:113,0
DA:120,0
DA:123,0
DA:126,0
DA:131,0
DA:132,0
DA:133,0
DA:139,0
DA:141,0
DA:142,0
LF:41
LH:0
BRDA:18,0,0,0
BRDA:18,0,1,0
BRDA:18,1,0,0
BRDA:18,1,1,0
BRDA:32,2,0,0
BRDA:51,3,0,0
BRDA:55,4,0,0
BRDA:59,5,0,0
BRDA:66,6,0,0
BRDA:98,7,0,0
BRDA:98,7,1,0
BRDA:98,8,0,0
BRDA:98,8,1,0
BRDA:112,9,0,0
BRDA:131,10,0,0
BRF:15
BRH:0
end_of_record
TN:
SF:src/app/api/tasks/[id]/route.ts
FN:9,GET
FN:23,(anonymous_1)
FN:26,(anonymous_2)
FN:29,(anonymous_3)
FN:78,PUT
FN:92,(anonymous_5)
FN:95,(anonymous_6)
FN:98,(anonymous_7)
FN:154,DELETE
FN:168,(anonymous_9)
FN:171,(anonymous_10)
FN:174,(anonymous_11)
FNF:12
FNH:0
FNDA:0,GET
FNDA:0,(anonymous_1)
FNDA:0,(anonymous_2)
FNDA:0,(anonymous_3)
FNDA:0,PUT
FNDA:0,(anonymous_5)
FNDA:0,(anonymous_6)
FNDA:0,(anonymous_7)
FNDA:0,DELETE
FNDA:0,(anonymous_9)
FNDA:0,(anonymous_10)
FNDA:0,(anonymous_11)
DA:13,0
DA:14,0
DA:17,0
DA:18,0
DA:24,0
DA:37,0
DA:38,0
DA:39,0
DA:46,0
DA:53,0
DA:54,0
DA:55,0
DA:61,0
DA:62,0
DA:68,0
DA:70,0
DA:71,0
DA:82,0
DA:83,0
DA:86,0
DA:87,0
DA:93,0
DA:106,0
DA:107,0
DA:108,0
DA:115,0
DA:118,0
DA:119,0
DA:122,0
DA:129,0
DA:130,0
DA:131,0
DA:137,0
DA:138,0
DA:144,0
DA:146,0
DA:147,0
DA:158,0
DA:159,0
DA:162,0
DA:163,0
DA:169,0
DA:182,0
DA:183,0
DA:184,0
DA:191,0
DA:197,0
DA:198,0
DA:199,0
DA:205,0
DA:207,0
DA:208,0
LF:52
LH:0
BRDA:24,0,0,0
BRDA:24,0,1,0
BRDA:24,1,0,0
BRDA:24,1,1,0
BRDA:38,2,0,0
BRDA:53,3,0,0
BRDA:54,4,0,0
BRDA:93,5,0,0
BRDA:93,5,1,0
BRDA:93,6,0,0
BRDA:93,6,1,0
BRDA:107,7,0,0
BRDA:129,8,0,0
BRDA:137,9,0,0
BRDA:169,10,0,0
BRDA:169,10,1,0
BRDA:169,11,0,0
BRDA:169,11,1,0
BRDA:183,12,0,0
BRDA:197,13,0,0
BRF:20
BRH:0
end_of_record
TN:
SF:src/app/basic/page.tsx
FN:3,BasicPage
FN:18,(anonymous_1)
FNF:2
FNH:0
FNDA:0,BasicPage
FNDA:0,(anonymous_1)
DA:18,0
LF:1
LH:0
BRF:0
BRH:0
end_of_record
TN:
SF:src/app/minimal-test/page.tsx
FN:3,MinimalTestPage
FNF:1
FNH:0
FNDA:0,MinimalTestPage
LF:0
LH:0
BRF:0
BRH:0
end_of_record
TN:
SF:src/app/status/page.tsx
FN:7,StatusPage
FN:15,(anonymous_1)
FN:16,checkStatus
FN:21,(anonymous_3)
FN:26,(anonymous_4)
FN:38,(anonymous_5)
FN:43,(anonymous_6)
FN:49,(anonymous_7)
FN:56,(anonymous_8)
FNF:9
FNH:0
FNDA:0,StatusPage
FNDA:0,(anonymous_1)
FNDA:0,checkStatus
FNDA:0,(anonymous_3)
FNDA:0,(anonymous_4)
FNDA:0,(anonymous_5)
FNDA:0,(anonymous_6)
FNDA:0,(anonymous_7)
FNDA:0,(anonymous_8)
DA:8,0
DA:15,0
DA:17,0
DA:19,0
DA:20,0
DA:21,0
DA:26,0
DA:35,0
DA:36,0
DA:37,0
DA:38,0
DA:43,0
DA:49,0
DA:56,0
DA:62,0
DA:66,0
LF:16
LH:0
BRDA:20,0,0,0
BRDA:20,0,1,0
BRDA:28,1,0,0
BRDA:28,1,1,0
BRDA:37,2,0,0
BRDA:37,2,1,0
BRDA:51,3,0,0
BRDA:51,3,1,0
BRF:8
BRH:0
end_of_record
TN:
SF:src/app/test/page.tsx
FN:10,TestPage
FN:13,(anonymous_1)
FN:37,(anonymous_2)
FNF:3
FNH:0
FNDA:0,TestPage
FNDA:0,(anonymous_1)
FNDA:0,(anonymous_2)
DA:11,0
DA:13,0
DA:14,0
DA:37,0
LF:4
LH:0
BRDA:16,0,0,0
BRDA:16,0,1,0
BRF:2
BRH:0
end_of_record
TN:
SF:src/app/test-auth/page.tsx
FN:10,TestAuthPage
FN:16,(anonymous_1)
FN:58,(anonymous_2)
FN:69,(anonymous_3)
FNF:4
FNH:0
FNDA:0,TestAuthPage
FNDA:0,(anonymous_1)
FNDA:0,(anonymous_2)
FNDA:0,(anonymous_3)
DA:11,0
DA:12,0
DA:13,0
DA:14,0
DA:16,0
DA:17,0
DA:18,0
DA:20,0
DA:22,0
DA:27,0
DA:33,0
DA:35,0
DA:36,0
DA:41,0
DA:58,0
DA:69,0
LF:16
LH:0
BRDA:38,0,0,0
BRDA:38,0,1,0
BRDA:79,1,0,0
BRDA:79,1,1,0
BRDA:83,2,0,0
BRDA:85,3,0,0
BRDA:85,3,1,0
BRF:7
BRH:0
end_of_record
TN:
SF:src/app/test-connection/page.tsx
FN:5,TestConnectionPage
FN:9,(anonymous_1)
FN:12,(anonymous_2)
FN:18,(anonymous_3)
FN:22,(anonymous_4)
FN:54,(anonymous_5)
FNF:6
FNH:0
FNDA:0,TestConnectionPage
FNDA:0,(anonymous_1)
FNDA:0,(anonymous_2)
FNDA:0,(anonymous_3)
FNDA:0,(anonymous_4)
FNDA:0,(anonymous_5)
DA:6,0
DA:7,0
DA:9,0
DA:11,0
DA:13,0
DA:14,0
DA:16,0
DA:19,0
DA:20,0
DA:23,0
DA:24,0
DA:54,0
LF:12
LH:0
BRDA:13,0,0,0
BRDA:34,1,0,0
BRDA:34,1,1,0
BRDA:34,2,0,0
BRDA:34,2,1,0
BRDA:40,3,0,0
BRDA:40,3,1,0
BRDA:41,4,0,0
BRDA:41,4,1,0
BRDA:42,5,0,0
BRDA:42,5,1,0
BRF:11
BRH:0
end_of_record
TN:
SF:src/app/test-page/page.tsx
FN:1,TestPage
FNF:1
FNH:0
FNDA:0,TestPage
LF:0
LH:0
BRF:0
BRH:0
end_of_record
TN:
SF:src/app/test-supabase/page.tsx
FN:8,TestSupabasePage
FN:13,(anonymous_1)
FN:24,(anonymous_2)
FN:30,(anonymous_3)
FN:42,(anonymous_4)
FNF:5
FNH:0
FNDA:0,TestSupabasePage
FNDA:0,(anonymous_1)
FNDA:0,(anonymous_2)
FNDA:0,(anonymous_3)
FNDA:0,(anonymous_4)
DA:9,0
DA:10,0
DA:11,0
DA:13,0
DA:14,0
DA:15,0
DA:17,0
DA:19,0
DA:20,0
DA:22,0
DA:24,0
DA:25,0
DA:26,0
DA:27,0
DA:30,0
DA:31,0
DA:32,0
DA:33,0
DA:36,0
DA:39,0
DA:40,0
DA:42,0
DA:44,0
LF:23
LH:0
BRDA:42,0,0,0
BRDA:42,0,1,0
BRDA:53,1,0,0
BRDA:53,1,1,0
BRDA:58,2,0,0
BRDA:58,2,1,0
BRDA:61,3,0,0
BRDA:61,3,1,0
BRF:8
BRH:0
end_of_record
TN:
SF:src/components/calendars.tsx
FN:19,Calendars
FNF:1
FNH:0
FNDA:0,Calendars
LF:0
LH:0
BRF:0
BRH:0
end_of_record
TN:
SF:src/components/command-palette.tsx
FN:17,CommandPalette
FN:22,(anonymous_1)
FN:23,(anonymous_2)
FN:31,(anonymous_3)
FN:34,(anonymous_4)
FN:51,(anonymous_5)
FN:55,(anonymous_6)
FN:59,(anonymous_7)
FN:63,(anonymous_8)
FN:67,(anonymous_9)
FN:71,(anonymous_10)
FN:78,(anonymous_11)
FN:82,(anonymous_12)
FNF:13
FNH:0
FNDA:0,CommandPalette
FNDA:0,(anonymous_1)
FNDA:0,(anonymous_2)
FNDA:0,(anonymous_3)
FNDA:0,(anonymous_4)
FNDA:0,(anonymous_5)
FNDA:0,(anonymous_6)
FNDA:0,(anonymous_7)
FNDA:0,(anonymous_8)
FNDA:0,(anonymous_9)
FNDA:0,(anonymous_10)
FNDA:0,(anonymous_11)
FNDA:0,(anonymous_12)
DA:18,0
DA:19,0
DA:22,0
DA:23,0
DA:24,0
DA:25,0
DA:26,0
DA:30,0
DA:31,0
DA:34,0
DA:35,0
DA:36,0
DA:51,0
DA:55,0
DA:59,0
DA:63,0
DA:67,0
DA:71,0
DA:78,0
DA:82,0
LF:20
LH:0
BRDA:24,0,0,0
BRDA:24,1,0,0
BRDA:24,1,1,0
BRDA:24,1,2,0
BRF:4
BRH:0
end_of_record
TN:
SF:src/components/date-picker.tsx
FN:7,DatePicker
FNF:1
FNH:0
FNDA:0,DatePicker
LF:0
LH:0
BRF:0
BRH:0
end_of_record
TN:
SF:src/components/keyboard-shortcuts-dialog.tsx
FN:15,KeyboardShortcutsDialog
FNF:1
FNH:0
FNDA:0,KeyboardShortcutsDialog
DA:16,0
DA:17,0
LF:2
LH:0
BRDA:46,0,0,0
BRDA:46,0,1,0
BRDA:49,1,0,0
BRF:3
BRH:0
end_of_record
TN:
SF:src/components/loading-skeleton.tsx
FN:5,LoadingSkeleton
FN:16,AuthLoadingSkeleton
FNF:2
FNH:0
FNDA:0,LoadingSkeleton
FNDA:0,AuthLoadingSkeleton
LF:0
LH:0
BRF:0
BRH:0
end_of_record
TN:
SF:src/components/nav-favorites.tsx
FN:28,NavFavorites
FNF:1
FNH:0
FNDA:0,NavFavorites
DA:37,0
LF:1
LH:0
BRDA:60,0,0,0
BRDA:60,0,1,0
BRDA:61,1,0,0
BRDA:61,1,1,0
BRF:4
BRH:0
end_of_record
TN:
SF:src/components/nav-main.tsx
FN:11,NavMain
FNF:1
FNH:0
FNDA:0,NavMain
LF:0
LH:0
BRF:0
BRH:0
end_of_record
TN:
SF:src/components/nav-secondary.tsx
FN:13,NavSecondary
FNF:1
FNH:0
FNDA:0,NavSecondary
LF:0
LH:0
BRDA:36,0,0,0
BRF:1
BRH:0
end_of_record
TN:
SF:src/components/nav-user.tsx
FN:33,NavUser
FNF:1
FNH:0
FNDA:0,NavUser
DA:42,0
LF:1
LH:0
BRDA:66,0,0,0
BRDA:66,0,1,0
BRF:2
BRH:0
end_of_record
TN:
SF:src/components/nav-workspaces.tsx
FN:21,NavWorkspaces
FNF:1
FNH:0
FNDA:0,NavWorkspaces
LF:0
LH:0
BRF:0
BRH:0
end_of_record
TN:
SF:src/components/settings-dialog.tsx
FN:63,SettingsDialog
FNF:1
FNH:0
FNDA:0,SettingsDialog
DA:46,0
LF:1
LH:0
BRF:0
BRH:0
end_of_record
TN:
SF:src/components/sidebar-left.tsx
FN:261,SidebarLeft
FNF:1
FNH:0
FNDA:0,SidebarLeft
DA:31,0
LF:1
LH:0
BRF:0
BRH:0
end_of_record
TN:
SF:src/components/sidebar-right.tsx
FN:42,SidebarRight
FNF:1
FNH:0
FNDA:0,SidebarRight
DA:20,0
LF:1
LH:0
BRF:0
BRH:0
end_of_record
TN:
SF:src/components/team-switcher.tsx
FN:21,TeamSwitcher
FN:61,(anonymous_2)
FNF:2
FNH:0
FNDA:0,TeamSwitcher
FNDA:0,(anonymous_2)
DA:30,0
DA:32,0
DA:33,0
DA:61,0
LF:4
LH:0
BRDA:32,0,0,0
BRF:1
BRH:0
end_of_record
TN:
SF:src/components/analytics/ProductivityScore.tsx
FN:11,ProductivityScore
FN:13,(anonymous_1)
FN:25,(anonymous_2)
FN:32,(anonymous_3)
FN:68,calculateProductivityScore
FN:79,(anonymous_5)
FNF:6
FNH:0
FNDA:0,ProductivityScore
FNDA:0,(anonymous_1)
FNDA:0,(anonymous_2)
FNDA:0,(anonymous_3)
FNDA:0,calculateProductivityScore
FNDA:0,(anonymous_5)
DA:13,0
DA:14,0
DA:16,0
DA:17,0
DA:18,0
DA:22,0
DA:25,0
DA:26,0
DA:27,0
DA:28,0
DA:32,0
DA:35,0
DA:38,0
DA:69,0
DA:72,0
DA:79,0
DA:80,0
DA:86,0
DA:88,0
LF:19
LH:0
BRDA:11,0,0,0
BRDA:14,1,0,0
BRDA:14,2,0,0
BRDA:14,2,1,0
BRDA:26,3,0,0
BRDA:27,4,0,0
BRDA:35,5,0,0
BRDA:35,5,1,0
BRDA:50,6,0,0
BRDA:50,6,1,0
BRDA:52,7,0,0
BRDA:52,7,1,0
BRDA:53,8,0,0
BRDA:53,8,1,0
BRDA:69,9,0,0
BRF:15
BRH:0
end_of_record
TN:
SF:src/components/analytics/TaskCompletionChart.tsx
FN:13,TaskCompletionChart
FN:20,(anonymous_1)
FN:42,(anonymous_2)
FN:47,(anonymous_3)
FN:79,generateChartData
FN:90,(anonymous_5)
FN:94,(anonymous_6)
FNF:7
FNH:0
FNDA:0,TaskCompletionChart
FNDA:0,(anonymous_1)
FNDA:0,(anonymous_2)
FNDA:0,(anonymous_3)
FNDA:0,generateChartData
FNDA:0,(anonymous_5)
FNDA:0,(anonymous_6)
DA:14,0
DA:17,0
DA:20,0
DA:21,0
DA:32,0
DA:43,0
DA:44,0
DA:47,0
DA:80,0
DA:81,0
DA:84,0
DA:90,0
DA:91,0
DA:94,0
DA:95,0
DA:96,0
DA:99,0
LF:17
LH:0
BRDA:13,0,0,0
BRDA:21,1,0,0
BRDA:21,2,0,0
BRDA:21,2,1,0
BRDA:21,2,2,0
BRDA:43,3,0,0
BRDA:95,4,0,0
BRDA:95,5,0,0
BRDA:95,5,1,0
BRF:9
BRH:0
end_of_record
TN:
SF:src/components/analytics/TimeAllocationChart.tsx
FN:31,TimeAllocationChart
FN:37,(anonymous_1)
FN:39,(anonymous_2)
FN:45,(anonymous_3)
FN:53,(anonymous_4)
FN:66,(anonymous_5)
FN:90,(anonymous_6)
FN:110,(anonymous_7)
FN:129,(anonymous_9)
FN:159,(anonymous_10)
FNF:10
FNH:0
FNDA:0,TimeAllocationChart
FNDA:0,(anonymous_1)
FNDA:0,(anonymous_2)
FNDA:0,(anonymous_3)
FNDA:0,(anonymous_4)
FNDA:0,(anonymous_5)
FNDA:0,(anonymous_6)
FNDA:0,(anonymous_7)
FNDA:0,(anonymous_9)
FNDA:0,(anonymous_10)
DA:20,0
DA:37,0
DA:39,0
DA:42,0
DA:45,0
DA:46,0
DA:50,0
DA:53,0
DA:54,0
DA:58,0
DA:59,0
DA:63,0
DA:66,0
DA:67,0
DA:68,0
DA:69,0
DA:78,0
DA:79,0
DA:86,0
DA:90,0
DA:91,0
DA:92,0
DA:93,0
DA:94,0
DA:106,0
DA:110,0
DA:111,0
DA:129,0
DA:130,0
DA:131,0
DA:159,0
LF:31
LH:0
BRDA:34,0,0,0
BRDA:54,1,0,0
BRDA:54,1,1,0
BRDA:58,2,0,0
BRDA:58,2,1,0
BRDA:59,3,0,0
BRDA:59,3,1,0
BRDA:68,4,0,0
BRDA:78,5,0,0
BRDA:91,6,0,0
BRDA:91,7,0,0
BRDA:91,7,1,0
BRDA:91,7,2,0
BRDA:100,8,0,0
BRDA:100,8,1,0
BRDA:100,9,0,0
BRDA:100,9,1,0
BRDA:143,10,0,0
BRF:18
BRH:0
end_of_record
TN:
SF:src/components/calendar/Calendar.tsx
FN:9,Calendar
FN:18,(anonymous_1)
FN:32,(anonymous_2)
FN:46,(anonymous_3)
FN:51,(anonymous_4)
FN:99,(anonymous_5)
FN:109,(anonymous_6)
FN:119,(anonymous_7)
FNF:8
FNH:0
FNDA:0,Calendar
FNDA:0,(anonymous_1)
FNDA:0,(anonymous_2)
FNDA:0,(anonymous_3)
FNDA:0,(anonymous_4)
FNDA:0,(anonymous_5)
FNDA:0,(anonymous_6)
FNDA:0,(anonymous_7)
DA:15,0
DA:18,0
DA:19,0
DA:21,0
DA:22,0
DA:24,0
DA:25,0
DA:27,0
DA:28,0
DA:32,0
DA:33,0
DA:35,0
DA:36,0
DA:38,0
DA:39,0
DA:41,0
DA:42,0
DA:46,0
DA:47,0
DA:51,0
DA:52,0
DA:54,0
DA:56,0
DA:58,0
DA:60,0
DA:99,0
DA:109,0
DA:119,0
LF:28
LH:0
BRDA:19,0,0,0
BRDA:19,0,1,0
BRDA:19,0,2,0
BRDA:33,1,0,0
BRDA:33,1,1,0
BRDA:33,1,2,0
BRDA:52,2,0,0
BRDA:52,2,1,0
BRDA:52,2,2,0
BRDA:52,2,3,0
BRDA:101,3,0,0
BRDA:101,3,1,0
BRDA:111,4,0,0
BRDA:111,4,1,0
BRDA:121,5,0,0
BRDA:121,5,1,0
BRDA:138,6,0,0
BRDA:139,7,0,0
BRDA:140,8,0,0
BRF:19
BRH:0
end_of_record
TN:
SF:src/components/calendar/DayView.tsx
FN:12,DayView
FN:16,(anonymous_1)
FN:21,(anonymous_2)
FN:23,(anonymous_3)
FN:27,(anonymous_4)
FN:32,(anonymous_5)
FN:33,(anonymous_6)
FN:34,(anonymous_7)
FN:42,(anonymous_8)
FN:71,(anonymous_9)
FN:94,(anonymous_11)
FN:112,(anonymous_13)
FNF:12
FNH:0
FNDA:0,DayView
FNDA:0,(anonymous_1)
FNDA:0,(anonymous_2)
FNDA:0,(anonymous_3)
FNDA:0,(anonymous_4)
FNDA:0,(anonymous_5)
FNDA:0,(anonymous_6)
FNDA:0,(anonymous_7)
FNDA:0,(anonymous_8)
FNDA:0,(anonymous_9)
FNDA:0,(anonymous_11)
FNDA:0,(anonymous_13)
DA:13,0
DA:16,0
DA:18,0
DA:21,0
DA:22,0
DA:23,0
DA:27,0
DA:28,0
DA:32,0
DA:33,0
DA:34,0
DA:35,0
DA:37,0
DA:38,0
DA:42,0
DA:43,0
DA:44,0
DA:46,0
DA:54,0
DA:75,0
DA:77,0
DA:78,0
DA:79,0
DA:80,0
DA:81,0
DA:84,0
DA:95,0
DA:96,0
DA:114,0
DA:116,0
DA:117,0
DA:118,0
DA:119,0
DA:120,0
DA:123,0
LF:35
LH:0
BRDA:22,0,0,0
BRDA:28,1,0,0
BRDA:28,1,1,0
BRDA:35,2,0,0
BRDA:47,3,0,0
BRDA:47,3,1,0
BRDA:47,3,2,0
BRDA:47,3,3,0
BRDA:47,3,4,0
BRDA:47,3,5,0
BRDA:47,3,6,0
BRDA:47,3,7,0
BRDA:77,4,0,0
BRDA:77,5,0,0
BRDA:77,5,1,0
BRDA:116,6,0,0
BRDA:116,7,0,0
BRDA:116,7,1,0
BRF:18
BRH:0
end_of_record
TN:
SF:src/components/calendar/MiniCalendar.tsx
FN:7,MiniCalendar
FN:21,(anonymous_1)
FN:40,(anonymous_2)
FN:44,(anonymous_3)
FN:49,(anonymous_4)
FN:54,(anonymous_5)
FN:57,(anonymous_6)
FN:60,(anonymous_7)
FN:63,(anonymous_8)
FN:106,(anonymous_10)
FN:122,(anonymous_11)
FN:135,(anonymous_12)
FNF:12
FNH:0
FNDA:0,MiniCalendar
FNDA:0,(anonymous_1)
FNDA:0,(anonymous_2)
FNDA:0,(anonymous_3)
FNDA:0,(anonymous_4)
FNDA:0,(anonymous_5)
FNDA:0,(anonymous_6)
FNDA:0,(anonymous_7)
FNDA:0,(anonymous_8)
FNDA:0,(anonymous_10)
FNDA:0,(anonymous_11)
FNDA:0,(anonymous_12)
DA:15,0
DA:17,0
DA:18,0
DA:21,0
DA:22,0
DA:23,0
DA:24,0
DA:26,0
DA:27,0
DA:30,0
DA:31,0
DA:32,0
DA:35,0
DA:36,0
DA:40,0
DA:41,0
DA:44,0
DA:45,0
DA:49,0
DA:50,0
DA:54,0
DA:55,0
DA:57,0
DA:58,0
DA:60,0
DA:63,0
DA:64,0
DA:65,0
DA:66,0
DA:69,0
DA:107,0
DA:108,0
DA:109,0
DA:110,0
DA:122,0
DA:135,0
LF:36
LH:0
BRDA:58,0,0,0
BRDA:58,0,1,0
BRDA:58,0,2,0
BRDA:58,0,3,0
BRDA:66,1,0,0
BRDA:66,1,1,0
BRDA:69,2,0,0
BRDA:69,2,1,0
BRDA:117,3,0,0
BRDA:117,3,1,0
BRDA:118,4,0,0
BRDA:118,4,1,0
BRDA:119,5,0,0
BRDA:119,5,1,0
BRDA:120,6,0,0
BRDA:120,6,1,0
BRDA:120,7,0,0
BRDA:120,7,1,0
BRDA:120,7,2,0
BRDA:125,8,0,0
BRDA:125,8,1,0
BRF:21
BRH:0
end_of_record
TN:
SF:src/components/calendar/MonthView.tsx
FN:11,MonthView
FN:15,(anonymous_1)
FN:34,(anonymous_2)
FN:37,(anonymous_3)
FN:40,(anonymous_4)
FN:44,(anonymous_5)
FN:53,(anonymous_6)
FN:73,(anonymous_7)
FN:90,(anonymous_9)
FN:103,(anonymous_10)
FNF:10
FNH:0
FNDA:0,MonthView
FNDA:0,(anonymous_1)
FNDA:0,(anonymous_2)
FNDA:0,(anonymous_3)
FNDA:0,(anonymous_4)
FNDA:0,(anonymous_5)
FNDA:0,(anonymous_6)
FNDA:0,(anonymous_7)
FNDA:0,(anonymous_9)
FNDA:0,(anonymous_10)
DA:12,0
DA:13,0
DA:15,0
DA:17,0
DA:18,0
DA:19,0
DA:22,0
DA:23,0
DA:25,0
DA:26,0
DA:27,0
DA:30,0
DA:34,0
DA:35,0
DA:37,0
DA:38,0
DA:40,0
DA:44,0
DA:45,0
DA:46,0
DA:49,0
DA:53,0
DA:69,0
DA:73,0
DA:74,0
DA:91,0
DA:92,0
DA:93,0
DA:103,0
LF:29
LH:0
BRDA:38,0,0,0
BRDA:38,0,1,0
BRDA:38,0,2,0
BRDA:38,0,3,0
BRDA:49,1,0,0
BRDA:49,1,1,0
BRDA:57,2,0,0
BRDA:57,2,1,0
BRDA:62,3,0,0
BRDA:62,3,1,0
BRDA:66,4,0,0
BRDA:66,4,1,0
BRDA:100,5,0,0
BRDA:100,5,1,0
BRDA:101,6,0,0
BRDA:101,6,1,0
BRDA:108,7,0,0
BRDA:108,7,1,0
BRDA:124,8,0,0
BRF:19
BRH:0
end_of_record
TN:
SF:src/components/calendar/WeekView.tsx
FN:12,WeekView
FN:16,(anonymous_1)
FN:19,(anonymous_2)
FN:24,(anonymous_3)
FN:56,(anonymous_6)
FN:60,(anonymous_7)
FN:63,(anonymous_8)
FN:72,(anonymous_9)
FNF:8
FNH:0
FNDA:0,WeekView
FNDA:0,(anonymous_1)
FNDA:0,(anonymous_2)
FNDA:0,(anonymous_3)
FNDA:0,(anonymous_6)
FNDA:0,(anonymous_7)
FNDA:0,(anonymous_8)
FNDA:0,(anonymous_9)
DA:13,0
DA:14,0
DA:16,0
DA:18,0
DA:19,0
DA:20,0
DA:24,0
DA:57,0
DA:60,0
DA:61,0
DA:63,0
DA:64,0
DA:66,0
DA:67,0
DA:72,0
DA:73,0
DA:75,0
DA:76,0
LF:18
LH:0
BRDA:37,0,0,0
BRDA:37,0,1,0
BRDA:61,1,0,0
BRDA:64,2,0,0
BRDA:73,3,0,0
BRF:5
BRH:0
end_of_record
TN:
SF:src/components/charts/PriorityDistributionChart.tsx
FN:11,(anonymous_0)
FN:12,(anonymous_1)
FN:13,(anonymous_2)
FN:14,(anonymous_3)
FN:15,(anonymous_4)
FN:21,(anonymous_5)
FN:27,(anonymous_6)
FN:42,(anonymous_7)
FN:71,(anonymous_9)
FNF:9
FNH:0
FNDA:0,(anonymous_0)
FNDA:0,(anonymous_1)
FNDA:0,(anonymous_2)
FNDA:0,(anonymous_3)
FNDA:0,(anonymous_4)
FNDA:0,(anonymous_5)
FNDA:0,(anonymous_6)
FNDA:0,(anonymous_7)
FNDA:0,(anonymous_9)
DA:11,0
DA:12,0
DA:13,0
DA:14,0
DA:15,0
DA:17,0
DA:21,0
DA:24,0
DA:27,0
DA:28,0
DA:38,0
DA:42,0
DA:71,0
LF:13
LH:0
BRDA:28,0,0,0
BRDA:28,1,0,0
BRDA:28,1,1,0
BRDA:28,1,2,0
BRDA:61,2,0,0
BRF:5
BRH:0
end_of_record
TN:
SF:src/components/charts/ProductivityChart.tsx
FN:23,(anonymous_0)
FN:24,(anonymous_1)
FN:57,(anonymous_2)
FN:60,(anonymous_3)
FN:62,(anonymous_4)
FN:70,(anonymous_5)
FNF:6
FNH:0
FNDA:0,(anonymous_0)
FNDA:0,(anonymous_1)
FNDA:0,(anonymous_2)
FNDA:0,(anonymous_3)
FNDA:0,(anonymous_4)
FNDA:0,(anonymous_5)
DA:23,0
DA:24,0
DA:26,0
DA:30,0
DA:32,0
DA:33,0
DA:34,0
DA:36,0
DA:37,0
DA:38,0
DA:40,0
DA:41,0
DA:42,0
DA:44,0
DA:45,0
DA:46,0
DA:48,0
DA:49,0
DA:53,0
DA:56,0
DA:57,0
DA:60,0
DA:62,0
DA:63,0
DA:64,0
DA:70,0
DA:71,0
DA:72,0
DA:78,0
LF:29
LH:0
BRDA:30,0,0,0
BRDA:30,0,1,0
BRDA:30,0,2,0
BRDA:30,0,3,0
BRDA:30,0,4,0
BRDA:56,1,0,0
BRDA:56,1,1,0
BRDA:63,2,0,0
BRDA:63,2,1,0
BRDA:64,3,0,0
BRDA:64,3,1,0
BRDA:71,4,0,0
BRDA:71,4,1,0
BRDA:72,5,0,0
BRDA:72,5,1,0
BRDA:82,6,0,0
BRDA:82,6,1,0
BRF:17
BRH:0
end_of_record
TN:
SF:src/components/charts/ProjectProgressChart.tsx
FN:22,(anonymous_0)
FN:23,(anonymous_1)
FN:26,(anonymous_2)
FN:29,(anonymous_3)
FN:31,(anonymous_4)
FN:33,(anonymous_5)
FN:62,(anonymous_6)
FN:111,(anonymous_8)
FNF:8
FNH:0
FNDA:0,(anonymous_0)
FNDA:0,(anonymous_1)
FNDA:0,(anonymous_2)
FNDA:0,(anonymous_3)
FNDA:0,(anonymous_4)
FNDA:0,(anonymous_5)
FNDA:0,(anonymous_6)
FNDA:0,(anonymous_8)
DA:22,0
DA:23,0
DA:25,0
DA:26,0
DA:29,0
DA:31,0
DA:32,0
DA:33,0
DA:36,0
DA:42,0
DA:43,0
DA:44,0
DA:45,0
DA:46,0
DA:47,0
DA:49,0
DA:52,0
DA:62,0
DA:63,0
DA:76,0
DA:111,0
LF:21
LH:0
BRDA:36,0,0,0
BRDA:36,0,1,0
BRDA:42,1,0,0
BRDA:42,1,1,0
BRDA:44,2,0,0
BRDA:44,2,1,0
BRDA:46,3,0,0
BRDA:46,3,1,0
BRDA:63,4,0,0
BRDA:63,5,0,0
BRDA:63,5,1,0
BRDA:63,5,2,0
BRDA:82,6,0,0
BRF:13
BRH:0
end_of_record
TN:
SF:src/components/dashboard/CalendarWidget.tsx
FN:14,CalendarWidget
FN:15,(anonymous_1)
FN:27,(anonymous_2)
FN:28,(anonymous_3)
FN:36,(anonymous_4)
FN:37,(anonymous_5)
FN:45,(anonymous_6)
FN:73,(anonymous_7)
FN:87,(anonymous_8)
FN:88,(anonymous_9)
FN:103,(anonymous_10)
FNF:11
FNH:0
FNDA:0,CalendarWidget
FNDA:0,(anonymous_1)
FNDA:0,(anonymous_2)
FNDA:0,(anonymous_3)
FNDA:0,(anonymous_4)
FNDA:0,(anonymous_5)
FNDA:0,(anonymous_6)
FNDA:0,(anonymous_7)
FNDA:0,(anonymous_8)
FNDA:0,(anonymous_9)
FNDA:0,(anonymous_10)
DA:15,0
DA:16,0
DA:17,0
DA:21,0
DA:27,0
DA:28,0
DA:29,0
DA:30,0
DA:31,0
DA:36,0
DA:37,0
DA:38,0
DA:39,0
DA:40,0
DA:45,0
DA:46,0
DA:47,0
DA:50,0
DA:52,0
DA:55,0
DA:58,0
DA:61,0
DA:64,0
DA:65,0
DA:69,0
DA:70,0
DA:73,0
DA:74,0
DA:75,0
DA:82,0
DA:87,0
DA:88,0
DA:93,0
DA:94,0
DA:95,0
DA:98,0
DA:102,0
DA:103,0
DA:104,0
DA:105,0
LF:40
LH:0
BRDA:76,0,0,0
BRDA:76,0,1,0
BRDA:76,0,2,0
BRDA:104,1,0,0
BRDA:106,2,0,0
BRDA:106,2,1,0
BRDA:106,2,2,0
BRDA:150,3,0,0
BRDA:150,4,0,0
BRDA:150,4,1,0
BRDA:150,5,0,0
BRDA:150,5,1,0
BRDA:154,6,0,0
BRDA:154,6,1,0
BRDA:155,7,0,0
BRDA:155,7,1,0
BRDA:159,8,0,0
BRDA:159,8,1,0
BRDA:161,9,0,0
BRDA:164,10,0,0
BRF:20
BRH:0
end_of_record
TN:
SF:src/components/dashboard/DashboardStats.tsx
FN:23,DashboardStats
FN:25,(anonymous_1)
FN:29,(anonymous_2)
FN:34,(anonymous_3)
FN:39,(anonymous_4)
FN:44,(anonymous_5)
FN:51,(anonymous_6)
FN:54,(anonymous_7)
FN:60,(anonymous_8)
FN:148,StatsCard
FN:150,(anonymous_10)
FNF:11
FNH:0
FNDA:0,DashboardStats
FNDA:0,(anonymous_1)
FNDA:0,(anonymous_2)
FNDA:0,(anonymous_3)
FNDA:0,(anonymous_4)
FNDA:0,(anonymous_5)
FNDA:0,(anonymous_6)
FNDA:0,(anonymous_7)
FNDA:0,(anonymous_8)
FNDA:0,StatsCard
FNDA:0,(anonymous_10)
DA:25,0
DA:26,0
DA:29,0
DA:30,0
DA:34,0
DA:35,0
DA:39,0
DA:40,0
DA:44,0
DA:45,0
DA:51,0
DA:54,0
DA:55,0
DA:59,0
DA:60,0
DA:64,0
DA:65,0
DA:67,0
DA:150,0
DA:151,0
DA:153,0
DA:155,0
DA:157,0
DA:159,0
DA:161,0
DA:163,0
LF:26
LH:0
BRDA:30,0,0,0
BRDA:30,0,1,0
BRDA:35,1,0,0
BRDA:35,1,1,0
BRDA:40,2,0,0
BRDA:40,2,1,0
BRDA:45,3,0,0
BRDA:45,3,1,0
BRDA:45,3,2,0
BRDA:55,4,0,0
BRDA:55,4,1,0
BRDA:55,4,2,0
BRDA:55,4,3,0
BRDA:59,5,0,0
BRDA:59,5,1,0
BRDA:64,6,0,0
BRDA:64,6,1,0
BRDA:86,7,0,0
BRDA:86,7,1,0
BRDA:98,8,0,0
BRDA:119,9,0,0
BRDA:119,9,1,0
BRDA:121,10,0,0
BRDA:121,10,1,0
BRDA:148,11,0,0
BRDA:151,12,0,0
BRDA:151,12,1,0
BRDA:151,12,2,0
BRDA:151,12,3,0
BRDA:151,12,4,0
BRDA:151,12,5,0
BRDA:170,13,0,0
BRDA:170,13,1,0
BRF:33
BRH:0
end_of_record
TN:
SF:src/components/dashboard/TaskCard.tsx
FN:17,TaskCard
FN:37,(anonymous_1)
FN:52,(anonymous_2)
FN:66,(anonymous_3)
FNF:4
FNH:0
FNDA:0,TaskCard
FNDA:0,(anonymous_1)
FNDA:0,(anonymous_2)
FNDA:0,(anonymous_3)
DA:18,0
DA:19,0
DA:22,0
DA:23,0
DA:24,0
DA:28,0
DA:34,0
DA:37,0
DA:38,0
DA:39,0
DA:40,0
DA:45,0
DA:47,0
DA:52,0
DA:53,0
DA:55,0
DA:57,0
DA:59,0
DA:61,0
DA:66,0
DA:67,0
DA:69,0
DA:71,0
DA:79,0
LF:24
LH:0
BRDA:17,0,0,0
BRDA:23,1,0,0
BRDA:23,1,1,0
BRDA:24,2,0,0
BRDA:24,2,1,0
BRDA:24,2,2,0
BRDA:28,3,0,0
BRDA:28,3,1,0
BRDA:42,4,0,0
BRDA:42,4,1,0
BRDA:53,5,0,0
BRDA:53,5,1,0
BRDA:53,5,2,0
BRDA:53,5,3,0
BRDA:67,6,0,0
BRDA:67,6,1,0
BRDA:69,7,0,0
BRDA:69,7,1,0
BRDA:71,8,0,0
BRDA:71,8,1,0
BRDA:79,9,0,0
BRDA:83,10,0,0
BRDA:83,10,1,0
BRDA:84,11,0,0
BRDA:84,11,1,0
BRDA:98,12,0,0
BRDA:98,12,1,0
BRDA:131,13,0,0
BRDA:131,13,1,0
BRDA:132,14,0,0
BRDA:132,14,1,0
BRDA:147,15,0,0
BRDA:147,15,1,0
BRDA:160,16,0,0
BRDA:172,17,0,0
BRDA:179,18,0,0
BRDA:179,18,1,0
BRDA:189,19,0,0
BRF:38
BRH:0
end_of_record
TN:
SF:src/components/dashboard/TaskTimeline.tsx
FN:15,TaskTimeline
FN:17,(anonymous_1)
FN:23,(anonymous_2)
FN:26,(anonymous_3)
FN:30,(anonymous_4)
FN:34,(anonymous_5)
FN:39,(anonymous_6)
FN:46,(anonymous_7)
FN:116,(anonymous_8)
FN:134,TimelineSection
FN:136,(anonymous_10)
FN:148,(anonymous_11)
FNF:12
FNH:0
FNDA:0,TaskTimeline
FNDA:0,(anonymous_1)
FNDA:0,(anonymous_2)
FNDA:0,(anonymous_3)
FNDA:0,(anonymous_4)
FNDA:0,(anonymous_5)
FNDA:0,(anonymous_6)
FNDA:0,(anonymous_7)
FNDA:0,(anonymous_8)
FNDA:0,TimelineSection
FNDA:0,(anonymous_10)
FNDA:0,(anonymous_11)
DA:17,0
DA:18,0
DA:19,0
DA:20,0
DA:23,0
DA:26,0
DA:27,0
DA:30,0
DA:31,0
DA:34,0
DA:35,0
DA:36,0
DA:39,0
DA:40,0
DA:41,0
DA:46,0
DA:47,0
DA:50,0
DA:116,0
DA:136,0
DA:138,0
DA:139,0
DA:141,0
DA:144,0
DA:148,0
DA:149,0
DA:150,0
DA:151,0
DA:152,0
DA:153,0
DA:154,0
DA:155,0
LF:32
LH:0
BRDA:36,0,0,0
BRDA:36,0,1,0
BRDA:41,1,0,0
BRDA:41,1,1,0
BRDA:41,1,2,0
BRDA:43,2,0,0
BRDA:43,2,1,0
BRDA:66,3,0,0
BRDA:76,4,0,0
BRDA:86,5,0,0
BRDA:96,6,0,0
BRDA:106,7,0,0
BRDA:116,8,0,0
BRDA:141,9,0,0
BRDA:149,10,0,0
BRDA:149,10,1,0
BRDA:149,10,2,0
BRDA:149,10,3,0
BRDA:149,10,4,0
BRDA:149,10,5,0
BRDA:181,11,0,0
BRDA:181,11,1,0
BRDA:192,12,0,0
BRDA:192,12,1,0
BRDA:193,13,0,0
BRDA:193,13,1,0
BRDA:201,14,0,0
BRF:27
BRH:0
end_of_record
TN:
SF:src/components/dashboard/dashboard-enhanced.tsx
FN:34,DashboardEnhanced
FNF:1
FNH:0
FNDA:0,DashboardEnhanced
DA:19,0
DA:27,0
DA:35,0
LF:3
LH:0
BRDA:183,0,0,0
BRDA:183,0,1,0
BRF:2
BRH:0
end_of_record
TN:
SF:src/components/dashboard/productivity-dashboard.tsx
FN:44,ProductivityDashboard
FN:47,(anonymous_1)
FN:48,(anonymous_2)
FN:49,(anonymous_3)
FN:277,ChevronDown
FN:296,Plus
FNF:6
FNH:0
FNDA:0,ProductivityDashboard
FNDA:0,(anonymous_1)
FNDA:0,(anonymous_2)
FNDA:0,(anonymous_3)
FNDA:0,ChevronDown
FNDA:0,Plus
DA:21,0
DA:30,0
DA:37,0
DA:45,0
DA:47,0
DA:48,0
DA:49,0
LF:7
LH:0
BRDA:151,0,0,0
BRDA:151,0,1,0
BRF:2
BRH:0
end_of_record
TN:
SF:src/components/events/EventCard.tsx
FN:42,EventCard
FN:62,(anonymous_1)
FN:91,(anonymous_2)
FN:96,(anonymous_3)
FN:104,(anonymous_4)
FN:135,(anonymous_5)
FN:141,(anonymous_6)
FNF:7
FNH:0
FNDA:0,EventCard
FNDA:0,(anonymous_1)
FNDA:0,(anonymous_2)
FNDA:0,(anonymous_3)
FNDA:0,(anonymous_4)
FNDA:0,(anonymous_5)
FNDA:0,(anonymous_6)
DA:43,0
DA:44,0
DA:45,0
DA:48,0
DA:62,0
DA:63,0
DA:64,0
DA:69,0
DA:72,0
DA:74,0
DA:79,0
DA:80,0
DA:86,0
DA:91,0
DA:92,0
DA:93,0
DA:96,0
DA:97,0
DA:101,0
DA:104,0
DA:105,0
DA:106,0
DA:107,0
DA:108,0
DA:109,0
DA:114,0
DA:135,0
DA:141,0
LF:28
LH:0
BRDA:42,0,0,0
BRDA:48,1,0,0
BRDA:48,1,1,0
BRDA:69,2,0,0
BRDA:105,3,0,0
BRDA:105,3,1,0
BRDA:105,3,2,0
BRDA:105,3,3,0
BRDA:114,4,0,0
BRDA:155,5,0,0
BRDA:167,6,0,0
BRDA:174,7,0,0
BRF:12
BRH:0
end_of_record
TN:
SF:src/components/events/EventDialog.tsx
FN:27,EventDialog
FN:40,(anonymous_1)
FN:151,(anonymous_2)
FN:162,(anonymous_3)
FNF:4
FNH:0
FNDA:0,EventDialog
FNDA:0,(anonymous_1)
FNDA:0,(anonymous_2)
FNDA:0,(anonymous_3)
DA:33,0
DA:34,0
DA:36,0
DA:37,0
DA:38,0
DA:40,0
DA:41,0
DA:42,0
DA:44,0
DA:62,0
DA:65,0
DA:80,0
DA:82,0
DA:88,0
DA:107,0
DA:110,0
DA:125,0
DA:127,0
DA:133,0
DA:135,0
DA:136,0
DA:151,0
DA:162,0
LF:23
LH:0
BRDA:36,0,0,0
BRDA:36,0,1,0
BRDA:37,1,0,0
BRDA:37,1,1,0
BRDA:38,2,0,0
BRDA:38,2,1,0
BRDA:42,3,0,0
BRDA:42,3,1,0
BRDA:62,4,0,0
BRDA:107,5,0,0
BRDA:146,6,0,0
BRDA:149,7,0,0
BRDA:149,7,1,0
BRF:13
BRH:0
end_of_record
TN:
SF:src/components/forms/event-form.tsx
FN:37,EventForm
FN:57,(anonymous_1)
FNF:2
FNH:0
FNDA:0,EventForm
FNDA:0,(anonymous_1)
DA:38,0
DA:40,0
DA:52,0
DA:57,0
DA:58,0
DA:59,0
DA:60,0
DA:62,0
DA:64,0
LF:9
LH:0
BRDA:41,0,0,0
BRDA:41,0,1,0
BRDA:41,1,0,0
BRDA:41,1,1,0
BRDA:41,2,0,0
BRDA:41,2,1,0
BRDA:42,3,0,0
BRDA:42,3,1,0
BRDA:42,4,0,0
BRDA:42,4,1,0
BRDA:42,5,0,0
BRDA:42,5,1,0
BRDA:43,6,0,0
BRDA:43,6,1,0
BRDA:43,7,0,0
BRDA:43,7,1,0
BRDA:43,8,0,0
BRDA:43,8,1,0
BRDA:44,9,0,0
BRDA:44,9,1,0
BRDA:44,10,0,0
BRDA:44,10,1,0
BRDA:44,11,0,0
BRDA:44,11,1,0
BRDA:45,12,0,0
BRDA:45,12,1,0
BRDA:45,13,0,0
BRDA:45,13,1,0
BRDA:45,14,0,0
BRDA:45,14,1,0
BRDA:46,15,0,0
BRDA:46,15,1,0
BRDA:46,16,0,0
BRDA:46,16,1,0
BRDA:46,17,0,0
BRDA:46,17,1,0
BRDA:47,18,0,0
BRDA:47,18,1,0
BRDA:47,19,0,0
BRDA:47,19,1,0
BRDA:47,20,0,0
BRDA:47,20,1,0
BRDA:48,21,0,0
BRDA:48,21,1,0
BRDA:48,22,0,0
BRDA:48,22,1,0
BRDA:48,23,0,0
BRDA:48,23,1,0
BRDA:49,24,0,0
BRDA:49,24,1,0
BRDA:49,25,0,0
BRDA:49,25,1,0
BRDA:49,26,0,0
BRDA:49,26,1,0
BRDA:95,27,0,0
BRDA:95,27,1,0
BRDA:173,28,0,0
BRDA:173,28,1,0
BRDA:218,29,0,0
BRDA:218,29,1,0
BRDA:218,30,0,0
BRDA:218,30,1,0
BRF:62
BRH:0
end_of_record
TN:
SF:src/components/forms/project-form.tsx
FN:37,ProjectForm
FN:54,(anonymous_1)
FNF:2
FNH:0
FNDA:0,ProjectForm
FNDA:0,(anonymous_1)
DA:38,0
DA:40,0
DA:49,0
DA:54,0
DA:55,0
DA:56,0
DA:57,0
DA:59,0
DA:61,0
LF:9
LH:0
BRDA:41,0,0,0
BRDA:41,0,1,0
BRDA:41,1,0,0
BRDA:41,1,1,0
BRDA:41,2,0,0
BRDA:41,2,1,0
BRDA:42,3,0,0
BRDA:42,3,1,0
BRDA:42,4,0,0
BRDA:42,4,1,0
BRDA:42,5,0,0
BRDA:42,5,1,0
BRDA:43,6,0,0
BRDA:43,6,1,0
BRDA:43,7,0,0
BRDA:43,7,1,0
BRDA:43,8,0,0
BRDA:43,8,1,0
BRDA:44,9,0,0
BRDA:44,9,1,0
BRDA:44,10,0,0
BRDA:44,10,1,0
BRDA:44,11,0,0
BRDA:44,11,1,0
BRDA:45,12,0,0
BRDA:45,12,1,0
BRDA:45,13,0,0
BRDA:45,13,1,0
BRDA:45,14,0,0
BRDA:45,14,1,0
BRDA:46,15,0,0
BRDA:46,15,1,0
BRDA:46,16,0,0
BRDA:46,16,1,0
BRDA:46,17,0,0
BRDA:46,17,1,0
BRDA:92,18,0,0
BRDA:92,18,1,0
BRDA:166,19,0,0
BRDA:166,19,1,0
BRDA:166,20,0,0
BRDA:166,20,1,0
BRF:42
BRH:0
end_of_record
TN:
SF:src/components/forms/project-selector.tsx
FN:18,ProjectSelector
FN:23,(anonymous_1)
FN:31,(anonymous_2)
FNF:3
FNH:0
FNDA:0,ProjectSelector
FNDA:0,(anonymous_1)
FNDA:0,(anonymous_2)
DA:20,0
DA:23,0
DA:24,0
DA:28,0
DA:31,0
DA:32,0
LF:6
LH:0
BRDA:24,0,0,0
BRDA:24,0,1,0
BRDA:28,1,0,0
BRDA:28,1,1,0
BRDA:43,2,0,0
BRDA:43,2,1,0
BRF:6
BRH:0
end_of_record
TN:
SF:src/components/forms/task-form.tsx
FN:39,TaskForm
FN:63,(anonymous_1)
FN:262,(anonymous_12)
FN:284,(anonymous_14)
FNF:4
FNH:0
FNDA:0,TaskForm
FNDA:0,(anonymous_1)
FNDA:0,(anonymous_12)
FNDA:0,(anonymous_14)
DA:40,0
DA:42,0
DA:58,0
DA:63,0
DA:64,0
DA:65,0
DA:66,0
DA:68,0
DA:70,0
DA:263,0
DA:264,0
DA:285,0
DA:286,0
LF:13
LH:0
BRDA:43,0,0,0
BRDA:43,0,1,0
BRDA:43,1,0,0
BRDA:43,1,1,0
BRDA:43,2,0,0
BRDA:43,2,1,0
BRDA:44,3,0,0
BRDA:44,3,1,0
BRDA:44,4,0,0
BRDA:44,4,1,0
BRDA:44,5,0,0
BRDA:44,5,1,0
BRDA:45,6,0,0
BRDA:45,6,1,0
BRDA:45,7,0,0
BRDA:45,7,1,0
BRDA:45,8,0,0
BRDA:45,8,1,0
BRDA:46,9,0,0
BRDA:46,9,1,0
BRDA:46,10,0,0
BRDA:46,10,1,0
BRDA:46,11,0,0
BRDA:46,11,1,0
BRDA:47,12,0,0
BRDA:47,12,1,0
BRDA:47,13,0,0
BRDA:47,13,1,0
BRDA:47,14,0,0
BRDA:47,14,1,0
BRDA:48,15,0,0
BRDA:48,15,1,0
BRDA:48,16,0,0
BRDA:48,16,1,0
BRDA:48,17,0,0
BRDA:48,17,1,0
BRDA:49,18,0,0
BRDA:49,18,1,0
BRDA:49,19,0,0
BRDA:49,19,1,0
BRDA:49,20,0,0
BRDA:49,20,1,0
BRDA:50,21,0,0
BRDA:50,21,1,0
BRDA:50,22,0,0
BRDA:50,22,1,0
BRDA:50,23,0,0
BRDA:50,23,1,0
BRDA:51,24,0,0
BRDA:51,24,1,0
BRDA:51,25,0,0
BRDA:51,25,1,0
BRDA:51,26,0,0
BRDA:51,26,1,0
BRDA:52,27,0,0
BRDA:52,27,1,0
BRDA:52,28,0,0
BRDA:52,28,1,0
BRDA:52,29,0,0
BRDA:52,29,1,0
BRDA:53,30,0,0
BRDA:53,30,1,0
BRDA:53,31,0,0
BRDA:53,31,1,0
BRDA:53,32,0,0
BRDA:53,32,1,0
BRDA:54,33,0,0
BRDA:54,33,1,0
BRDA:54,34,0,0
BRDA:54,34,1,0
BRDA:54,35,0,0
BRDA:54,35,1,0
BRDA:55,36,0,0
BRDA:55,36,1,0
BRDA:55,37,0,0
BRDA:55,37,1,0
BRDA:55,38,0,0
BRDA:55,38,1,0
BRDA:101,39,0,0
BRDA:101,39,1,0
BRDA:134,40,0,0
BRDA:134,40,1,0
BRDA:154,41,0,0
BRDA:154,41,1,0
BRDA:172,42,0,0
BRDA:172,42,1,0
BRDA:261,43,0,0
BRDA:261,43,1,0
BRDA:263,44,0,0
BRDA:263,44,1,0
BRDA:283,45,0,0
BRDA:283,45,1,0
BRDA:285,46,0,0
BRDA:285,46,1,0
BRDA:330,47,0,0
BRDA:330,47,1,0
BRDA:330,48,0,0
BRDA:330,48,1,0
BRF:98
BRH:0
end_of_record
TN:
SF:src/components/layout/AppLayout.tsx
FN:12,AppLayout
FN:16,(anonymous_1)
FNF:2
FNH:0
FNDA:0,AppLayout
FNDA:0,(anonymous_1)
DA:13,0
DA:14,0
DA:16,0
DA:17,0
DA:18,0
DA:22,0
DA:30,0
DA:31,0
DA:35,0
LF:9
LH:0
BRDA:17,0,0,0
BRDA:17,1,0,0
BRDA:17,1,1,0
BRDA:17,1,2,0
BRDA:22,2,0,0
BRDA:30,3,0,0
BRDA:30,4,0,0
BRDA:30,4,1,0
BRDA:35,5,0,0
BRF:9
BRH:0
end_of_record
TN:
SF:src/components/layout/ThemeToggle.tsx
FN:13,ThemeToggle
FN:26,(anonymous_1)
FN:30,(anonymous_2)
FN:34,(anonymous_3)
FNF:4
FNH:0
FNDA:0,ThemeToggle
FNDA:0,(anonymous_1)
FNDA:0,(anonymous_2)
FNDA:0,(anonymous_3)
DA:14,0
DA:26,0
DA:30,0
DA:34,0
LF:4
LH:0
BRF:0
BRH:0
end_of_record
TN:
SF:src/components/layout/dashboard-layout.tsx
FN:47,NavItem
FN:93,DashboardLayout
FN:106,(anonymous_2)
FN:115,(anonymous_3)
FN:117,(anonymous_4)
FN:120,(anonymous_5)
FN:154,(anonymous_6)
FN:183,(anonymous_7)
FN:195,(anonymous_8)
FN:257,(anonymous_10)
FN:266,(anonymous_11)
FN:281,(anonymous_12)
FNF:12
FNH:0
FNDA:0,NavItem
FNDA:0,DashboardLayout
FNDA:0,(anonymous_2)
FNDA:0,(anonymous_3)
FNDA:0,(anonymous_4)
FNDA:0,(anonymous_5)
FNDA:0,(anonymous_6)
FNDA:0,(anonymous_7)
FNDA:0,(anonymous_8)
FNDA:0,(anonymous_10)
FNDA:0,(anonymous_11)
FNDA:0,(anonymous_12)
DA:48,0
DA:49,0
DA:50,0
DA:52,0
DA:94,0
DA:99,0
DA:100,0
DA:101,0
DA:102,0
DA:103,0
DA:106,0
DA:107,0
DA:108,0
DA:110,0
DA:115,0
DA:116,0
DA:117,0
DA:120,0
DA:121,0
DA:122,0
DA:123,0
DA:127,0
DA:136,0
DA:137,0
DA:139,0
DA:154,0
DA:183,0
DA:195,0
DA:257,0
DA:266,0
DA:281,0
LF:31
LH:0
BRDA:52,0,0,0
BRDA:61,1,0,0
BRDA:61,1,1,0
BRDA:82,2,0,0
BRDA:82,2,1,0
BRDA:107,3,0,0
BRDA:107,3,1,0
BRDA:136,4,0,0
BRDA:136,4,1,0
BRDA:136,5,0,0
BRDA:136,5,1,0
BRDA:136,6,0,0
BRDA:136,6,1,0
BRDA:136,7,0,0
BRDA:136,7,1,0
BRDA:151,8,0,0
BRDA:162,9,0,0
BRDA:162,9,1,0
BRDA:163,10,0,0
BRDA:163,10,1,0
BRDA:177,11,0,0
BRDA:187,12,0,0
BRDA:206,13,0,0
BRDA:206,13,1,0
BRDA:211,14,0,0
BRDA:211,15,0,0
BRDA:211,15,1,0
BRDA:211,16,0,0
BRDA:211,16,1,0
BRDA:214,17,0,0
BRDA:217,18,0,0
BRDA:217,18,1,0
BRDA:217,19,0,0
BRDA:217,19,1,0
BRDA:239,20,0,0
BRDA:239,20,1,0
BRDA:244,21,0,0
BRF:37
BRH:0
end_of_record
TN:
SF:src/components/projects/ProjectCard.tsx
FN:41,ProjectCard
FN:47,(anonymous_1)
FN:52,(anonymous_2)
FN:72,(anonymous_3)
FN:91,(anonymous_4)
FN:116,(anonymous_5)
FN:135,(anonymous_6)
FNF:7
FNH:0
FNDA:0,ProjectCard
FNDA:0,(anonymous_1)
FNDA:0,(anonymous_2)
FNDA:0,(anonymous_3)
FNDA:0,(anonymous_4)
FNDA:0,(anonymous_5)
FNDA:0,(anonymous_6)
DA:42,0
DA:43,0
DA:44,0
DA:47,0
DA:49,0
DA:52,0
DA:53,0
DA:54,0
DA:58,0
DA:63,0
DA:64,0
DA:72,0
DA:73,0
DA:74,0
DA:75,0
DA:80,0
DA:81,0
DA:87,0
DA:91,0
DA:92,0
DA:93,0
DA:94,0
DA:95,0
DA:96,0
DA:100,0
DA:116,0
DA:135,0
LF:27
LH:0
BRDA:49,0,0,0
BRDA:49,0,1,0
BRDA:56,1,0,0
BRDA:56,1,1,0
BRDA:59,2,0,0
BRDA:59,2,1,0
BRDA:92,3,0,0
BRDA:92,3,1,0
BRDA:92,3,2,0
BRDA:92,3,3,0
BRDA:100,4,0,0
BRDA:100,4,1,0
BRDA:104,5,0,0
BRDA:104,5,1,0
BRDA:106,6,0,0
BRDA:106,6,1,0
BRDA:122,7,0,0
BRDA:145,8,0,0
BRDA:146,9,0,0
BRDA:146,9,1,0
BRDA:154,10,0,0
BRDA:154,10,1,0
BRF:22
BRH:0
end_of_record
TN:
SF:src/components/projects/ProjectDialog.tsx
FN:28,ProjectDialog
FN:41,(anonymous_1)
FN:87,(anonymous_2)
FN:98,(anonymous_3)
FNF:4
FNH:0
FNDA:0,ProjectDialog
FNDA:0,(anonymous_1)
FNDA:0,(anonymous_2)
FNDA:0,(anonymous_3)
DA:34,0
DA:35,0
DA:37,0
DA:38,0
DA:39,0
DA:41,0
DA:42,0
DA:43,0
DA:44,0
DA:45,0
DA:51,0
DA:52,0
DA:53,0
DA:56,0
DA:61,0
DA:66,0
DA:68,0
DA:69,0
DA:87,0
DA:98,0
LF:20
LH:0
BRDA:37,0,0,0
BRDA:37,0,1,0
BRDA:38,1,0,0
BRDA:38,1,1,0
BRDA:39,2,0,0
BRDA:39,2,1,0
BRDA:43,3,0,0
BRDA:43,3,1,0
BRDA:52,4,0,0
BRDA:52,5,0,0
BRDA:52,5,1,0
BRDA:79,6,0,0
BRDA:82,7,0,0
BRDA:82,7,1,0
BRDA:84,8,0,0
BRDA:84,8,1,0
BRF:16
BRH:0
end_of_record
TN:
SF:src/components/tasks/TaskCard.tsx
FN:12,TaskCard
FN:13,(anonymous_1)
FN:14,(anonymous_2)
FN:19,(anonymous_3)
FN:23,(anonymous_4)
FN:29,(anonymous_5)
FNF:6
FNH:0
FNDA:0,TaskCard
FNDA:0,(anonymous_1)
FNDA:0,(anonymous_2)
FNDA:0,(anonymous_3)
FNDA:0,(anonymous_4)
FNDA:0,(anonymous_5)
DA:13,0
DA:14,0
DA:16,0
DA:17,0
DA:19,0
DA:20,0
DA:23,0
DA:24,0
DA:25,0
DA:29,0
DA:30,0
DA:31,0
DA:33,0
DA:34,0
DA:37,0
DA:39,0
DA:41,0
DA:43,0
DA:45,0
DA:49,0
LF:20
LH:0
BRDA:12,0,0,0
BRDA:16,1,0,0
BRDA:16,1,1,0
BRDA:16,2,0,0
BRDA:16,2,1,0
BRDA:16,3,0,0
BRDA:16,3,1,0
BRDA:30,4,0,0
BRDA:31,5,0,0
BRDA:33,6,0,0
BRDA:37,7,0,0
BRDA:37,7,1,0
BRDA:37,7,2,0
BRDA:37,7,3,0
BRDA:49,8,0,0
BRDA:53,9,0,0
BRDA:53,9,1,0
BRDA:54,10,0,0
BRDA:54,10,1,0
BRDA:55,11,0,0
BRDA:55,11,1,0
BRDA:56,12,0,0
BRDA:56,12,1,0
BRDA:62,13,0,0
BRDA:71,14,0,0
BRDA:71,14,1,0
BRDA:72,15,0,0
BRDA:72,15,1,0
BRDA:73,16,0,0
BRDA:73,16,1,0
BRDA:74,17,0,0
BRDA:74,17,1,0
BRDA:81,18,0,0
BRDA:81,18,1,0
BRDA:84,19,0,0
BRDA:85,20,0,0
BRDA:85,20,1,0
BRDA:88,21,0,0
BRDA:98,22,0,0
BRDA:98,22,1,0
BRDA:102,23,0,0
BRDA:104,24,0,0
BRDA:104,24,1,0
BRDA:106,25,0,0
BRDA:106,25,1,0
BRDA:110,26,0,0
BRDA:110,26,1,0
BRDA:110,27,0,0
BRDA:110,27,1,0
BRDA:114,28,0,0
BRDA:117,29,0,0
BRDA:117,29,1,0
BRF:52
BRH:0
end_of_record
TN:
SF:src/components/tasks/TaskDialog.tsx
FN:32,TaskDialog
FN:48,(anonymous_1)
FN:57,(anonymous_2)
FN:152,(anonymous_3)
FN:175,(anonymous_4)
FN:195,(anonymous_5)
FN:219,(anonymous_6)
FNF:7
FNH:0
FNDA:0,TaskDialog
FNDA:0,(anonymous_1)
FNDA:0,(anonymous_2)
FNDA:0,(anonymous_3)
FNDA:0,(anonymous_4)
FNDA:0,(anonymous_5)
FNDA:0,(anonymous_6)
DA:38,0
DA:39,0
DA:40,0
DA:41,0
DA:43,0
DA:44,0
DA:45,0
DA:48,0
DA:49,0
DA:57,0
DA:58,0
DA:60,0
DA:61,0
DA:68,0
DA:69,0
DA:72,0
DA:73,0
DA:76,0
DA:77,0
DA:79,0
DA:80,0
DA:81,0
DA:84,0
DA:85,0
DA:86,0
DA:88,0
DA:89,0
DA:90,0
DA:97,0
DA:98,0
DA:101,0
DA:103,0
DA:106,0
DA:108,0
DA:109,0
DA:111,0
DA:117,0
DA:120,0
DA:126,0
DA:127,0
DA:129,0
DA:130,0
DA:137,0
DA:139,0
DA:142,0
DA:144,0
DA:145,0
DA:152,0
DA:153,0
DA:156,0
DA:175,0
DA:195,0
DA:219,0
LF:53
LH:0
BRDA:43,0,0,0
BRDA:43,0,1,0
BRDA:44,1,0,0
BRDA:44,1,1,0
BRDA:45,2,0,0
BRDA:45,2,1,0
BRDA:50,3,0,0
BRDA:50,3,1,0
BRDA:50,4,0,0
BRDA:50,4,1,0
BRDA:50,5,0,0
BRDA:50,5,1,0
BRDA:60,6,0,0
BRDA:79,7,0,0
BRDA:84,8,0,0
BRDA:84,8,1,0
BRDA:88,9,0,0
BRDA:88,10,0,0
BRDA:88,10,1,0
BRDA:106,11,0,0
BRDA:106,11,1,0
BRDA:142,12,0,0
BRDA:142,12,1,0
BRDA:144,13,0,0
BRDA:144,13,1,0
BRDA:144,14,0,0
BRDA:144,14,1,0
BRDA:167,15,0,0
BRDA:170,16,0,0
BRDA:170,16,1,0
BRDA:172,17,0,0
BRDA:172,17,1,0
BRDA:212,18,0,0
BRDA:212,18,1,0
BRDA:212,19,0,0
BRDA:212,19,1,0
BRDA:212,20,0,0
BRDA:212,20,1,0
BRDA:212,21,0,0
BRDA:212,21,1,0
BRF:40
BRH:0
end_of_record
TN:
SF:src/components/tasks/TaskListWithErrorBoundary.tsx
FN:40,(anonymous_2)
FNF:1
FNH:0
FNDA:0,(anonymous_2)
DA:36,0
DA:41,0
LF:2
LH:0
BRF:0
BRH:0
end_of_record
TN:
SF:src/components/tasks/kanban-view.tsx
FN:15,KanbanColumn
FN:24,(anonymous_1)
FN:29,(anonymous_2)
FN:33,(anonymous_3)
FN:61,(anonymous_5)
FN:64,(anonymous_6)
FN:82,KanbanView
FN:84,(anonymous_8)
FN:85,(anonymous_9)
FN:86,(anonymous_10)
FN:88,(anonymous_11)
FN:90,(anonymous_12)
FNF:12
FNH:0
FNDA:0,KanbanColumn
FNDA:0,(anonymous_1)
FNDA:0,(anonymous_2)
FNDA:0,(anonymous_3)
FNDA:0,(anonymous_5)
FNDA:0,(anonymous_6)
FNDA:0,KanbanView
FNDA:0,(anonymous_8)
FNDA:0,(anonymous_9)
FNDA:0,(anonymous_10)
FNDA:0,(anonymous_11)
FNDA:0,(anonymous_12)
DA:22,0
DA:24,0
DA:25,0
DA:26,0
DA:29,0
DA:30,0
DA:33,0
DA:34,0
DA:35,0
DA:36,0
DA:37,0
DA:38,0
DA:62,0
DA:64,0
DA:84,0
DA:85,0
DA:86,0
DA:88,0
DA:90,0
DA:91,0
DA:93,0
DA:96,0
DA:97,0
DA:99,0
DA:102,0
DA:104,0
DA:120,0
DA:122,0
DA:124,0
LF:29
LH:0
BRDA:37,0,0,0
BRDA:45,1,0,0
BRDA:45,1,1,0
BRDA:84,2,0,0
BRDA:84,2,1,0
BRDA:85,3,0,0
BRDA:85,3,1,0
BRDA:91,4,0,0
BRDA:96,5,0,0
BRDA:96,5,1,0
BRF:10
BRH:0
end_of_record
TN:
SF:src/components/tasks/list-view.tsx
FN:14,ListView
FN:15,(anonymous_1)
FN:40,(anonymous_2)
FN:49,(anonymous_3)
FN:51,(anonymous_4)
FN:54,(anonymous_5)
FNF:6
FNH:0
FNDA:0,ListView
FNDA:0,(anonymous_1)
FNDA:0,(anonymous_2)
FNDA:0,(anonymous_3)
FNDA:0,(anonymous_4)
FNDA:0,(anonymous_5)
DA:15,0
DA:16,0
DA:41,0
DA:49,0
DA:51,0
DA:54,0
LF:6
LH:0
BRDA:23,0,0,0
BRDA:41,1,0,0
BRDA:41,1,1,0
BRDA:42,2,0,0
BRDA:42,2,1,0
BRDA:42,3,0,0
BRDA:42,3,1,0
BRDA:55,4,0,0
BRDA:55,4,1,0
BRDA:60,5,0,0
BRDA:60,5,1,0
BRDA:63,6,0,0
BRDA:69,7,0,0
BRDA:69,7,1,0
BRDA:75,8,0,0
BRDA:75,8,1,0
BRDA:77,9,0,0
BRDA:77,9,1,0
BRDA:86,10,0,0
BRDA:86,10,1,0
BRDA:88,11,0,0
BRDA:88,11,1,0
BRDA:92,12,0,0
BRDA:92,12,1,0
BRDA:98,13,0,0
BRDA:99,14,0,0
BRDA:99,14,1,0
BRDA:101,15,0,0
BRDA:101,15,1,0
BRDA:106,16,0,0
BRDA:109,17,0,0
BRDA:109,17,1,0
BRF:32
BRH:0
end_of_record
TN:
SF:src/components/tasks/table-view.tsx
FN:19,TableView
FN:23,(anonymous_1)
FN:28,(anonymous_2)
FN:62,(anonymous_3)
FN:71,(anonymous_4)
FN:94,(anonymous_5)
FN:105,(anonymous_6)
FN:116,(anonymous_7)
FN:127,(anonymous_8)
FN:138,(anonymous_9)
FN:147,(anonymous_10)
FN:156,(anonymous_11)
FN:159,(anonymous_12)
FN:162,(anonymous_13)
FNF:14
FNH:0
FNDA:0,TableView
FNDA:0,(anonymous_1)
FNDA:0,(anonymous_2)
FNDA:0,(anonymous_3)
FNDA:0,(anonymous_4)
FNDA:0,(anonymous_5)
FNDA:0,(anonymous_6)
FNDA:0,(anonymous_7)
FNDA:0,(anonymous_8)
FNDA:0,(anonymous_9)
FNDA:0,(anonymous_10)
FNDA:0,(anonymous_11)
FNDA:0,(anonymous_12)
FNDA:0,(anonymous_13)
DA:20,0
DA:21,0
DA:23,0
DA:24,0
DA:25,0
DA:28,0
DA:29,0
DA:31,0
DA:33,0
DA:34,0
DA:36,0
DA:37,0
DA:38,0
DA:41,0
DA:42,0
DA:43,0
DA:46,0
DA:47,0
DA:48,0
DA:49,0
DA:50,0
DA:51,0
DA:53,0
DA:55,0
DA:56,0
DA:59,0
DA:62,0
DA:63,0
DA:64,0
DA:66,0
DA:67,0
DA:71,0
DA:72,0
DA:94,0
DA:105,0
DA:116,0
DA:127,0
DA:138,0
DA:148,0
DA:156,0
DA:159,0
DA:162,0
LF:42
LH:0
BRDA:31,0,0,0
BRDA:31,0,1,0
BRDA:31,0,2,0
BRDA:31,0,3,0
BRDA:31,0,4,0
BRDA:46,1,0,0
BRDA:46,1,1,0
BRDA:46,2,0,0
BRDA:46,2,1,0
BRDA:48,3,0,0
BRDA:48,3,1,0
BRDA:50,4,0,0
BRDA:55,5,0,0
BRDA:55,5,1,0
BRDA:55,6,0,0
BRDA:55,6,1,0
BRDA:59,7,0,0
BRDA:59,7,1,0
BRDA:63,8,0,0
BRDA:63,8,1,0
BRDA:64,9,0,0
BRDA:64,9,1,0
BRDA:72,10,0,0
BRDA:75,11,0,0
BRDA:148,12,0,0
BRDA:148,12,1,0
BRDA:149,13,0,0
BRDA:149,13,1,0
BRDA:149,14,0,0
BRDA:149,14,1,0
BRDA:163,15,0,0
BRDA:163,15,1,0
BRDA:170,16,0,0
BRDA:170,16,1,0
BRDA:173,17,0,0
BRDA:179,18,0,0
BRDA:179,18,1,0
BRDA:186,19,0,0
BRDA:186,19,1,0
BRDA:188,20,0,0
BRDA:188,20,1,0
BRDA:197,21,0,0
BRDA:197,21,1,0
BRDA:199,22,0,0
BRDA:199,22,1,0
BRDA:203,23,0,0
BRDA:203,23,1,0
BRDA:209,24,0,0
BRDA:210,25,0,0
BRDA:210,25,1,0
BRDA:212,26,0,0
BRDA:212,26,1,0
BRDA:217,27,0,0
BRDA:220,28,0,0
BRDA:220,28,1,0
BRF:55
BRH:0
end_of_record
TN:
SF:src/components/tasks/view-selector.tsx
FN:7,ViewSelector
FN:15,(anonymous_1)
FN:24,(anonymous_2)
FN:33,(anonymous_3)
FNF:4
FNH:0
FNDA:0,ViewSelector
FNDA:0,(anonymous_1)
FNDA:0,(anonymous_2)
FNDA:0,(anonymous_3)
DA:8,0
DA:15,0
DA:24,0
DA:33,0
LF:4
LH:0
BRDA:13,0,0,0
BRDA:13,0,1,0
BRDA:22,1,0,0
BRDA:22,1,1,0
BRDA:31,2,0,0
BRDA:31,2,1,0
BRF:6
BRH:0
end_of_record
TN:
SF:src/components/ui/alert-dialog.tsx
FNF:0
FNH:0
DA:9,0
DA:11,0
DA:13,0
DA:28,0
DA:46,0
DA:60,0
DA:74,0
DA:86,0
DA:98,0
DA:111,0
DA:127,0
LF:11
LH:0
BRF:0
BRH:0
end_of_record
TN:
SF:src/components/ui/avatar.tsx
FNF:0
FNH:0
DA:21,0
DA:33,0
DA:48,0
LF:3
LH:0
BRF:0
BRH:0
end_of_record
TN:
SF:src/components/ui/badge.tsx
FN:30,Badge
FNF:1
FNH:1
FNDA:10,Badge
DA:1,1
DA:2,1
DA:4,1
DA:6,1
DA:36,10
LF:5
LH:5
BRF:0
BRH:0
end_of_record
TN:
SF:src/components/ui/breadcrumb.tsx
FN:47,(anonymous_3)
FNF:1
FNH:0
FNDA:0,(anonymous_3)
DA:13,0
DA:28,0
DA:40,0
DA:42,0
DA:48,0
DA:58,0
DA:73,0
DA:89,0
DA:105,0
LF:9
LH:0
BRDA:48,0,0,0
BRDA:48,0,1,0
BRDA:86,1,0,0
BRDA:86,2,0,0
BRDA:86,2,1,0
BRF:5
BRH:0
end_of_record
TN:
SF:src/components/ui/button.tsx
FN:44,(anonymous_0)
FNF:1
FNH:0
FNDA:0,(anonymous_0)
DA:7,0
DA:43,0
DA:45,0
DA:55,0
LF:4
LH:0
BRDA:44,0,0,0
BRDA:45,1,0,0
BRDA:45,1,1,0
BRF:3
BRH:0
end_of_record
TN:
SF:src/components/ui/calendar.tsx
FN:12,Calendar
FNF:1
FNH:0
FNDA:0,Calendar
DA:68,0
LF:1
LH:0
BRDA:15,0,0,0
BRF:1
BRH:0
end_of_record
TN:
SF:src/components/ui/card.tsx
FNF:0
FNH:0
DA:18,0
DA:30,0
DA:45,0
DA:57,0
DA:65,0
DA:77,0
LF:6
LH:0
BRF:0
BRH:0
end_of_record
TN:
SF:src/components/ui/checkbox.tsx
FNF:0
FNH:0
DA:26,0
LF:1
LH:0
BRF:0
BRH:0
end_of_record
TN:
SF:src/components/ui/collapsible.tsx
FNF:0
FNH:0
DA:5,0
DA:7,0
DA:9,0
LF:3
LH:0
BRF:0
BRH:0
end_of_record
TN:
SF:src/components/ui/command.tsx
FN:26,(anonymous_1)
FN:132,(anonymous_8)
FNF:2
FNH:0
FNDA:0,(anonymous_1)
FNDA:0,(anonymous_8)
DA:24,0
DA:26,0
DA:60,0
DA:73,0
DA:86,0
DA:102,0
DA:114,0
DA:130,0
DA:132,0
DA:146,0
LF:10
LH:0
BRF:0
BRH:0
end_of_record
TN:
SF:src/components/ui/data-table-pagination.tsx
FN:22,DataTablePagination
FN:36,(anonymous_1)
FN:60,(anonymous_3)
FN:69,(anonymous_4)
FN:78,(anonymous_5)
FN:87,(anonymous_6)
FNF:6
FNH:0
FNDA:0,DataTablePagination
FNDA:0,(anonymous_1)
FNDA:0,(anonymous_3)
FNDA:0,(anonymous_4)
FNDA:0,(anonymous_5)
FNDA:0,(anonymous_6)
DA:37,0
DA:60,0
DA:69,0
DA:78,0
DA:87,0
LF:5
LH:0
BRF:0
BRH:0
end_of_record
TN:
SF:src/components/ui/data-table.tsx
FN:35,DataTable
FN:66,(anonymous_1)
FN:76,(anonymous_3)
FN:93,(anonymous_4)
FNF:4
FNH:0
FNDA:0,DataTable
FNDA:0,(anonymous_1)
FNDA:0,(anonymous_3)
FNDA:0,(anonymous_4)
DA:41,0
DA:42,0
DA:44,0
DA:66,0
DA:94,0
LF:5
LH:0
BRDA:39,0,0,0
BRDA:61,1,0,0
BRDA:65,2,0,0
BRDA:65,2,1,0
BRDA:65,3,0,0
BRDA:65,3,1,0
BRDA:79,4,0,0
BRDA:79,4,1,0
BRDA:93,5,0,0
BRDA:92,6,0,0
BRDA:92,6,1,0
BRDA:92,7,0,0
BRDA:92,7,1,0
BRDA:96,8,0,0
BRDA:96,8,1,0
BRF:15
BRH:0
end_of_record
TN:
SF:src/components/ui/dialog.tsx
FNF:0
FNH:0
DA:9,0
DA:11,0
DA:13,0
DA:15,0
DA:30,0
DA:54,0
DA:68,0
DA:82,0
DA:97,0
DA:109,0
LF:10
LH:0
BRF:0
BRH:0
end_of_record
TN:
SF:src/components/ui/dropdown-menu.tsx
FN:171,(anonymous_8)
FNF:1
FNH:0
FNDA:0,(anonymous_8)
DA:9,0
DA:11,0
DA:13,0
DA:15,0
DA:17,0
DA:19,0
DA:40,0
DA:56,0
DA:75,0
DA:93,0
DA:116,0
DA:139,0
DA:157,0
DA:169,0
DA:171,0
DA:182,0
LF:16
LH:0
BRDA:31,0,0,0
BRDA:31,0,1,0
BRDA:62,1,0,0
BRDA:87,2,0,0
BRDA:87,2,1,0
BRDA:151,3,0,0
BRDA:151,3,1,0
BRF:7
BRH:0
end_of_record
TN:
SF:src/components/ui/error-boundary.tsx
FN:28,(anonymous_1)
FN:33,(anonymous_2)
FN:50,(anonymous_3)
FN:20,(anonymous_4)
FN:43,(anonymous_5)
FN:77,withErrorBoundary
FNF:6
FNH:0
FNDA:0,(anonymous_1)
FNDA:0,(anonymous_2)
FNDA:0,(anonymous_3)
FNDA:0,(anonymous_4)
FNDA:0,(anonymous_5)
FNDA:0,withErrorBoundary
DA:19,0
DA:21,0
DA:22,0
DA:30,0
DA:35,0
DA:38,0
DA:39,0
DA:44,0
DA:45,0
DA:47,0
DA:51,0
DA:53,0
DA:54,0
DA:72,0
DA:81,0
DA:89,0
DA:91,0
LF:17
LH:0
BRDA:38,0,0,0
BRDA:51,1,0,0
BRDA:53,2,0,0
BRDA:63,3,0,0
BRDA:63,3,1,0
BRDA:63,4,0,0
BRDA:63,4,1,0
BRDA:63,5,0,0
BRDA:63,5,1,0
BRDA:44,6,0,0
BRDA:79,7,0,0
BRDA:81,8,0,0
BRDA:81,8,1,0
BRDA:81,8,2,0
BRF:14
BRH:0
end_of_record
TN:
SF:src/components/ui/form.tsx
FN:29,(anonymous_0)
FN:42,(anonymous_1)
FN:76,(anonymous_2)
FN:90,(anonymous_3)
FN:107,(anonymous_4)
FN:129,(anonymous_5)
FN:146,(anonymous_6)
FNF:7
FNH:0
FNDA:0,(anonymous_0)
FNDA:0,(anonymous_1)
FNDA:0,(anonymous_2)
FNDA:0,(anonymous_3)
FNDA:0,(anonymous_4)
FNDA:0,(anonymous_5)
FNDA:0,(anonymous_6)
DA:16,0
DA:25,0
DA:29,0
DA:42,0
DA:43,0
DA:44,0
DA:45,0
DA:47,0
DA:49,0
DA:50,0
DA:53,0
DA:55,0
DA:69,0
DA:73,0
DA:77,0
DA:85,0
DA:87,0
DA:91,0
DA:102,0
DA:104,0
DA:108,0
DA:124,0
DA:126,0
DA:130,0
DA:141,0
DA:143,0
DA:147,0
DA:148,0
DA:150,0
DA:151,0
DA:165,0
LF:31
LH:0
BRDA:49,0,0,0
BRDA:96,1,0,0
BRDA:96,1,1,0
BRDA:115,2,0,0
BRDA:115,2,1,0
BRDA:148,3,0,0
BRDA:148,3,1,0
BRDA:148,4,0,0
BRDA:148,4,1,0
BRDA:148,5,0,0
BRDA:148,5,1,0
BRDA:150,6,0,0
BRF:12
BRH:0
end_of_record
TN:
SF:src/components/ui/input.tsx
FN:6,(anonymous_0)
FNF:1
FNH:0
FNDA:0,(anonymous_0)
DA:5,0
DA:20,0
LF:2
LH:0
BRF:0
BRH:0
end_of_record
TN:
SF:src/components/ui/label.tsx
FNF:0
FNH:0
DA:7,0
DA:22,0
LF:2
LH:0
BRF:0
BRH:0
end_of_record
TN:
SF:src/components/ui/popover.tsx
FNF:0
FNH:0
DA:8,0
DA:10,0
DA:29,0
LF:3
LH:0
BRDA:15,0,0,0
BRDA:15,1,0,0
BRF:2
BRH:0
end_of_record
TN:
SF:src/components/ui/progress.tsx
FNF:0
FNH:0
DA:26,0
LF:1
LH:0
BRDA:22,0,0,0
BRDA:22,0,1,0
BRF:2
BRH:0
end_of_record
TN:
SF:src/components/ui/scroll-area.tsx
FNF:0
FNH:0
DA:24,0
DA:46,0
LF:2
LH:0
BRDA:29,0,0,0
BRDA:35,1,0,0
BRDA:35,1,1,0
BRDA:37,2,0,0
BRDA:37,2,1,0
BRF:5
BRH:0
end_of_record
TN:
SF:src/components/ui/select.tsx
FNF:0
FNH:0
DA:7,0
DA:9,0
DA:11,0
DA:31,0
DA:48,0
DA:65,0
DA:98,0
DA:110,0
DA:133,0
DA:145,0
LF:10
LH:0
BRDA:71,0,0,0
BRDA:77,1,0,0
BRDA:77,1,1,0
BRDA:88,2,0,0
BRDA:88,2,1,0
BRF:5
BRH:0
end_of_record
TN:
SF:src/components/ui/separator.tsx
FNF:0
FNH:0
DA:29,0
LF:1
LH:0
BRDA:13,0,0,0
BRDA:13,1,0,0
BRDA:22,2,0,0
BRDA:22,2,1,0
BRF:4
BRH:0
end_of_record
TN:
SF:src/components/ui/sheet.tsx
FNF:0
FNH:0
DA:10,0
DA:12,0
DA:14,0
DA:16,0
DA:31,0
DA:33,0
DA:75,0
DA:89,0
DA:103,0
DA:115,0
DA:127,0
LF:11
LH:0
BRDA:59,0,0,0
BRF:1
BRH:0
end_of_record
TN:
SF:src/components/ui/sidebar.tsx
FN:47,useSidebar
FN:64,(anonymous_1)
FN:84,(anonymous_2)
FN:99,(anonymous_3)
FN:101,(anonymous_4)
FN:102,(anonymous_5)
FN:106,(anonymous_6)
FN:107,(anonymous_7)
FN:118,(anonymous_8)
FN:126,(anonymous_9)
FN:173,(anonymous_10)
FN:275,(anonymous_11)
FN:285,(anonymous_12)
FN:301,(anonymous_13)
FN:330,(anonymous_14)
FN:348,(anonymous_15)
FN:366,(anonymous_16)
FN:381,(anonymous_17)
FN:396,(anonymous_18)
FN:411,(anonymous_19)
FN:429,(anonymous_20)
FN:444,(anonymous_21)
FN:465,(anonymous_22)
FN:554,(anonymous_26)
FN:611,(anonymous_27)
FN:662,(anonymous_29)
FN:664,(anonymous_30)
FN:725,(anonymous_33)
FNF:28
FNH:0
FNDA:0,useSidebar
FNDA:0,(anonymous_1)
FNDA:0,(anonymous_2)
FNDA:0,(anonymous_3)
FNDA:0,(anonymous_4)
FNDA:0,(anonymous_5)
FNDA:0,(anonymous_6)
FNDA:0,(anonymous_7)
FNDA:0,(anonymous_8)
FNDA:0,(anonymous_9)
FNDA:0,(anonymous_10)
FNDA:0,(anonymous_11)
FNDA:0,(anonymous_12)
FNDA:0,(anonymous_13)
FNDA:0,(anonymous_14)
FNDA:0,(anonymous_15)
FNDA:0,(anonymous_16)
FNDA:0,(anonymous_17)
FNDA:0,(anonymous_18)
FNDA:0,(anonymous_19)
FNDA:0,(anonymous_20)
FNDA:0,(anonymous_21)
FNDA:0,(anonymous_22)
FNDA:0,(anonymous_26)
FNDA:0,(anonymous_27)
FNDA:0,(anonymous_29)
FNDA:0,(anonymous_30)
FNDA:0,(anonymous_33)
DA:28,0
DA:29,0
DA:30,0
DA:31,0
DA:32,0
DA:33,0
DA:45,0
DA:48,0
DA:49,0
DA:50,0
DA:53,0
DA:56,0
DA:76,0
DA:77,0
DA:81,0
DA:82,0
DA:83,0
DA:85,0
DA:86,0
DA:87,0
DA:89,0
DA:93,0
DA:99,0
DA:100,0
DA:101,0
DA:102,0
DA:106,0
DA:107,0
DA:108,0
DA:112,0
DA:113,0
DA:117,0
DA:118,0
DA:123,0
DA:125,0
DA:126,0
DA:163,0
DA:165,0
DA:184,0
DA:186,0
DA:201,0
DA:270,0
DA:272,0
DA:276,0
DA:286,0
DA:287,0
DA:296,0
DA:298,0
DA:302,0
DA:325,0
DA:327,0
DA:343,0
DA:345,0
DA:361,0
DA:363,0
DA:376,0
DA:378,0
DA:391,0
DA:393,0
DA:406,0
DA:408,0
DA:424,0
DA:426,0
DA:439,0
DA:441,0
DA:445,0
DA:460,0
DA:462,0
DA:466,0
DA:483,0
DA:496,0
DA:509,0
DA:522,0
DA:524,0
DA:546,0
DA:566,0
DA:567,0
DA:580,0
DA:581,0
DA:584,0
DA:585,0
DA:603,0
DA:605,0
DA:612,0
DA:634,0
DA:655,0
DA:657,0
DA:664,0
DA:665,0
DA:693,0
DA:710,0
DA:716,0
DA:718,0
DA:726,0
DA:746,0
LF:95
LH:0
BRDA:49,0,0,0
BRDA:66,1,0,0
BRDA:82,2,0,0
BRDA:82,2,1,0
BRDA:82,3,0,0
BRDA:82,3,1,0
BRDA:85,4,0,0
BRDA:85,4,1,0
BRDA:86,5,0,0
BRDA:86,5,1,0
BRDA:100,6,0,0
BRDA:100,6,1,0
BRDA:108,7,0,0
BRDA:109,8,0,0
BRDA:109,8,1,0
BRDA:109,8,2,0
BRDA:123,9,0,0
BRDA:123,9,1,0
BRDA:175,10,0,0
BRDA:176,11,0,0
BRDA:177,12,0,0
BRDA:186,13,0,0
BRDA:201,14,0,0
BRDA:230,15,0,0
BRDA:230,15,1,0
BRDA:240,16,0,0
BRDA:240,16,1,0
BRDA:240,17,0,0
BRDA:240,17,1,0
BRDA:248,18,0,0
BRDA:248,18,1,0
BRDA:252,19,0,0
BRDA:252,19,1,0
BRDA:252,20,0,0
BRDA:252,20,1,0
BRDA:286,21,0,0
BRDA:286,21,1,0
BRDA:286,22,0,0
BRDA:286,22,1,0
BRDA:444,23,0,0
BRDA:445,24,0,0
BRDA:445,24,1,0
BRDA:465,25,0,0
BRDA:466,26,0,0
BRDA:466,26,1,0
BRDA:556,27,0,0
BRDA:557,28,0,0
BRDA:558,29,0,0
BRDA:559,30,0,0
BRDA:566,31,0,0
BRDA:566,31,1,0
BRDA:580,32,0,0
BRDA:584,33,0,0
BRDA:596,34,0,0
BRDA:596,34,1,0
BRDA:611,35,0,0
BRDA:611,36,0,0
BRDA:612,37,0,0
BRDA:612,37,1,0
BRDA:626,38,0,0
BRDA:626,38,1,0
BRDA:662,39,0,0
BRDA:675,40,0,0
BRDA:725,41,0,0
BRDA:725,42,0,0
BRDA:726,43,0,0
BRDA:726,43,1,0
BRDA:737,44,0,0
BRDA:737,44,1,0
BRDA:738,45,0,0
BRDA:738,45,1,0
BRF:71
BRH:0
end_of_record
TN:
SF:src/components/ui/skeleton.tsx
FN:3,Skeleton
FNF:1
FNH:0
FNDA:0,Skeleton
LF:0
LH:0
BRF:0
BRH:0
end_of_record
TN:
SF:src/components/ui/table.tsx
FNF:0
FNH:0
DA:17,0
DA:25,0
DA:37,0
DA:49,0
DA:64,0
DA:79,0
DA:91,0
DA:103,0
LF:8
LH:0
BRF:0
BRH:0
end_of_record
TN:
SF:src/components/ui/textarea.tsx
FN:9,(anonymous_0)
FNF:1
FNH:0
FNDA:0,(anonymous_0)
DA:8,0
DA:22,0
LF:2
LH:0
BRF:0
BRH:0
end_of_record
TN:
SF:src/components/ui/toast.tsx
FN:45,(anonymous_1)
FNF:1
FNH:0
FNDA:0,(anonymous_1)
DA:8,0
DA:23,0
DA:25,0
DA:41,0
DA:54,0
DA:69,0
DA:87,0
DA:99,0
DA:111,0
LF:9
LH:0
BRF:0
BRH:0
end_of_record
TN:
SF:src/components/ui/toaster.tsx
FN:11,Toaster
FN:16,(anonymous_1)
FNF:2
FNH:0
FNDA:0,Toaster
FNDA:0,(anonymous_1)
DA:12,0
LF:1
LH:0
BRDA:20,0,0,0
BRDA:21,1,0,0
BRF:2
BRH:0
end_of_record
TN:
SF:src/components/ui/tooltip.tsx
FNF:0
FNH:0
DA:8,0
DA:10,0
DA:12,0
DA:28,0
LF:4
LH:0
BRDA:17,0,0,0
BRF:1
BRH:0
end_of_record
TN:
SF:src/components/ui/use-toast.ts
FN:28,genId
FN:59,(anonymous_1)
FN:70,(anonymous_2)
FN:83,(anonymous_3)
FN:90,(anonymous_4)
FN:109,(anonymous_5)
FN:118,dispatch
FN:120,(anonymous_7)
FN:127,toast
FN:130,(anonymous_9)
FN:135,(anonymous_10)
FN:143,(anonymous_11)
FN:156,useToast
FN:159,(anonymous_13)
FN:161,(anonymous_14)
FN:172,(anonymous_15)
FN:176,addToRemoveQueue
FN:181,(anonymous_17)
FNF:18
FNH:0
FNDA:0,genId
FNDA:0,(anonymous_1)
FNDA:0,(anonymous_2)
FNDA:0,(anonymous_3)
FNDA:0,(anonymous_4)
FNDA:0,(anonymous_5)
FNDA:0,dispatch
FNDA:0,(anonymous_7)
FNDA:0,toast
FNDA:0,(anonymous_9)
FNDA:0,(anonymous_10)
FNDA:0,(anonymous_11)
FNDA:0,useToast
FNDA:0,(anonymous_13)
FNDA:0,(anonymous_14)
FNDA:0,(anonymous_15)
FNDA:0,addToRemoveQueue
FNDA:0,(anonymous_17)
DA:9,0
DA:10,0
DA:19,0
DA:26,0
DA:29,0
DA:30,0
DA:57,0
DA:59,0
DA:60,0
DA:62,0
DA:68,0
DA:71,0
DA:76,0
DA:80,0
DA:81,0
DA:83,0
DA:84,0
DA:88,0
DA:91,0
DA:101,0
DA:102,0
DA:107,0
DA:109,0
DA:114,0
DA:116,0
DA:119,0
DA:120,0
DA:121,0
DA:128,0
DA:130,0
DA:131,0
DA:135,0
DA:137,0
DA:144,0
DA:149,0
DA:157,0
DA:159,0
DA:160,0
DA:161,0
DA:162,0
DA:163,0
DA:164,0
DA:169,0
DA:172,0
DA:177,0
DA:178,0
DA:181,0
DA:182,0
DA:183,0
DA:189,0
LF:50
LH:0
BRDA:60,0,0,0
BRDA:60,0,1,0
BRDA:60,0,2,0
BRDA:60,0,3,0
BRDA:71,1,0,0
BRDA:71,1,1,0
BRDA:80,2,0,0
BRDA:80,2,1,0
BRDA:91,3,0,0
BRDA:91,3,1,0
BRDA:91,4,0,0
BRDA:91,4,1,0
BRDA:101,5,0,0
BRDA:144,6,0,0
BRDA:163,7,0,0
BRDA:177,8,0,0
BRF:16
BRH:0
end_of_record
TN:
SF:src/components/ui/tabs/index.tsx
FNF:0
FNH:0
DA:8,0
DA:23,0
DA:38,0
DA:53,0
LF:4
LH:0
BRF:0
BRH:0
end_of_record
TN:
SF:src/contexts/AuthContext.tsx
FN:27,AuthProvider
FN:44,(anonymous_1)
FN:49,(anonymous_2)
FN:117,(anonymous_3)
FN:149,(anonymous_4)
FN:157,(anonymous_5)
FN:175,(anonymous_6)
FN:196,(anonymous_7)
FN:236,useAuth
FNF:9
FNH:0
FNDA:0,AuthProvider
FNDA:0,(anonymous_1)
FNDA:0,(anonymous_2)
FNDA:0,(anonymous_3)
FNDA:0,(anonymous_4)
FNDA:0,(anonymous_5)
FNDA:0,(anonymous_6)
FNDA:0,(anonymous_7)
FNDA:0,useAuth
DA:25,0
DA:29,0
DA:32,0
DA:36,0
DA:37,0
DA:40,0
DA:41,0
DA:44,0
DA:45,0
DA:46,0
DA:49,0
DA:50,0
DA:51,0
DA:53,0
DA:56,0
DA:57,0
DA:59,0
DA:60,0
DA:62,0
DA:63,0
DA:64,0
DA:65,0
DA:66,0
DA:70,0
DA:71,0
DA:72,0
DA:75,0
DA:76,0
DA:79,0
DA:81,0
DA:84,0
DA:85,0
DA:88,0
DA:92,0
DA:93,0
DA:96,0
DA:100,0
DA:102,0
DA:104,0
DA:105,0
DA:106,0
DA:107,0
DA:113,0
DA:116,0
DA:118,0
DA:120,0
DA:122,0
DA:123,0
DA:126,0
DA:127,0
DA:128,0
DA:129,0
DA:132,0
DA:134,0
DA:135,0
DA:136,0
DA:139,0
DA:143,0
DA:149,0
DA:150,0
DA:151,0
DA:152,0
DA:157,0
DA:158,0
DA:159,0
DA:161,0
DA:162,0
DA:167,0
DA:169,0
DA:170,0
DA:171,0
DA:175,0
DA:176,0
DA:177,0
DA:179,0
DA:180,0
DA:188,0
DA:190,0
DA:191,0
DA:192,0
DA:196,0
DA:197,0
DA:198,0
DA:200,0
DA:202,0
DA:204,0
DA:206,0
DA:207,0
DA:208,0
DA:212,0
DA:213,0
DA:216,0
DA:218,0
DA:219,0
DA:220,0
DA:224,0
DA:237,0
DA:238,0
DA:239,0
DA:241,0
LF:100
LH:0
BRDA:32,0,0,0
BRDA:32,0,1,0
BRDA:32,1,0,0
BRDA:32,1,1,0
BRDA:51,2,0,0
BRDA:59,3,0,0
BRDA:65,4,0,0
BRDA:70,5,0,0
BRDA:71,6,0,0
BRDA:71,6,1,0
BRDA:102,7,0,0
BRDA:120,8,0,0
BRDA:122,9,0,0
BRDA:122,10,0,0
BRDA:122,10,1,0
BRDA:122,10,2,0
BRDA:126,11,0,0
BRDA:126,11,1,0
BRDA:206,12,0,0
BRDA:238,13,0,0
BRF:20
BRH:0
end_of_record
TN:
SF:src/features/calendar/calendar-view.tsx
FN:13,CalendarView
FN:23,(anonymous_1)
FN:24,(anonymous_2)
FN:30,(anonymous_3)
FN:42,(anonymous_4)
FN:54,(anonymous_5)
FN:74,(anonymous_6)
FN:80,(anonymous_7)
FN:118,DayView
FN:119,(anonymous_9)
FN:136,(anonymous_11)
FN:168,WeekView
FN:171,(anonymous_14)
FN:172,(anonymous_15)
FNF:14
FNH:0
FNDA:0,CalendarView
FNDA:0,(anonymous_1)
FNDA:0,(anonymous_2)
FNDA:0,(anonymous_3)
FNDA:0,(anonymous_4)
FNDA:0,(anonymous_5)
FNDA:0,(anonymous_6)
FNDA:0,(anonymous_7)
FNDA:0,DayView
FNDA:0,(anonymous_9)
FNDA:0,(anonymous_11)
FNDA:0,WeekView
FNDA:0,(anonymous_14)
FNDA:0,(anonymous_15)
DA:14,0
DA:15,0
DA:17,0
DA:19,0
DA:20,0
DA:21,0
DA:23,0
DA:24,0
DA:25,0
DA:26,0
DA:30,0
DA:31,0
DA:32,0
DA:33,0
DA:34,0
DA:36,0
DA:37,0
DA:38,0
DA:42,0
DA:43,0
DA:44,0
DA:45,0
DA:46,0
DA:48,0
DA:49,0
DA:50,0
DA:54,0
DA:55,0
DA:58,0
DA:62,0
DA:74,0
DA:80,0
DA:119,0
DA:137,0
DA:138,0
DA:139,0
DA:172,0
DA:173,0
DA:174,0
DA:177,0
DA:178,0
LF:41
LH:0
BRDA:31,0,0,0
BRDA:31,0,1,0
BRDA:43,1,0,0
BRDA:43,1,1,0
BRDA:58,2,0,0
BRDA:62,3,0,0
BRDA:73,4,0,0
BRDA:73,4,1,0
BRDA:79,5,0,0
BRDA:79,5,1,0
BRDA:98,6,0,0
BRDA:137,7,0,0
BRDA:147,8,0,0
BRDA:184,9,0,0
BRDA:184,9,1,0
BRDA:185,10,0,0
BRDA:185,10,1,0
BRDA:192,11,0,0
BRDA:192,11,1,0
BRDA:198,12,0,0
BRDA:206,13,0,0
BRF:21
BRH:0
end_of_record
TN:
SF:src/features/projects/project-card.tsx
FN:29,ProjectCard
FN:39,(anonymous_1)
FN:135,(anonymous_3)
FN:142,(anonymous_4)
FNF:4
FNH:0
FNDA:0,ProjectCard
FNDA:0,(anonymous_1)
FNDA:0,(anonymous_3)
FNDA:0,(anonymous_4)
DA:37,0
DA:39,0
DA:40,0
DA:41,0
DA:42,0
DA:44,0
DA:46,0
DA:50,0
DA:51,0
DA:135,0
DA:142,0
LF:11
LH:0
BRDA:54,0,0,0
BRDA:54,0,1,0
BRDA:57,1,0,0
BRDA:57,1,1,0
BRDA:66,2,0,0
BRDA:86,3,0,0
BRDA:86,3,1,0
BRDA:88,4,0,0
BRDA:88,4,1,0
BRDA:102,5,0,0
BRDA:107,6,0,0
BRDA:107,6,1,0
BRDA:126,7,0,0
BRDA:126,7,1,0
BRDA:128,8,0,0
BRDA:128,8,1,0
BRDA:129,9,0,0
BRDA:129,9,1,0
BRF:18
BRH:0
end_of_record
TN:
SF:src/features/projects/project-filters.tsx
FN:25,ProjectFilters
FN:36,(anonymous_1)
FN:44,(anonymous_2)
FN:59,(anonymous_3)
FN:77,(anonymous_4)
FNF:5
FNH:0
FNDA:0,ProjectFilters
FNDA:0,(anonymous_1)
FNDA:0,(anonymous_2)
FNDA:0,(anonymous_3)
FNDA:0,(anonymous_4)
DA:30,0
DA:31,0
DA:36,0
DA:37,0
DA:44,0
DA:45,0
DA:46,0
DA:59,0
DA:77,0
LF:9
LH:0
BRDA:28,0,0,0
BRDA:58,1,0,0
BRDA:58,1,1,0
BRDA:76,2,0,0
BRDA:76,2,1,0
BRDA:77,3,0,0
BRDA:77,3,1,0
BRF:7
BRH:0
end_of_record
TN:
SF:src/features/projects/project-list.tsx
FN:16,ProjectList
FN:43,(anonymous_1)
FN:44,(anonymous_2)
FN:45,(anonymous_3)
FN:53,(anonymous_4)
FN:63,(anonymous_5)
FN:70,(anonymous_6)
FN:75,(anonymous_7)
FN:79,(anonymous_8)
FN:97,(anonymous_9)
FN:110,(anonymous_10)
FN:123,(anonymous_11)
FN:128,(anonymous_12)
FN:151,(anonymous_13)
FN:159,(anonymous_14)
FNF:15
FNH:0
FNDA:0,ProjectList
FNDA:0,(anonymous_1)
FNDA:0,(anonymous_2)
FNDA:0,(anonymous_3)
FNDA:0,(anonymous_4)
FNDA:0,(anonymous_5)
FNDA:0,(anonymous_6)
FNDA:0,(anonymous_7)
FNDA:0,(anonymous_8)
FNDA:0,(anonymous_9)
FNDA:0,(anonymous_10)
FNDA:0,(anonymous_11)
FNDA:0,(anonymous_12)
FNDA:0,(anonymous_13)
FNDA:0,(anonymous_14)
DA:17,0
DA:18,0
DA:19,0
DA:20,0
DA:34,0
DA:41,0
DA:43,0
DA:44,0
DA:45,0
DA:47,0
DA:53,0
DA:55,0
DA:60,0
DA:63,0
DA:64,0
DA:66,0
DA:67,0
DA:70,0
DA:72,0
DA:75,0
DA:76,0
DA:79,0
DA:80,0
DA:83,0
DA:87,0
DA:91,0
DA:97,0
DA:103,0
DA:110,0
DA:123,0
DA:128,0
DA:151,0
DA:160,0
LF:33
LH:0
BRDA:37,0,0,0
BRDA:37,0,1,0
BRDA:64,1,0,0
BRDA:83,2,0,0
BRDA:87,3,0,0
BRDA:91,4,0,0
BRDA:103,5,0,0
BRDA:135,6,0,0
BRDA:144,7,0,0
BRF:9
BRH:0
end_of_record
TN:
SF:src/features/tasks/task-card.tsx
FN:26,TaskCard
FN:34,(anonymous_1)
FN:101,(anonymous_3)
FN:108,(anonymous_4)
FNF:4
FNH:0
FNDA:0,TaskCard
FNDA:0,(anonymous_1)
FNDA:0,(anonymous_3)
FNDA:0,(anonymous_4)
DA:32,0
DA:34,0
DA:35,0
DA:36,0
DA:37,0
DA:39,0
DA:41,0
DA:101,0
DA:108,0
LF:9
LH:0
BRDA:46,0,0,0
BRDA:46,0,1,0
BRDA:49,1,0,0
BRDA:49,1,1,0
BRDA:58,2,0,0
BRDA:65,3,0,0
BRDA:65,3,1,0
BRDA:68,4,0,0
BRDA:73,5,0,0
BRDA:73,5,1,0
BRDA:92,6,0,0
BRDA:92,6,1,0
BRDA:94,7,0,0
BRDA:94,7,1,0
BRDA:95,8,0,0
BRDA:95,8,1,0
BRF:16
BRH:0
end_of_record
TN:
SF:src/features/tasks/task-filters.tsx
FN:25,TaskFilters
FN:36,(anonymous_1)
FN:44,(anonymous_2)
FN:59,(anonymous_3)
FN:77,(anonymous_4)
FNF:5
FNH:0
FNDA:0,TaskFilters
FNDA:0,(anonymous_1)
FNDA:0,(anonymous_2)
FNDA:0,(anonymous_3)
FNDA:0,(anonymous_4)
DA:30,0
DA:31,0
DA:36,0
DA:37,0
DA:44,0
DA:45,0
DA:46,0
DA:59,0
DA:77,0
LF:9
LH:0
BRDA:28,0,0,0
BRDA:58,1,0,0
BRDA:58,1,1,0
BRDA:76,2,0,0
BRDA:76,2,1,0
BRDA:77,3,0,0
BRDA:77,3,1,0
BRF:7
BRH:0
end_of_record
TN:
SF:src/features/tasks/task-list.tsx
FN:15,TaskList
FN:39,(anonymous_1)
FN:49,(anonymous_2)
FN:56,(anonymous_3)
FN:61,(anonymous_4)
FN:65,(anonymous_5)
FN:83,(anonymous_6)
FN:96,(anonymous_7)
FN:109,(anonymous_8)
FN:114,(anonymous_9)
FN:137,(anonymous_10)
FNF:11
FNH:0
FNDA:0,TaskList
FNDA:0,(anonymous_1)
FNDA:0,(anonymous_2)
FNDA:0,(anonymous_3)
FNDA:0,(anonymous_4)
FNDA:0,(anonymous_5)
FNDA:0,(anonymous_6)
FNDA:0,(anonymous_7)
FNDA:0,(anonymous_8)
FNDA:0,(anonymous_9)
FNDA:0,(anonymous_10)
DA:16,0
DA:17,0
DA:18,0
DA:19,0
DA:33,0
DA:39,0
DA:41,0
DA:46,0
DA:49,0
DA:50,0
DA:52,0
DA:53,0
DA:56,0
DA:58,0
DA:61,0
DA:62,0
DA:65,0
DA:66,0
DA:69,0
DA:73,0
DA:77,0
DA:83,0
DA:89,0
DA:96,0
DA:109,0
DA:114,0
DA:137,0
LF:27
LH:0
BRDA:36,0,0,0
BRDA:36,0,1,0
BRDA:50,1,0,0
BRDA:69,2,0,0
BRDA:73,3,0,0
BRDA:77,4,0,0
BRDA:89,5,0,0
BRDA:121,6,0,0
BRDA:130,7,0,0
BRF:9
BRH:0
end_of_record
TN:
SF:src/hooks/use-mobile.tsx
FN:5,useIsMobile
FN:8,(anonymous_1)
FN:10,(anonymous_2)
FN:15,(anonymous_3)
FNF:4
FNH:0
FNDA:0,useIsMobile
FNDA:0,(anonymous_1)
FNDA:0,(anonymous_2)
FNDA:0,(anonymous_3)
DA:3,0
DA:6,0
DA:8,0
DA:9,0
DA:10,0
DA:11,0
DA:13,0
DA:14,0
DA:15,0
DA:18,0
LF:10
LH:0
BRF:0
BRH:0
end_of_record
TN:
SF:src/hooks/useDarkMode.ts
FN:5,useDarkMode
FN:6,(anonymous_1)
FN:17,(anonymous_2)
FN:37,(anonymous_3)
FN:41,(anonymous_4)
FN:51,(anonymous_5)
FNF:6
FNH:0
FNDA:0,useDarkMode
FNDA:0,(anonymous_1)
FNDA:0,(anonymous_2)
FNDA:0,(anonymous_3)
FNDA:0,(anonymous_4)
FNDA:0,(anonymous_5)
DA:6,0
DA:7,0
DA:8,0
DA:9,0
DA:11,0
DA:14,0
DA:17,0
DA:18,0
DA:19,0
DA:23,0
DA:26,0
DA:28,0
DA:29,0
DA:31,0
DA:37,0
DA:38,0
DA:39,0
DA:41,0
DA:42,0
DA:43,0
DA:44,0
DA:46,0
DA:50,0
DA:51,0
DA:55,0
LF:25
LH:0
BRDA:7,0,0,0
BRDA:9,1,0,0
BRDA:9,1,1,0
BRDA:18,2,0,0
BRDA:23,3,0,0
BRDA:23,3,1,0
[...]
DA:45,0
DA:47,0
DA:49,0
DA:50,0
DA:53,0
DA:62,0
DA:68,0
DA:69,0
DA:70,0
DA:75,0
DA:76,0
DA:79,0
DA:80,0
DA:84,0
DA:93,0
DA:94,0
DA:95,0
DA:99,0
DA:102,0
DA:103,0
DA:104,0
DA:105,0
DA:110,0
DA:112,0
DA:114,0
DA:119,0
DA:121,0
DA:122,0
DA:125,0
DA:130,0
DA:132,0
DA:134,0
DA:141,0
DA:142,0
DA:145,0
DA:150,0
DA:152,0
DA:154,0
DA:160,0
DA:161,0
DA:167,0
LF:55
LH:0
BRDA:15,0,0,0
BRDA:20,1,0,0
BRDA:25,2,0,0
BRDA:29,3,0,0
BRDA:29,4,0,0
BRDA:29,4,1,0
BRDA:33,5,0,0
BRDA:39,6,0,0
BRDA:49,7,0,0
BRDA:63,8,0,0
BRDA:63,8,1,0
BRDA:69,9,0,0
BRDA:76,10,0,0
BRDA:79,11,0,0
BRDA:103,12,0,0
BRDA:112,13,0,0
BRDA:121,14,0,0
BRDA:132,15,0,0
BRDA:141,16,0,0
BRDA:152,17,0,0
BRDA:160,18,0,0
BRDA:168,19,0,0
BRDA:168,19,1,0
BRDA:169,20,0,0
BRDA:169,20,1,0
BRDA:169,20,2,0
BRF:26
BRH:0
end_of_record
TN:
SF:src/hooks/api/useProjects.ts
FN:12,useProjects
FN:13,(anonymous_1)
FN:62,(anonymous_2)
FN:102,(anonymous_3)
FN:132,(anonymous_4)
FNF:5
FNH:0
FNDA:0,useProjects
FNDA:0,(anonymous_1)
FNDA:0,(anonymous_2)
FNDA:0,(anonymous_3)
FNDA:0,(anonymous_4)
DA:13,0
DA:14,0
DA:16,0
DA:17,0
DA:18,0
DA:19,0
DA:21,0
DA:23,0
DA:24,0
DA:27,0
DA:28,0
DA:31,0
DA:32,0
DA:36,0
DA:38,0
DA:40,0
DA:41,0
DA:42,0
DA:45,0
DA:47,0
DA:48,0
DA:56,0
DA:61,0
DA:63,0
DA:65,0
DA:66,0
DA:67,0
DA:68,0
DA:71,0
DA:73,0
DA:74,0
DA:75,0
DA:78,0
DA:84,0
DA:86,0
DA:87,0
DA:88,0
DA:91,0
DA:92,0
DA:94,0
DA:95,0
DA:101,0
DA:103,0
DA:105,0
DA:106,0
DA:107,0
DA:108,0
DA:110,0
DA:116,0
DA:117,0
DA:118,0
DA:121,0
DA:122,0
DA:124,0
DA:125,0
DA:131,0
DA:133,0
DA:135,0
DA:136,0
DA:137,0
DA:138,0
DA:140,0
DA:142,0
DA:143,0
DA:144,0
DA:147,0
DA:149,0
DA:150,0
DA:156,0
LF:69
LH:0
BRDA:12,0,0,0
BRDA:23,1,0,0
BRDA:27,2,0,0
BRDA:31,3,0,0
BRDA:31,4,0,0
BRDA:31,4,1,0
BRDA:40,5,0,0
BRDA:71,6,0,0
BRDA:71,7,0,0
BRDA:71,7,1,0
BRDA:74,8,0,0
BRDA:74,9,0,0
BRDA:74,9,1,0
BRDA:86,10,0,0
BRDA:116,11,0,0
BRDA:142,12,0,0
BRDA:157,13,0,0
BRDA:157,13,1,0
BRDA:158,14,0,0
BRDA:158,14,1,0
BRF:20
BRH:0
end_of_record
TN:
SF:src/hooks/api/useProjectsRealtime.ts
FN:14,useProjectsRealtime
FN:18,(anonymous_1)
FN:58,(anonymous_2)
FN:74,(anonymous_3)
FN:81,(anonymous_4)
FN:90,(anonymous_5)
FN:110,(anonymous_6)
FN:130,(anonymous_7)
FNF:8
FNH:0
FNDA:0,useProjectsRealtime
FNDA:0,(anonymous_1)
FNDA:0,(anonymous_2)
FNDA:0,(anonymous_3)
FNDA:0,(anonymous_4)
FNDA:0,(anonymous_5)
FNDA:0,(anonymous_6)
FNDA:0,(anonymous_7)
DA:15,0
DA:16,0
DA:18,0
DA:19,0
DA:21,0
DA:23,0
DA:24,0
DA:27,0
DA:28,0
DA:31,0
DA:32,0
DA:36,0
DA:38,0
DA:40,0
DA:41,0
DA:44,0
DA:52,0
DA:58,0
DA:59,0
DA:62,0
DA:63,0
DA:67,0
DA:76,0
DA:81,0
DA:82,0
DA:83,0
DA:84,0
DA:89,0
DA:91,0
DA:93,0
DA:98,0
DA:100,0
DA:101,0
DA:104,0
DA:109,0
DA:111,0
DA:113,0
DA:120,0
DA:121,0
DA:124,0
DA:129,0
DA:131,0
DA:133,0
DA:139,0
DA:140,0
DA:146,0
LF:46
LH:0
BRDA:14,0,0,0
BRDA:19,1,0,0
BRDA:23,2,0,0
BRDA:27,3,0,0
BRDA:31,4,0,0
BRDA:31,5,0,0
BRDA:31,5,1,0
BRDA:40,6,0,0
BRDA:53,7,0,0
BRDA:53,7,1,0
BRDA:59,8,0,0
BRDA:62,9,0,0
BRDA:82,10,0,0
BRDA:91,11,0,0
BRDA:100,12,0,0
BRDA:111,13,0,0
BRDA:120,14,0,0
BRDA:131,15,0,0
BRDA:139,16,0,0
BRDA:147,17,0,0
BRDA:147,17,1,0
BRDA:148,18,0,0
BRDA:148,18,1,0
BRDA:148,18,2,0
BRF:24
BRH:0
end_of_record
TN:
SF:src/hooks/api/useTasks.ts
FN:15,useTasks
FN:16,(anonymous_1)
FN:95,(anonymous_2)
FN:177,(anonymous_3)
FN:213,(anonymous_4)
FNF:5
FNH:0
FNDA:0,useTasks
FNDA:0,(anonymous_1)
FNDA:0,(anonymous_2)
FNDA:0,(anonymous_3)
FNDA:0,(anonymous_4)
DA:16,0
DA:17,0
DA:19,0
DA:21,0
DA:23,0
DA:24,0
DA:25,0
DA:28,0
DA:30,0
DA:31,0
DA:34,0
DA:35,0
DA:39,0
DA:40,0
DA:42,0
DA:44,0
DA:48,0
DA:49,0
DA:52,0
DA:53,0
DA:56,0
DA:57,0
DA:61,0
DA:63,0
DA:65,0
DA:66,0
DA:67,0
DA:70,0
DA:73,0
DA:74,0
DA:77,0
DA:78,0
DA:89,0
DA:94,0
DA:96,0
DA:98,0
DA:100,0
DA:101,0
DA:103,0
DA:104,0
DA:105,0
DA:108,0
DA:109,0
DA:116,0
DA:118,0
DA:119,0
DA:120,0
DA:123,0
DA:143,0
DA:146,0
DA:151,0
DA:152,0
DA:153,0
DA:156,0
DA:157,0
DA:158,0
DA:161,0
DA:164,0
DA:167,0
DA:169,0
DA:170,0
DA:176,0
DA:178,0
DA:179,0
DA:182,0
DA:185,0
DA:186,0
DA:187,0
DA:190,0
DA:196,0
DA:197,0
DA:198,0
DA:201,0
DA:202,0
DA:203,0
DA:205,0
DA:206,0
DA:212,0
DA:214,0
DA:215,0
DA:218,0
DA:221,0
DA:222,0
DA:223,0
DA:226,0
DA:231,0
DA:232,0
DA:233,0
DA:236,0
DA:237,0
DA:239,0
DA:240,0
DA:246,0
LF:93
LH:0
BRDA:15,0,0,0
BRDA:30,1,0,0
BRDA:34,2,0,0
BRDA:39,3,0,0
BRDA:40,4,0,0
BRDA:40,4,1,0
BRDA:48,5,0,0
BRDA:48,6,0,0
BRDA:48,6,1,0
BRDA:52,7,0,0
BRDA:56,8,0,0
BRDA:65,9,0,0
BRDA:100,10,0,0
BRDA:104,11,0,0
BRDA:104,12,0,0
BRDA:104,12,1,0
BRDA:131,13,0,0
BRDA:131,13,1,0
BRDA:132,14,0,0
BRDA:132,14,1,0
BRDA:132,15,0,0
BRDA:132,15,1,0
BRDA:132,15,2,0
BRDA:135,16,0,0
BRDA:135,16,1,0
BRDA:140,17,0,0
BRDA:140,17,1,0
BRDA:151,18,0,0
BRDA:156,19,0,0
BRDA:156,20,0,0
BRDA:156,20,1,0
BRDA:196,21,0,0
BRDA:231,22,0,0
BRDA:247,23,0,0
BRDA:247,23,1,0
BRDA:248,24,0,0
BRDA:248,24,1,0
BRF:37
BRH:0
end_of_record
TN:
SF:src/hooks/api/useTasksRealtime.ts
FN:18,useTasksRealtime
FN:22,(anonymous_1)
FN:89,(anonymous_2)
FN:109,(anonymous_3)
FN:139,(anonymous_4)
FN:148,(anonymous_5)
FN:192,(anonymous_6)
FN:233,(anonymous_7)
FNF:8
FNH:0
FNDA:0,useTasksRealtime
FNDA:0,(anonymous_1)
FNDA:0,(anonymous_2)
FNDA:0,(anonymous_3)
FNDA:0,(anonymous_4)
FNDA:0,(anonymous_5)
FNDA:0,(anonymous_6)
FNDA:0,(anonymous_7)
DA:19,0
DA:20,0
DA:22,0
DA:23,0
DA:24,0
DA:25,0
DA:28,0
DA:29,0
DA:32,0
DA:33,0
DA:35,0
DA:37,0
DA:38,0
DA:41,0
DA:42,0
DA:45,0
DA:46,0
DA:49,0
DA:50,0
DA:53,0
DA:54,0
DA:57,0
DA:58,0
DA:61,0
DA:62,0
DA:66,0
DA:68,0
DA:70,0
DA:71,0
DA:72,0
DA:75,0
DA:77,0
DA:78,0
DA:84,0
DA:86,0
DA:89,0
DA:90,0
DA:93,0
DA:94,0
DA:98,0
DA:99,0
DA:102,0
DA:111,0
DA:114,0
DA:115,0
DA:116,0
DA:118,0
DA:119,0
DA:121,0
DA:122,0
DA:124,0
DA:125,0
DA:129,0
DA:130,0
DA:131,0
DA:133,0
DA:139,0
DA:140,0
DA:141,0
DA:142,0
DA:148,0
DA:149,0
DA:150,0
DA:153,0
DA:154,0
DA:155,0
DA:158,0
DA:161,0
DA:162,0
DA:165,0
DA:171,0
DA:176,0
DA:177,0
DA:178,0
DA:182,0
DA:184,0
DA:186,0
DA:187,0
DA:192,0
DA:196,0
DA:198,0
DA:199,0
DA:202,0
DA:203,0
DA:204,0
DA:207,0
DA:210,0
DA:217,0
DA:218,0
DA:219,0
DA:223,0
DA:225,0
DA:227,0
DA:228,0
DA:233,0
DA:234,0
DA:236,0
DA:237,0
DA:240,0
DA:241,0
DA:242,0
DA:245,0
DA:248,0
DA:254,0
DA:255,0
DA:256,0
DA:260,0
DA:262,0
DA:263,0
DA:267,0
LF:110
LH:0
BRDA:18,0,0,0
BRDA:23,1,0,0
BRDA:37,2,0,0
BRDA:41,3,0,0
BRDA:45,4,0,0
BRDA:49,5,0,0
BRDA:49,6,0,0
BRDA:49,6,1,0
BRDA:53,7,0,0
BRDA:57,8,0,0
BRDA:61,9,0,0
BRDA:70,10,0,0
BRDA:84,11,0,0
BRDA:84,11,1,0
BRDA:90,12,0,0
BRDA:93,13,0,0
BRDA:114,14,0,0
BRDA:114,15,0,0
BRDA:114,15,1,0
BRDA:115,16,0,0
BRDA:115,17,0,0
BRDA:115,17,1,0
BRDA:118,18,0,0
BRDA:118,19,0,0
BRDA:118,19,1,0
BRDA:121,20,0,0
BRDA:121,21,0,0
BRDA:121,21,1,0
BRDA:124,22,0,0
BRDA:124,23,0,0
BRDA:124,23,1,0
BRDA:129,24,0,0
BRDA:129,24,1,0
BRDA:140,25,0,0
BRDA:154,26,0,0
BRDA:176,27,0,0
BRDA:203,28,0,0
BRDA:217,29,0,0
BRDA:241,30,0,0
BRDA:254,31,0,0
BRDA:268,32,0,0
BRDA:268,32,1,0
BRDA:269,33,0,0
BRDA:269,33,1,0
BRDA:269,33,2,0
BRF:45
BRH:0
end_of_record
TN:
SF:src/lib/auth-context.tsx
FN:19,(anonymous_0)
FN:24,(anonymous_1)
FN:26,(anonymous_2)
FN:41,(anonymous_3)
FN:52,(anonymous_4)
FN:58,(anonymous_5)
FN:71,(anonymous_6)
FN:98,(anonymous_7)
FN:126,(anonymous_8)
FNF:9
FNH:0
FNDA:0,(anonymous_0)
FNDA:0,(anonymous_1)
FNDA:0,(anonymous_2)
FNDA:0,(anonymous_3)
FNDA:0,(anonymous_4)
FNDA:0,(anonymous_5)
FNDA:0,(anonymous_6)
FNDA:0,(anonymous_7)
FNDA:0,(anonymous_8)
DA:17,0
DA:19,0
DA:20,0
DA:21,0
DA:22,0
DA:24,0
DA:26,0
DA:27,0
DA:28,0
DA:29,0
DA:31,0
DA:33,0
DA:37,0
DA:40,0
DA:42,0
DA:43,0
DA:44,0
DA:46,0
DA:48,0
DA:52,0
DA:53,0
DA:58,0
DA:59,0
DA:60,0
DA:61,0
DA:62,0
DA:63,0
DA:65,0
DA:67,0
DA:71,0
DA:72,0
DA:73,0
DA:74,0
DA:81,0
DA:84,0
DA:90,0
DA:92,0
DA:94,0
DA:98,0
DA:99,0
DA:100,0
DA:101,0
DA:102,0
DA:103,0
DA:105,0
DA:107,0
DA:126,0
LF:47
LH:0
BRDA:42,0,0,0
BRDA:42,0,1,0
BRDA:42,1,0,0
BRDA:42,1,1,0
BRDA:42,2,0,0
BRDA:42,2,1,0
BRDA:62,3,0,0
BRDA:81,4,0,0
BRDA:102,5,0,0
BRF:9
BRH:0
end_of_record
TN:
SF:src/lib/auth-persistence.ts
FN:24,persistAuthState
FN:54,getPersistedAuthState
FN:104,clearPersistedAuthState
FN:122,isAuthStateSynced
FNF:4
FNH:0
FNDA:0,persistAuthState
FNDA:0,getPersistedAuthState
FNDA:0,clearPersistedAuthState
FNDA:0,isAuthStateSynced
DA:12,0
DA:25,0
DA:26,0
DA:27,0
DA:33,0
DA:37,0
DA:39,0
DA:42,0
DA:46,0
DA:55,0
DA:56,0
DA:57,0
DA:59,0
DA:60,0
DA:61,0
DA:64,0
DA:65,0
DA:66,0
DA:67,0
DA:71,0
DA:72,0
DA:74,0
DA:75,0
DA:76,0
DA:77,0
DA:79,0
DA:82,0
DA:85,0
DA:86,0
DA:87,0
DA:92,0
DA:94,0
DA:95,0
DA:96,0
DA:105,0
DA:106,0
DA:108,0
DA:111,0
DA:114,0
DA:123,0
DA:124,0
DA:126,0
DA:127,0
DA:131,0
DA:132,0
DA:136,0
DA:137,0
DA:141,0
DA:143,0
DA:144,0
LF:50
LH:0
BRDA:26,0,0,0
BRDA:37,1,0,0
BRDA:37,1,1,0
BRDA:56,2,0,0
BRDA:59,3,0,0
BRDA:64,4,0,0
BRDA:64,5,0,0
BRDA:64,5,1,0
BRDA:64,5,2,0
BRDA:72,6,0,0
BRDA:72,6,1,0
BRDA:72,7,0,0
BRDA:72,7,1,0
BRDA:74,8,0,0
BRDA:74,9,0,0
BRDA:74,9,1,0
BRDA:106,10,0,0
BRDA:126,11,0,0
BRDA:131,12,0,0
BRDA:131,13,0,0
BRDA:131,13,1,0
BRDA:136,14,0,0
BRDA:136,15,0,0
BRDA:136,15,1,0
BRF:24
BRH:0
end_of_record
TN:
SF:src/lib/auth.ts
FN:5,signUp
FN:28,signIn
FN:38,signOut
FN:43,getCurrentUser
FNF:4
FNH:0
FNDA:0,signUp
FNDA:0,signIn
FNDA:0,signOut
FNDA:0,getCurrentUser
DA:6,0
DA:14,0
DA:17,0
DA:18,0
DA:25,0
DA:29,0
DA:34,0
DA:35,0
DA:39,0
DA:40,0
DA:44,0
DA:45,0
DA:47,0
DA:53,0
DA:55,0
LF:15
LH:0
BRDA:14,0,0,0
BRDA:17,1,0,0
BRDA:34,2,0,0
BRDA:40,3,0,0
BRDA:45,4,0,0
BRDA:53,5,0,0
BRDA:53,6,0,0
BRDA:53,6,1,0
BRF:8
BRH:0
end_of_record
TN:
SF:src/lib/keyboard-shortcuts.ts
FN:13,useKeyboardShortcuts
FN:30,(anonymous_1)
FN:37,(anonymous_2)
FN:44,(anonymous_3)
FN:51,(anonymous_4)
FN:58,(anonymous_5)
FN:65,(anonymous_6)
FN:72,(anonymous_7)
FN:79,(anonymous_8)
FN:83,(anonymous_9)
FNF:10
FNH:0
FNDA:0,useKeyboardShortcuts
FNDA:0,(anonymous_1)
FNDA:0,(anonymous_2)
FNDA:0,(anonymous_3)
FNDA:0,(anonymous_4)
FNDA:0,(anonymous_5)
FNDA:0,(anonymous_6)
FNDA:0,(anonymous_7)
FNDA:0,(anonymous_8)
FNDA:0,(anonymous_9)
DA:20,0
DA:22,0
DA:24,0
DA:30,0
DA:37,0
DA:44,0
DA:51,0
DA:58,0
DA:65,0
DA:72,0
DA:79,0
DA:83,0
DA:85,0
DA:87,0
DA:90,0
DA:91,0
DA:94,0
DA:95,0
DA:96,0
DA:101,0
LF:20
LH:0
BRDA:85,0,0,0
BRDA:85,1,0,0
BRDA:85,1,1,0
BRDA:91,2,0,0
BRDA:91,3,0,0
BRDA:91,3,1,0
BRDA:91,3,2,0
BRDA:92,4,0,0
BRDA:92,4,1,0
BRF:9
BRH:0
end_of_record
TN:
SF:src/lib/scheduling.ts
FN:18,scheduleAllTasks
FN:23,(anonymous_1)
FN:30,(anonymous_2)
FN:31,(anonymous_3)
FN:96,(anonymous_4)
FN:97,(anonymous_5)
FN:100,(anonymous_6)
FN:113,(anonymous_7)
FN:148,scheduleTaskFromDate
FN:189,(anonymous_9)
FN:193,(anonymous_10)
FN:201,(anonymous_11)
FN:275,minutesToTime
FNF:13
FNH:0
FNDA:0,scheduleAllTasks
FNDA:0,(anonymous_1)
FNDA:0,(anonymous_2)
FNDA:0,(anonymous_3)
FNDA:0,(anonymous_4)
FNDA:0,(anonymous_5)
FNDA:0,(anonymous_6)
FNDA:0,(anonymous_7)
FNDA:0,scheduleTaskFromDate
FNDA:0,(anonymous_9)
FNDA:0,(anonymous_10)
FNDA:0,(anonymous_11)
FNDA:0,minutesToTime
DA:19,0
DA:20,0
DA:23,0
DA:29,0
DA:30,0
DA:33,0
DA:35,0
DA:37,0
DA:38,0
DA:39,0
DA:43,0
DA:45,0
DA:46,0
DA:47,0
DA:48,0
DA:52,0
DA:54,0
DA:55,0
DA:56,0
DA:61,0
DA:64,0
DA:65,0
DA:66,0
DA:70,0
DA:71,0
DA:72,0
DA:73,0
DA:74,0
DA:77,0
DA:78,0
DA:81,0
DA:82,0
DA:83,0
DA:84,0
DA:85,0
DA:88,0
DA:96,0
DA:97,0
DA:100,0
DA:101,0
DA:102,0
DA:103,0
DA:104,0
DA:107,0
DA:108,0
DA:113,0
DA:114,0
DA:115,0
DA:116,0
DA:119,0
DA:122,0
DA:123,0
DA:126,0
DA:127,0
DA:128,0
DA:129,0
DA:134,0
DA:135,0
DA:139,0
DA:141,0
DA:143,0
DA:144,0
DA:149,0
DA:150,0
DA:151,0
DA:152,0
DA:153,0
DA:156,0
DA:157,0
DA:158,0
DA:159,0
DA:163,0
DA:164,0
DA:167,0
DA:169,0
DA:170,0
DA:171,0
DA:174,0
DA:177,0
DA:178,0
DA:180,0
DA:184,0
DA:185,0
DA:188,0
DA:189,0
DA:192,0
DA:193,0
DA:194,0
DA:198,0
DA:200,0
DA:201,0
DA:207,0
DA:208,0
DA:210,0
DA:213,0
DA:218,0
DA:219,0
DA:221,0
DA:223,0
DA:231,0
DA:234,0
DA:235,0
DA:237,0
DA:240,0
DA:245,0
DA:248,0
DA:251,0
DA:254,0
DA:255,0
DA:256,0
DA:259,0
DA:262,0
DA:263,0
DA:268,0
DA:270,0
DA:271,0
DA:276,0
DA:277,0
DA:278,0
DA:279,0
DA:281,0
DA:282,0
LF:122
LH:0
BRDA:30,0,0,0
BRDA:30,0,1,0
BRDA:35,1,0,0
BRDA:38,2,0,0
BRDA:43,3,0,0
BRDA:43,4,0,0
BRDA:43,4,1,0
BRDA:47,5,0,0
BRDA:52,6,0,0
BRDA:55,7,0,0
BRDA:64,8,0,0
BRDA:107,9,0,0
BRDA:126,10,0,0
BRDA:127,11,0,0
BRDA:127,12,0,0
BRDA:127,12,1,0
BRDA:134,13,0,0
BRDA:152,14,0,0
BRDA:152,14,1,0
BRDA:157,15,0,0
BRDA:163,16,0,0
BRDA:163,16,1,0
BRDA:167,17,0,0
BRDA:177,18,0,0
BRDA:188,19,0,0
BRDA:188,19,1,0
BRDA:192,20,0,0
BRDA:192,20,1,0
BRDA:194,21,0,0
BRDA:194,21,1,0
BRDA:194,21,2,0
BRDA:194,21,3,0
BRDA:198,22,0,0
BRDA:208,23,0,0
BRDA:221,24,0,0
BRDA:221,24,1,0
BRDA:234,25,0,0
BRDA:262,26,0,0
BRF:38
BRH:0
end_of_record
TN:
SF:src/lib/store.ts
FN:43,(anonymous_0)
FN:79,(anonymous_1)
FN:80,(anonymous_2)
FN:80,(anonymous_3)
FN:83,(anonymous_4)
FN:86,(anonymous_5)
FN:87,(anonymous_6)
FN:87,(anonymous_7)
FN:88,(anonymous_8)
FN:88,(anonymous_9)
FN:89,(anonymous_10)
FN:91,(anonymous_11)
FN:91,(anonymous_12)
FN:92,(anonymous_13)
FN:95,(anonymous_14)
FN:96,(anonymous_15)
FN:96,(anonymous_16)
FN:97,(anonymous_17)
FN:97,(anonymous_18)
FN:98,(anonymous_19)
FN:100,(anonymous_20)
FN:100,(anonymous_21)
FN:101,(anonymous_22)
FN:103,(anonymous_23)
FN:107,(anonymous_24)
FN:108,(anonymous_25)
FN:108,(anonymous_26)
FN:109,(anonymous_27)
FN:109,(anonymous_28)
FN:110,(anonymous_29)
FN:112,(anonymous_30)
FN:112,(anonymous_31)
FN:113,(anonymous_32)
FN:117,(anonymous_33)
FN:118,(anonymous_34)
FN:119,(anonymous_35)
FN:120,(anonymous_36)
FN:121,(anonymous_37)
FN:122,(anonymous_38)
FN:123,(anonymous_39)
FN:124,(anonymous_40)
FN:125,(anonymous_41)
FNF:42
FNH:0
FNDA:0,(anonymous_0)
FNDA:0,(anonymous_1)
FNDA:0,(anonymous_2)
FNDA:0,(anonymous_3)
FNDA:0,(anonymous_4)
FNDA:0,(anonymous_5)
FNDA:0,(anonymous_6)
FNDA:0,(anonymous_7)
FNDA:0,(anonymous_8)
FNDA:0,(anonymous_9)
FNDA:0,(anonymous_10)
FNDA:0,(anonymous_11)
FNDA:0,(anonymous_12)
FNDA:0,(anonymous_13)
FNDA:0,(anonymous_14)
FNDA:0,(anonymous_15)
FNDA:0,(anonymous_16)
FNDA:0,(anonymous_17)
FNDA:0,(anonymous_18)
FNDA:0,(anonymous_19)
FNDA:0,(anonymous_20)
FNDA:0,(anonymous_21)
FNDA:0,(anonymous_22)
FNDA:0,(anonymous_23)
FNDA:0,(anonymous_24)
FNDA:0,(anonymous_25)
FNDA:0,(anonymous_26)
FNDA:0,(anonymous_27)
FNDA:0,(anonymous_28)
FNDA:0,(anonymous_29)
FNDA:0,(anonymous_30)
FNDA:0,(anonymous_31)
FNDA:0,(anonymous_32)
FNDA:0,(anonymous_33)
FNDA:0,(anonymous_34)
FNDA:0,(anonymous_35)
FNDA:0,(anonymous_36)
FNDA:0,(anonymous_37)
FNDA:0,(anonymous_38)
FNDA:0,(anonymous_39)
FNDA:0,(anonymous_40)
FNDA:0,(anonymous_41)
DA:43,0
DA:79,0
DA:80,0
DA:83,0
DA:86,0
DA:87,0
DA:88,0
DA:89,0
DA:91,0
DA:92,0
DA:95,0
DA:96,0
DA:97,0
DA:98,0
DA:100,0
DA:101,0
DA:103,0
DA:107,0
DA:108,0
DA:109,0
DA:110,0
DA:112,0
DA:113,0
DA:117,0
DA:118,0
DA:119,0
DA:120,0
DA:121,0
DA:122,0
DA:123,0
DA:124,0
DA:125,0
LF:32
LH:0
BRDA:89,0,0,0
BRDA:89,0,1,0
BRDA:98,1,0,0
BRDA:98,1,1,0
BRDA:103,2,0,0
BRDA:103,2,1,0
BRDA:110,3,0,0
BRDA:110,3,1,0
BRF:8
BRH:0
end_of_record
TN:
SF:src/lib/supabase-test.ts
FN:5,testSupabaseConnection
FNF:1
FNH:0
FNDA:0,testSupabaseConnection
DA:6,0
DA:7,0
DA:10,0
DA:15,0
DA:19,0
DA:20,0
DA:21,0
DA:26,0
DA:29,0
DA:33,0
DA:34,0
DA:35,0
DA:40,0
DA:43,0
DA:47,0
DA:48,0
DA:49,0
DA:54,0
DA:56,0
DA:61,0
DA:65,0
DA:68,0
DA:71,0
LF:23
LH:0
BRDA:16,0,0,0
BRDA:16,0,1,0
BRDA:27,1,0,0
BRDA:27,1,1,0
BRDA:27,2,0,0
BRDA:27,2,1,0
BRDA:27,3,0,0
BRDA:27,3,1,0
BRDA:41,4,0,0
BRDA:41,4,1,0
BRDA:41,5,0,0
BRDA:41,5,1,0
BRDA:41,6,0,0
BRDA:41,6,1,0
BRDA:54,7,0,0
BRDA:54,7,1,0
BRDA:62,8,0,0
BRDA:62,8,1,0
BRDA:63,9,0,0
BRDA:63,9,1,0
BRDA:63,10,0,0
BRDA:63,10,1,0
BRF:22
BRH:0
end_of_record
TN:
SF:src/lib/supabase.ts
FN:33,(anonymous_0)
FN:79,(anonymous_1)
FNF:2
FNH:0
FNDA:0,(anonymous_0)
FNDA:0,(anonymous_1)
DA:6,0
DA:7,0
DA:10,0
DA:11,0
DA:16,0
DA:30,0
DA:33,0
DA:34,0
DA:36,0
DA:38,0
DA:39,0
DA:40,0
DA:43,0
DA:44,0
DA:45,0
DA:49,0
DA:50,0
DA:54,0
DA:71,0
DA:73,0
DA:74,0
DA:79,0
DA:80,0
DA:82,0
DA:83,0
DA:84,0
DA:85,0
DA:87,0
DA:89,0
DA:90,0
LF:30
LH:0
BRDA:10,0,0,0
BRDA:10,1,0,0
BRDA:10,1,1,0
BRDA:17,2,0,0
BRDA:17,2,1,0
BRDA:18,3,0,0
BRDA:18,3,1,0
BRDA:38,4,0,0
BRDA:43,5,0,0
BRDA:49,6,0,0
BRDA:55,7,0,0
BRDA:55,7,1,0
BRDA:56,8,0,0
BRDA:56,8,1,0
BRDA:82,9,0,0
BRF:15
BRH:0
end_of_record
TN:
SF:src/lib/tasks.ts
FN:5,getTasks
FN:14,(anonymous_1)
FN:37,createTask
FN:65,updateTask
FN:95,deleteTask
FNF:5
FNH:0
FNDA:0,getTasks
FNDA:0,(anonymous_1)
FNDA:0,createTask
FNDA:0,updateTask
FNDA:0,deleteTask
DA:6,0
DA:12,0
DA:14,0
DA:38,0
DA:61,0
DA:62,0
DA:66,0
DA:91,0
DA:92,0
DA:96,0
DA:102,0
DA:103,0
LF:12
LH:0
BRDA:12,0,0,0
BRDA:30,1,0,0
BRDA:30,1,1,0
BRDA:55,2,0,0
BRDA:55,2,1,0
BRDA:61,3,0,0
BRDA:91,4,0,0
BRDA:102,5,0,0
BRF:8
BRH:0
end_of_record
TN:
SF:src/lib/utils.ts
FN:4,cn
FN:8,formatDate
FN:17,formatTime
FN:27,getPriorityColor
FN:40,calculateCompletionPercentage
FNF:5
FNH:1
FNDA:10,cn
FNDA:0,formatDate
FNDA:0,formatTime
FNDA:0,getPriorityColor
FNDA:0,calculateCompletionPercentage
DA:1,1
DA:2,1
DA:4,10
DA:5,10
DA:8,0
DA:9,0
DA:10,0
DA:17,0
DA:19,0
DA:20,0
DA:21,0
DA:22,0
DA:23,0
DA:24,0
DA:27,0
DA:28,0
DA:30,0
DA:32,0
DA:34,0
DA:36,0
DA:40,0
DA:41,0
DA:42,0
LF:23
LH:4
BRDA:9,0,0,0
BRDA:9,0,1,0
BRDA:22,1,0,0
BRDA:22,1,1,0
BRDA:23,2,0,0
BRDA:23,2,1,0
BRDA:28,3,0,0
BRDA:28,3,1,0
BRDA:28,3,2,0
BRDA:28,3,3,0
BRDA:41,4,0,0
BRF:11
BRH:0
end_of_record
TN:
SF:src/lib/scheduling/scheduler.ts
FN:28,scheduleTasksForPeriod
FN:41,(anonymous_1)
FN:42,(anonymous_2)
FN:55,(anonymous_3)
FN:132,(anonymous_4)
FN:133,(anonymous_5)
FN:146,findAvailableTimeSlots
FN:157,(anonymous_7)
FN:162,(anonymous_8)
FN:192,(anonymous_9)
FN:219,parseTimeStr
FN:228,ensureTaskId
FN:229,(anonymous_12)
FN:240,updateTaskSchedule
FN:253,generateScheduleForAll
FN:274,(anonymous_15)
FN:275,(anonymous_16)
FN:284,(anonymous_17)
FNF:18
FNH:0
FNDA:0,scheduleTasksForPeriod
FNDA:0,(anonymous_1)
FNDA:0,(anonymous_2)
FNDA:0,(anonymous_3)
FNDA:0,(anonymous_4)
FNDA:0,(anonymous_5)
FNDA:0,findAvailableTimeSlots
FNDA:0,(anonymous_7)
FNDA:0,(anonymous_8)
FNDA:0,(anonymous_9)
FNDA:0,parseTimeStr
FNDA:0,ensureTaskId
FNDA:0,(anonymous_12)
FNDA:0,updateTaskSchedule
FNDA:0,generateScheduleForAll
FNDA:0,(anonymous_15)
FNDA:0,(anonymous_16)
FNDA:0,(anonymous_17)
DA:37,0
DA:40,0
DA:41,0
DA:44,0
DA:45,0
DA:46,0
DA:49,0
DA:50,0
DA:51,0
DA:55,0
DA:56,0
DA:57,0
DA:58,0
DA:61,0
DA:70,0
DA:72,0
DA:75,0
DA:76,0
DA:77,0
DA:80,0
DA:81,0
DA:84,0
DA:85,0
DA:88,0
DA:89,0
DA:93,0
DA:102,0
DA:104,0
DA:107,0
DA:108,0
DA:109,0
DA:110,0
DA:113,0
DA:121,0
DA:125,0
DA:130,0
DA:132,0
DA:133,0
DA:134,0
DA:135,0
DA:139,0
DA:154,0
DA:157,0
DA:158,0
DA:162,0
DA:163,0
DA:164,0
DA:166,0
DA:167,0
DA:168,0
DA:170,0
DA:171,0
DA:173,0
DA:177,0
DA:180,0
DA:186,0
DA:192,0
DA:195,0
DA:197,0
DA:198,0
DA:199,0
DA:202,0
DA:205,0
DA:206,0
DA:213,0
DA:220,0
DA:221,0
DA:222,0
DA:229,0
DA:246,0
DA:247,0
DA:262,0
DA:272,0
DA:274,0
DA:275,0
DA:276,0
DA:277,0
DA:279,0
DA:284,0
DA:285,0
DA:288,0
LF:81
LH:0
BRDA:41,0,0,0
BRDA:41,0,1,0
BRDA:46,1,0,0
BRDA:57,2,0,0
BRDA:72,3,0,0
BRDA:76,4,0,0
BRDA:76,5,0,0
BRDA:76,5,1,0
BRDA:76,5,2,0
BRDA:84,6,0,0
BRDA:84,6,1,0
BRDA:88,7,0,0
BRDA:102,8,0,0
BRDA:134,9,0,0
BRDA:205,10,0,0
BRDA:233,11,0,0
BRDA:233,11,1,0
BRDA:276,12,0,0
BRF:18
BRH:0
end_of_record
TN:
SF:src/lib/store/app-store.ts
FN:23,(anonymous_0)
FN:34,(anonymous_1)
FN:35,(anonymous_2)
FN:36,(anonymous_3)
FN:36,(anonymous_4)
FN:39,(anonymous_5)
FN:40,(anonymous_6)
FNF:7
FNH:0
FNDA:0,(anonymous_0)
FNDA:0,(anonymous_1)
FNDA:0,(anonymous_2)
FNDA:0,(anonymous_3)
FNDA:0,(anonymous_4)
FNDA:0,(anonymous_5)
FNDA:0,(anonymous_6)
DA:23,0
DA:34,0
DA:35,0
DA:36,0
DA:39,0
DA:40,0
LF:6
LH:0
BRF:0
BRH:0
end_of_record
TN:
SF:src/lib/store/provider.tsx
FN:7,AppStoreProvider
FNF:1
FNH:0
FNDA:0,AppStoreProvider
LF:0
LH:0
BRF:0
BRH:0
end_of_record
TN:
SF:src/lib/supabase/client.ts
FNF:0
FNH:0
DA:3,0
DA:4,0
DA:6,0
DA:7,0
DA:10,0
LF:5
LH:0
BRDA:6,0,0,0
BRDA:6,1,0,0
BRDA:6,1,1,0
BRF:3
BRH:0
end_of_record
TN:
SF:src/lib/validations/event.ts
FN:22,(anonymous_0)
FN:32,(anonymous_1)
FNF:2
FNH:0
FNDA:0,(anonymous_0)
FNDA:0,(anonymous_1)
DA:4,0
DA:24,0
DA:25,0
DA:28,0
DA:34,0
LF:5
LH:0
BRDA:24,0,0,0
BRF:1
BRH:0
end_of_record
TN:
SF:src/lib/validations/project.ts
FN:15,(anonymous_0)
FNF:1
FNH:0
FNDA:0,(anonymous_0)
DA:4,0
DA:17,0
LF:2
LH:0
BRF:0
BRH:0
end_of_record
TN:
SF:src/lib/validations/task.ts
FNF:0
FNH:0
DA:4,0
LF:1
LH:0
BRF:0
BRH:0
end_of_record
